16-03-11 10:00:44.668 [main] DEBUG org.mybatis.spring.SqlSessionFactoryBean - Parsed configuration file: 'class path resource [mybatis/sqlMapConfig.xml]'
16-03-11 10:00:44.731 [main] DEBUG org.mybatis.spring.SqlSessionFactoryBean - Parsed mapper file: 'file [/Users/zhanghong/Desktop/work/server/ikongtiao/ikongtiao-dao/target/classes/mybatis/ikongtiao/Accessory.xml]'
16-03-11 10:00:44.741 [main] DEBUG org.mybatis.spring.SqlSessionFactoryBean - Parsed mapper file: 'file [/Users/zhanghong/Desktop/work/server/ikongtiao/ikongtiao-dao/target/classes/mybatis/ikongtiao/Address.xml]'
16-03-11 10:00:44.757 [main] DEBUG org.mybatis.spring.SqlSessionFactoryBean - Parsed mapper file: 'file [/Users/zhanghong/Desktop/work/server/ikongtiao/ikongtiao-dao/target/classes/mybatis/ikongtiao/Admin.xml]'
16-03-11 10:00:44.765 [main] DEBUG org.mybatis.spring.SqlSessionFactoryBean - Parsed mapper file: 'file [/Users/zhanghong/Desktop/work/server/ikongtiao/ikongtiao-dao/target/classes/mybatis/ikongtiao/BusinessSettings.xml]'
16-03-11 10:00:44.774 [main] DEBUG org.mybatis.spring.SqlSessionFactoryBean - Parsed mapper file: 'file [/Users/zhanghong/Desktop/work/server/ikongtiao/ikongtiao-dao/target/classes/mybatis/ikongtiao/Comment.xml]'
16-03-11 10:00:44.797 [main] DEBUG org.mybatis.spring.SqlSessionFactoryBean - Parsed mapper file: 'file [/Users/zhanghong/Desktop/work/server/ikongtiao/ikongtiao-dao/target/classes/mybatis/ikongtiao/Fixer.xml]'
16-03-11 10:00:44.807 [main] DEBUG org.mybatis.spring.SqlSessionFactoryBean - Parsed mapper file: 'file [/Users/zhanghong/Desktop/work/server/ikongtiao/ikongtiao-dao/target/classes/mybatis/ikongtiao/FixerCertInfo.xml]'
16-03-11 10:00:44.819 [main] DEBUG org.mybatis.spring.SqlSessionFactoryBean - Parsed mapper file: 'file [/Users/zhanghong/Desktop/work/server/ikongtiao/ikongtiao-dao/target/classes/mybatis/ikongtiao/FixerDevice.xml]'
16-03-11 10:00:44.828 [main] DEBUG org.mybatis.spring.SqlSessionFactoryBean - Parsed mapper file: 'file [/Users/zhanghong/Desktop/work/server/ikongtiao/ikongtiao-dao/target/classes/mybatis/ikongtiao/FixerInsuranceInfo.xml]'
16-03-11 10:00:44.838 [main] DEBUG org.mybatis.spring.SqlSessionFactoryBean - Parsed mapper file: 'file [/Users/zhanghong/Desktop/work/server/ikongtiao/ikongtiao-dao/target/classes/mybatis/ikongtiao/FixerProfessionInfo.xml]'
16-03-11 10:00:44.844 [main] DEBUG org.mybatis.spring.SqlSessionFactoryBean - Parsed mapper file: 'file [/Users/zhanghong/Desktop/work/server/ikongtiao/ikongtiao-dao/target/classes/mybatis/ikongtiao/GetuiClientId.xml]'
16-03-11 10:00:44.864 [main] DEBUG org.mybatis.spring.SqlSessionFactoryBean - Parsed mapper file: 'file [/Users/zhanghong/Desktop/work/server/ikongtiao/ikongtiao-dao/target/classes/mybatis/ikongtiao/ImMessage.xml]'
16-03-11 10:00:44.884 [main] DEBUG org.mybatis.spring.SqlSessionFactoryBean - Parsed mapper file: 'file [/Users/zhanghong/Desktop/work/server/ikongtiao/ikongtiao-dao/target/classes/mybatis/ikongtiao/ImSession.xml]'
16-03-11 10:00:44.935 [main] DEBUG org.mybatis.spring.SqlSessionFactoryBean - Parsed mapper file: 'file [/Users/zhanghong/Desktop/work/server/ikongtiao/ikongtiao-dao/target/classes/mybatis/ikongtiao/ImToken.xml]'
16-03-11 10:00:44.949 [main] DEBUG org.mybatis.spring.SqlSessionFactoryBean - Parsed mapper file: 'file [/Users/zhanghong/Desktop/work/server/ikongtiao/ikongtiao-dao/target/classes/mybatis/ikongtiao/MachineType.xml]'
16-03-11 10:00:44.957 [main] DEBUG org.mybatis.spring.SqlSessionFactoryBean - Parsed mapper file: 'file [/Users/zhanghong/Desktop/work/server/ikongtiao/ikongtiao-dao/target/classes/mybatis/ikongtiao/MicroCode.xml]'
16-03-11 10:00:44.967 [main] DEBUG org.mybatis.spring.SqlSessionFactoryBean - Parsed mapper file: 'file [/Users/zhanghong/Desktop/work/server/ikongtiao/ikongtiao-dao/target/classes/mybatis/ikongtiao/Mission.xml]'
16-03-11 10:00:44.977 [main] DEBUG org.mybatis.spring.SqlSessionFactoryBean - Parsed mapper file: 'file [/Users/zhanghong/Desktop/work/server/ikongtiao/ikongtiao-dao/target/classes/mybatis/ikongtiao/MissionAddress.xml]'
16-03-11 10:00:44.985 [main] DEBUG org.mybatis.spring.SqlSessionFactoryBean - Parsed mapper file: 'file [/Users/zhanghong/Desktop/work/server/ikongtiao/ikongtiao-dao/target/classes/mybatis/ikongtiao/MissionImg.xml]'
16-03-11 10:00:44.992 [main] DEBUG org.mybatis.spring.SqlSessionFactoryBean - Parsed mapper file: 'file [/Users/zhanghong/Desktop/work/server/ikongtiao/ikongtiao-dao/target/classes/mybatis/ikongtiao/PaymentInfo.xml]'
16-03-11 10:00:45.003 [main] DEBUG org.mybatis.spring.SqlSessionFactoryBean - Parsed mapper file: 'file [/Users/zhanghong/Desktop/work/server/ikongtiao/ikongtiao-dao/target/classes/mybatis/ikongtiao/RepairOrder.xml]'
16-03-11 10:00:45.009 [main] DEBUG org.mybatis.spring.SqlSessionFactoryBean - Parsed mapper file: 'file [/Users/zhanghong/Desktop/work/server/ikongtiao/ikongtiao-dao/target/classes/mybatis/ikongtiao/RepairOrderAuditInfo.xml]'
16-03-11 10:00:45.013 [main] DEBUG org.mybatis.spring.SqlSessionFactoryBean - Parsed mapper file: 'file [/Users/zhanghong/Desktop/work/server/ikongtiao/ikongtiao-dao/target/classes/mybatis/ikongtiao/Sequence.xml]'
16-03-11 10:00:45.019 [main] DEBUG org.mybatis.spring.SqlSessionFactoryBean - Parsed mapper file: 'file [/Users/zhanghong/Desktop/work/server/ikongtiao/ikongtiao-dao/target/classes/mybatis/ikongtiao/SystemParam.xml]'
16-03-11 10:00:45.026 [main] DEBUG org.mybatis.spring.SqlSessionFactoryBean - Parsed mapper file: 'file [/Users/zhanghong/Desktop/work/server/ikongtiao/ikongtiao-dao/target/classes/mybatis/ikongtiao/UserAuthAction.xml]'
16-03-11 10:00:45.035 [main] DEBUG org.mybatis.spring.SqlSessionFactoryBean - Parsed mapper file: 'file [/Users/zhanghong/Desktop/work/server/ikongtiao/ikongtiao-dao/target/classes/mybatis/ikongtiao/UserInfo.xml]'
16-03-11 10:00:45.042 [main] DEBUG org.mybatis.spring.SqlSessionFactoryBean - Parsed mapper file: 'file [/Users/zhanghong/Desktop/work/server/ikongtiao/ikongtiao-dao/target/classes/mybatis/ikongtiao/WechatPublicAccount.xml]'
16-03-11 10:00:45.052 [main] DEBUG org.mybatis.spring.SqlSessionFactoryBean - Parsed mapper file: 'file [/Users/zhanghong/Desktop/work/server/ikongtiao/ikongtiao-dao/target/classes/mybatis/ikongtiao-mix/MissionDto.xml]'
16-03-11 10:00:45.063 [main] DEBUG org.mybatis.spring.SqlSessionFactoryBean - Parsed mapper file: 'file [/Users/zhanghong/Desktop/work/server/ikongtiao/ikongtiao-dao/target/classes/mybatis/ikongtiao-mix/UserInfoDto.xml]'
16-03-11 10:00:46.405 [main] DEBUG org.mybatis.spring.SqlSessionUtils - Creating a new SqlSession
16-03-11 10:00:46.409 [main] DEBUG org.mybatis.spring.SqlSessionUtils - SqlSession [org.apache.ibatis.session.defaults.DefaultSqlSession@499683c4] was not registered for synchronization because synchronization is not active
16-03-11 10:00:46.813 [main] DEBUG org.mybatis.spring.transaction.SpringManagedTransaction - JDBC Connection [com.mchange.v2.c3p0.impl.NewProxyConnection@5e746d37] will not be managed by Spring
16-03-11 10:00:46.858 [main] DEBUG org.mybatis.spring.SqlSessionUtils - Closing non transactional SqlSession [org.apache.ibatis.session.defaults.DefaultSqlSession@499683c4]
16-03-11 10:00:46.860 [main] DEBUG org.mybatis.spring.SqlSessionUtils - Creating a new SqlSession
16-03-11 10:00:46.861 [main] DEBUG org.mybatis.spring.SqlSessionUtils - SqlSession [org.apache.ibatis.session.defaults.DefaultSqlSession@701bc94e] was not registered for synchronization because synchronization is not active
16-03-11 10:00:46.861 [main] DEBUG org.mybatis.spring.transaction.SpringManagedTransaction - JDBC Connection [com.mchange.v2.c3p0.impl.NewProxyConnection@27a97e08] will not be managed by Spring
16-03-11 10:00:46.867 [main] DEBUG org.mybatis.spring.SqlSessionUtils - Closing non transactional SqlSession [org.apache.ibatis.session.defaults.DefaultSqlSession@701bc94e]
16-03-11 10:02:09.466 [main] DEBUG org.mybatis.spring.SqlSessionFactoryBean - Parsed configuration file: 'class path resource [mybatis/sqlMapConfig.xml]'
16-03-11 10:02:09.524 [main] DEBUG org.mybatis.spring.SqlSessionFactoryBean - Parsed mapper file: 'file [/Users/zhanghong/Desktop/work/server/ikongtiao/ikongtiao-dao/target/classes/mybatis/ikongtiao/Accessory.xml]'
16-03-11 10:02:09.536 [main] DEBUG org.mybatis.spring.SqlSessionFactoryBean - Parsed mapper file: 'file [/Users/zhanghong/Desktop/work/server/ikongtiao/ikongtiao-dao/target/classes/mybatis/ikongtiao/Address.xml]'
16-03-11 10:02:09.552 [main] DEBUG org.mybatis.spring.SqlSessionFactoryBean - Parsed mapper file: 'file [/Users/zhanghong/Desktop/work/server/ikongtiao/ikongtiao-dao/target/classes/mybatis/ikongtiao/Admin.xml]'
16-03-11 10:02:09.560 [main] DEBUG org.mybatis.spring.SqlSessionFactoryBean - Parsed mapper file: 'file [/Users/zhanghong/Desktop/work/server/ikongtiao/ikongtiao-dao/target/classes/mybatis/ikongtiao/BusinessSettings.xml]'
16-03-11 10:02:09.569 [main] DEBUG org.mybatis.spring.SqlSessionFactoryBean - Parsed mapper file: 'file [/Users/zhanghong/Desktop/work/server/ikongtiao/ikongtiao-dao/target/classes/mybatis/ikongtiao/Comment.xml]'
16-03-11 10:02:09.591 [main] DEBUG org.mybatis.spring.SqlSessionFactoryBean - Parsed mapper file: 'file [/Users/zhanghong/Desktop/work/server/ikongtiao/ikongtiao-dao/target/classes/mybatis/ikongtiao/Fixer.xml]'
16-03-11 10:02:09.601 [main] DEBUG org.mybatis.spring.SqlSessionFactoryBean - Parsed mapper file: 'file [/Users/zhanghong/Desktop/work/server/ikongtiao/ikongtiao-dao/target/classes/mybatis/ikongtiao/FixerCertInfo.xml]'
16-03-11 10:02:09.611 [main] DEBUG org.mybatis.spring.SqlSessionFactoryBean - Parsed mapper file: 'file [/Users/zhanghong/Desktop/work/server/ikongtiao/ikongtiao-dao/target/classes/mybatis/ikongtiao/FixerDevice.xml]'
16-03-11 10:02:09.619 [main] DEBUG org.mybatis.spring.SqlSessionFactoryBean - Parsed mapper file: 'file [/Users/zhanghong/Desktop/work/server/ikongtiao/ikongtiao-dao/target/classes/mybatis/ikongtiao/FixerInsuranceInfo.xml]'
16-03-11 10:02:09.630 [main] DEBUG org.mybatis.spring.SqlSessionFactoryBean - Parsed mapper file: 'file [/Users/zhanghong/Desktop/work/server/ikongtiao/ikongtiao-dao/target/classes/mybatis/ikongtiao/FixerProfessionInfo.xml]'
16-03-11 10:02:09.640 [main] DEBUG org.mybatis.spring.SqlSessionFactoryBean - Parsed mapper file: 'file [/Users/zhanghong/Desktop/work/server/ikongtiao/ikongtiao-dao/target/classes/mybatis/ikongtiao/GetuiClientId.xml]'
16-03-11 10:02:09.651 [main] DEBUG org.mybatis.spring.SqlSessionFactoryBean - Parsed mapper file: 'file [/Users/zhanghong/Desktop/work/server/ikongtiao/ikongtiao-dao/target/classes/mybatis/ikongtiao/ImMessage.xml]'
16-03-11 10:02:09.668 [main] DEBUG org.mybatis.spring.SqlSessionFactoryBean - Parsed mapper file: 'file [/Users/zhanghong/Desktop/work/server/ikongtiao/ikongtiao-dao/target/classes/mybatis/ikongtiao/ImSession.xml]'
16-03-11 10:02:09.677 [main] DEBUG org.mybatis.spring.SqlSessionFactoryBean - Parsed mapper file: 'file [/Users/zhanghong/Desktop/work/server/ikongtiao/ikongtiao-dao/target/classes/mybatis/ikongtiao/ImToken.xml]'
16-03-11 10:02:09.724 [main] DEBUG org.mybatis.spring.SqlSessionFactoryBean - Parsed mapper file: 'file [/Users/zhanghong/Desktop/work/server/ikongtiao/ikongtiao-dao/target/classes/mybatis/ikongtiao/MachineType.xml]'
16-03-11 10:02:09.732 [main] DEBUG org.mybatis.spring.SqlSessionFactoryBean - Parsed mapper file: 'file [/Users/zhanghong/Desktop/work/server/ikongtiao/ikongtiao-dao/target/classes/mybatis/ikongtiao/MicroCode.xml]'
16-03-11 10:02:09.742 [main] DEBUG org.mybatis.spring.SqlSessionFactoryBean - Parsed mapper file: 'file [/Users/zhanghong/Desktop/work/server/ikongtiao/ikongtiao-dao/target/classes/mybatis/ikongtiao/Mission.xml]'
16-03-11 10:02:09.749 [main] DEBUG org.mybatis.spring.SqlSessionFactoryBean - Parsed mapper file: 'file [/Users/zhanghong/Desktop/work/server/ikongtiao/ikongtiao-dao/target/classes/mybatis/ikongtiao/MissionAddress.xml]'
16-03-11 10:02:09.756 [main] DEBUG org.mybatis.spring.SqlSessionFactoryBean - Parsed mapper file: 'file [/Users/zhanghong/Desktop/work/server/ikongtiao/ikongtiao-dao/target/classes/mybatis/ikongtiao/MissionImg.xml]'
16-03-11 10:02:09.762 [main] DEBUG org.mybatis.spring.SqlSessionFactoryBean - Parsed mapper file: 'file [/Users/zhanghong/Desktop/work/server/ikongtiao/ikongtiao-dao/target/classes/mybatis/ikongtiao/PaymentInfo.xml]'
16-03-11 10:02:09.772 [main] DEBUG org.mybatis.spring.SqlSessionFactoryBean - Parsed mapper file: 'file [/Users/zhanghong/Desktop/work/server/ikongtiao/ikongtiao-dao/target/classes/mybatis/ikongtiao/RepairOrder.xml]'
16-03-11 10:02:09.776 [main] DEBUG org.mybatis.spring.SqlSessionFactoryBean - Parsed mapper file: 'file [/Users/zhanghong/Desktop/work/server/ikongtiao/ikongtiao-dao/target/classes/mybatis/ikongtiao/RepairOrderAuditInfo.xml]'
16-03-11 10:02:09.779 [main] DEBUG org.mybatis.spring.SqlSessionFactoryBean - Parsed mapper file: 'file [/Users/zhanghong/Desktop/work/server/ikongtiao/ikongtiao-dao/target/classes/mybatis/ikongtiao/Sequence.xml]'
16-03-11 10:02:09.784 [main] DEBUG org.mybatis.spring.SqlSessionFactoryBean - Parsed mapper file: 'file [/Users/zhanghong/Desktop/work/server/ikongtiao/ikongtiao-dao/target/classes/mybatis/ikongtiao/SystemParam.xml]'
16-03-11 10:02:09.789 [main] DEBUG org.mybatis.spring.SqlSessionFactoryBean - Parsed mapper file: 'file [/Users/zhanghong/Desktop/work/server/ikongtiao/ikongtiao-dao/target/classes/mybatis/ikongtiao/UserAuthAction.xml]'
16-03-11 10:02:09.798 [main] DEBUG org.mybatis.spring.SqlSessionFactoryBean - Parsed mapper file: 'file [/Users/zhanghong/Desktop/work/server/ikongtiao/ikongtiao-dao/target/classes/mybatis/ikongtiao/UserInfo.xml]'
16-03-11 10:02:09.803 [main] DEBUG org.mybatis.spring.SqlSessionFactoryBean - Parsed mapper file: 'file [/Users/zhanghong/Desktop/work/server/ikongtiao/ikongtiao-dao/target/classes/mybatis/ikongtiao/WechatPublicAccount.xml]'
16-03-11 10:02:09.811 [main] DEBUG org.mybatis.spring.SqlSessionFactoryBean - Parsed mapper file: 'file [/Users/zhanghong/Desktop/work/server/ikongtiao/ikongtiao-dao/target/classes/mybatis/ikongtiao-mix/MissionDto.xml]'
16-03-11 10:02:09.817 [main] DEBUG org.mybatis.spring.SqlSessionFactoryBean - Parsed mapper file: 'file [/Users/zhanghong/Desktop/work/server/ikongtiao/ikongtiao-dao/target/classes/mybatis/ikongtiao-mix/UserInfoDto.xml]'
16-03-11 10:02:10.099 [main] DEBUG org.mybatis.spring.SqlSessionUtils - Creating a new SqlSession
16-03-11 10:02:10.103 [main] DEBUG org.mybatis.spring.SqlSessionUtils - SqlSession [org.apache.ibatis.session.defaults.DefaultSqlSession@396e6d9] was not registered for synchronization because synchronization is not active
16-03-11 10:02:10.430 [main] DEBUG org.mybatis.spring.transaction.SpringManagedTransaction - JDBC Connection [com.mchange.v2.c3p0.impl.NewProxyConnection@2324bfe7] will not be managed by Spring
16-03-11 10:02:10.461 [main] DEBUG org.mybatis.spring.SqlSessionUtils - Closing non transactional SqlSession [org.apache.ibatis.session.defaults.DefaultSqlSession@396e6d9]
16-03-11 10:02:10.463 [main] DEBUG org.mybatis.spring.SqlSessionUtils - Creating a new SqlSession
16-03-11 10:02:10.463 [main] DEBUG org.mybatis.spring.SqlSessionUtils - SqlSession [org.apache.ibatis.session.defaults.DefaultSqlSession@5918c260] was not registered for synchronization because synchronization is not active
16-03-11 10:02:10.463 [main] DEBUG org.mybatis.spring.transaction.SpringManagedTransaction - JDBC Connection [com.mchange.v2.c3p0.impl.NewProxyConnection@51ce6f85] will not be managed by Spring
16-03-11 10:02:10.468 [main] DEBUG org.mybatis.spring.SqlSessionUtils - Closing non transactional SqlSession [org.apache.ibatis.session.defaults.DefaultSqlSession@5918c260]
16-03-11 10:02:57.990 [main] DEBUG org.mybatis.spring.SqlSessionFactoryBean - Parsed configuration file: 'class path resource [mybatis/sqlMapConfig.xml]'
16-03-11 10:02:58.045 [main] DEBUG org.mybatis.spring.SqlSessionFactoryBean - Parsed mapper file: 'file [/Users/zhanghong/Desktop/work/server/ikongtiao/ikongtiao-dao/target/classes/mybatis/ikongtiao/Accessory.xml]'
16-03-11 10:02:58.057 [main] DEBUG org.mybatis.spring.SqlSessionFactoryBean - Parsed mapper file: 'file [/Users/zhanghong/Desktop/work/server/ikongtiao/ikongtiao-dao/target/classes/mybatis/ikongtiao/Address.xml]'
16-03-11 10:02:58.074 [main] DEBUG org.mybatis.spring.SqlSessionFactoryBean - Parsed mapper file: 'file [/Users/zhanghong/Desktop/work/server/ikongtiao/ikongtiao-dao/target/classes/mybatis/ikongtiao/Admin.xml]'
16-03-11 10:02:58.083 [main] DEBUG org.mybatis.spring.SqlSessionFactoryBean - Parsed mapper file: 'file [/Users/zhanghong/Desktop/work/server/ikongtiao/ikongtiao-dao/target/classes/mybatis/ikongtiao/BusinessSettings.xml]'
16-03-11 10:02:58.093 [main] DEBUG org.mybatis.spring.SqlSessionFactoryBean - Parsed mapper file: 'file [/Users/zhanghong/Desktop/work/server/ikongtiao/ikongtiao-dao/target/classes/mybatis/ikongtiao/Comment.xml]'
16-03-11 10:02:58.116 [main] DEBUG org.mybatis.spring.SqlSessionFactoryBean - Parsed mapper file: 'file [/Users/zhanghong/Desktop/work/server/ikongtiao/ikongtiao-dao/target/classes/mybatis/ikongtiao/Fixer.xml]'
16-03-11 10:02:58.125 [main] DEBUG org.mybatis.spring.SqlSessionFactoryBean - Parsed mapper file: 'file [/Users/zhanghong/Desktop/work/server/ikongtiao/ikongtiao-dao/target/classes/mybatis/ikongtiao/FixerCertInfo.xml]'
16-03-11 10:02:58.134 [main] DEBUG org.mybatis.spring.SqlSessionFactoryBean - Parsed mapper file: 'file [/Users/zhanghong/Desktop/work/server/ikongtiao/ikongtiao-dao/target/classes/mybatis/ikongtiao/FixerDevice.xml]'
16-03-11 10:02:58.143 [main] DEBUG org.mybatis.spring.SqlSessionFactoryBean - Parsed mapper file: 'file [/Users/zhanghong/Desktop/work/server/ikongtiao/ikongtiao-dao/target/classes/mybatis/ikongtiao/FixerInsuranceInfo.xml]'
16-03-11 10:02:58.150 [main] DEBUG org.mybatis.spring.SqlSessionFactoryBean - Parsed mapper file: 'file [/Users/zhanghong/Desktop/work/server/ikongtiao/ikongtiao-dao/target/classes/mybatis/ikongtiao/FixerProfessionInfo.xml]'
16-03-11 10:02:58.157 [main] DEBUG org.mybatis.spring.SqlSessionFactoryBean - Parsed mapper file: 'file [/Users/zhanghong/Desktop/work/server/ikongtiao/ikongtiao-dao/target/classes/mybatis/ikongtiao/GetuiClientId.xml]'
16-03-11 10:02:58.167 [main] DEBUG org.mybatis.spring.SqlSessionFactoryBean - Parsed mapper file: 'file [/Users/zhanghong/Desktop/work/server/ikongtiao/ikongtiao-dao/target/classes/mybatis/ikongtiao/ImMessage.xml]'
16-03-11 10:02:58.184 [main] DEBUG org.mybatis.spring.SqlSessionFactoryBean - Parsed mapper file: 'file [/Users/zhanghong/Desktop/work/server/ikongtiao/ikongtiao-dao/target/classes/mybatis/ikongtiao/ImSession.xml]'
16-03-11 10:02:58.228 [main] DEBUG org.mybatis.spring.SqlSessionFactoryBean - Parsed mapper file: 'file [/Users/zhanghong/Desktop/work/server/ikongtiao/ikongtiao-dao/target/classes/mybatis/ikongtiao/ImToken.xml]'
16-03-11 10:02:58.236 [main] DEBUG org.mybatis.spring.SqlSessionFactoryBean - Parsed mapper file: 'file [/Users/zhanghong/Desktop/work/server/ikongtiao/ikongtiao-dao/target/classes/mybatis/ikongtiao/MachineType.xml]'
16-03-11 10:02:58.243 [main] DEBUG org.mybatis.spring.SqlSessionFactoryBean - Parsed mapper file: 'file [/Users/zhanghong/Desktop/work/server/ikongtiao/ikongtiao-dao/target/classes/mybatis/ikongtiao/MicroCode.xml]'
16-03-11 10:02:58.251 [main] DEBUG org.mybatis.spring.SqlSessionFactoryBean - Parsed mapper file: 'file [/Users/zhanghong/Desktop/work/server/ikongtiao/ikongtiao-dao/target/classes/mybatis/ikongtiao/Mission.xml]'
16-03-11 10:02:58.259 [main] DEBUG org.mybatis.spring.SqlSessionFactoryBean - Parsed mapper file: 'file [/Users/zhanghong/Desktop/work/server/ikongtiao/ikongtiao-dao/target/classes/mybatis/ikongtiao/MissionAddress.xml]'
16-03-11 10:02:58.266 [main] DEBUG org.mybatis.spring.SqlSessionFactoryBean - Parsed mapper file: 'file [/Users/zhanghong/Desktop/work/server/ikongtiao/ikongtiao-dao/target/classes/mybatis/ikongtiao/MissionImg.xml]'
16-03-11 10:02:58.272 [main] DEBUG org.mybatis.spring.SqlSessionFactoryBean - Parsed mapper file: 'file [/Users/zhanghong/Desktop/work/server/ikongtiao/ikongtiao-dao/target/classes/mybatis/ikongtiao/PaymentInfo.xml]'
16-03-11 10:02:58.280 [main] DEBUG org.mybatis.spring.SqlSessionFactoryBean - Parsed mapper file: 'file [/Users/zhanghong/Desktop/work/server/ikongtiao/ikongtiao-dao/target/classes/mybatis/ikongtiao/RepairOrder.xml]'
16-03-11 10:02:58.284 [main] DEBUG org.mybatis.spring.SqlSessionFactoryBean - Parsed mapper file: 'file [/Users/zhanghong/Desktop/work/server/ikongtiao/ikongtiao-dao/target/classes/mybatis/ikongtiao/RepairOrderAuditInfo.xml]'
16-03-11 10:02:58.287 [main] DEBUG org.mybatis.spring.SqlSessionFactoryBean - Parsed mapper file: 'file [/Users/zhanghong/Desktop/work/server/ikongtiao/ikongtiao-dao/target/classes/mybatis/ikongtiao/Sequence.xml]'
16-03-11 10:02:58.291 [main] DEBUG org.mybatis.spring.SqlSessionFactoryBean - Parsed mapper file: 'file [/Users/zhanghong/Desktop/work/server/ikongtiao/ikongtiao-dao/target/classes/mybatis/ikongtiao/SystemParam.xml]'
16-03-11 10:02:58.297 [main] DEBUG org.mybatis.spring.SqlSessionFactoryBean - Parsed mapper file: 'file [/Users/zhanghong/Desktop/work/server/ikongtiao/ikongtiao-dao/target/classes/mybatis/ikongtiao/UserAuthAction.xml]'
16-03-11 10:02:58.304 [main] DEBUG org.mybatis.spring.SqlSessionFactoryBean - Parsed mapper file: 'file [/Users/zhanghong/Desktop/work/server/ikongtiao/ikongtiao-dao/target/classes/mybatis/ikongtiao/UserInfo.xml]'
16-03-11 10:02:58.309 [main] DEBUG org.mybatis.spring.SqlSessionFactoryBean - Parsed mapper file: 'file [/Users/zhanghong/Desktop/work/server/ikongtiao/ikongtiao-dao/target/classes/mybatis/ikongtiao/WechatPublicAccount.xml]'
16-03-11 10:02:58.317 [main] DEBUG org.mybatis.spring.SqlSessionFactoryBean - Parsed mapper file: 'file [/Users/zhanghong/Desktop/work/server/ikongtiao/ikongtiao-dao/target/classes/mybatis/ikongtiao-mix/MissionDto.xml]'
16-03-11 10:02:58.329 [main] DEBUG org.mybatis.spring.SqlSessionFactoryBean - Parsed mapper file: 'file [/Users/zhanghong/Desktop/work/server/ikongtiao/ikongtiao-dao/target/classes/mybatis/ikongtiao-mix/UserInfoDto.xml]'
16-03-11 10:02:58.633 [main] DEBUG org.mybatis.spring.SqlSessionUtils - Creating a new SqlSession
16-03-11 10:02:58.638 [main] DEBUG org.mybatis.spring.SqlSessionUtils - SqlSession [org.apache.ibatis.session.defaults.DefaultSqlSession@95bb2a2] was not registered for synchronization because synchronization is not active
16-03-11 10:02:58.970 [main] DEBUG org.mybatis.spring.transaction.SpringManagedTransaction - JDBC Connection [com.mchange.v2.c3p0.impl.NewProxyConnection@2015b2cd] will not be managed by Spring
16-03-11 10:02:59.002 [main] DEBUG org.mybatis.spring.SqlSessionUtils - Closing non transactional SqlSession [org.apache.ibatis.session.defaults.DefaultSqlSession@95bb2a2]
16-03-11 10:02:59.003 [main] DEBUG org.mybatis.spring.SqlSessionUtils - Creating a new SqlSession
16-03-11 10:02:59.003 [main] DEBUG org.mybatis.spring.SqlSessionUtils - SqlSession [org.apache.ibatis.session.defaults.DefaultSqlSession@633a2e99] was not registered for synchronization because synchronization is not active
16-03-11 10:02:59.004 [main] DEBUG org.mybatis.spring.transaction.SpringManagedTransaction - JDBC Connection [com.mchange.v2.c3p0.impl.NewProxyConnection@5b84f14] will not be managed by Spring
16-03-11 10:02:59.012 [main] DEBUG org.mybatis.spring.SqlSessionUtils - Closing non transactional SqlSession [org.apache.ibatis.session.defaults.DefaultSqlSession@633a2e99]
16-03-11 10:03:00.734 [main] DEBUG org.mybatis.spring.SqlSessionUtils - Creating a new SqlSession
16-03-11 10:03:00.734 [main] DEBUG org.mybatis.spring.SqlSessionUtils - SqlSession [org.apache.ibatis.session.defaults.DefaultSqlSession@79afa369] was not registered for synchronization because synchronization is not active
16-03-11 10:03:00.762 [main] DEBUG org.mybatis.spring.SqlSessionUtils - Closing non transactional SqlSession [org.apache.ibatis.session.defaults.DefaultSqlSession@79afa369]
16-03-11 10:06:07.673 [main] DEBUG org.mybatis.spring.SqlSessionFactoryBean - Parsed configuration file: 'class path resource [mybatis/sqlMapConfig.xml]'
16-03-11 10:06:07.728 [main] DEBUG org.mybatis.spring.SqlSessionFactoryBean - Parsed mapper file: 'file [/Users/zhanghong/Desktop/work/server/ikongtiao/ikongtiao-dao/target/classes/mybatis/ikongtiao/Accessory.xml]'
16-03-11 10:06:07.739 [main] DEBUG org.mybatis.spring.SqlSessionFactoryBean - Parsed mapper file: 'file [/Users/zhanghong/Desktop/work/server/ikongtiao/ikongtiao-dao/target/classes/mybatis/ikongtiao/Address.xml]'
16-03-11 10:06:07.754 [main] DEBUG org.mybatis.spring.SqlSessionFactoryBean - Parsed mapper file: 'file [/Users/zhanghong/Desktop/work/server/ikongtiao/ikongtiao-dao/target/classes/mybatis/ikongtiao/Admin.xml]'
16-03-11 10:06:07.760 [main] DEBUG org.mybatis.spring.SqlSessionFactoryBean - Parsed mapper file: 'file [/Users/zhanghong/Desktop/work/server/ikongtiao/ikongtiao-dao/target/classes/mybatis/ikongtiao/BusinessSettings.xml]'
16-03-11 10:06:07.771 [main] DEBUG org.mybatis.spring.SqlSessionFactoryBean - Parsed mapper file: 'file [/Users/zhanghong/Desktop/work/server/ikongtiao/ikongtiao-dao/target/classes/mybatis/ikongtiao/Comment.xml]'
16-03-11 10:06:07.792 [main] DEBUG org.mybatis.spring.SqlSessionFactoryBean - Parsed mapper file: 'file [/Users/zhanghong/Desktop/work/server/ikongtiao/ikongtiao-dao/target/classes/mybatis/ikongtiao/Fixer.xml]'
16-03-11 10:06:07.802 [main] DEBUG org.mybatis.spring.SqlSessionFactoryBean - Parsed mapper file: 'file [/Users/zhanghong/Desktop/work/server/ikongtiao/ikongtiao-dao/target/classes/mybatis/ikongtiao/FixerCertInfo.xml]'
16-03-11 10:06:07.812 [main] DEBUG org.mybatis.spring.SqlSessionFactoryBean - Parsed mapper file: 'file [/Users/zhanghong/Desktop/work/server/ikongtiao/ikongtiao-dao/target/classes/mybatis/ikongtiao/FixerDevice.xml]'
16-03-11 10:06:07.821 [main] DEBUG org.mybatis.spring.SqlSessionFactoryBean - Parsed mapper file: 'file [/Users/zhanghong/Desktop/work/server/ikongtiao/ikongtiao-dao/target/classes/mybatis/ikongtiao/FixerInsuranceInfo.xml]'
16-03-11 10:06:07.830 [main] DEBUG org.mybatis.spring.SqlSessionFactoryBean - Parsed mapper file: 'file [/Users/zhanghong/Desktop/work/server/ikongtiao/ikongtiao-dao/target/classes/mybatis/ikongtiao/FixerProfessionInfo.xml]'
16-03-11 10:06:07.837 [main] DEBUG org.mybatis.spring.SqlSessionFactoryBean - Parsed mapper file: 'file [/Users/zhanghong/Desktop/work/server/ikongtiao/ikongtiao-dao/target/classes/mybatis/ikongtiao/GetuiClientId.xml]'
16-03-11 10:06:07.846 [main] DEBUG org.mybatis.spring.SqlSessionFactoryBean - Parsed mapper file: 'file [/Users/zhanghong/Desktop/work/server/ikongtiao/ikongtiao-dao/target/classes/mybatis/ikongtiao/ImMessage.xml]'
16-03-11 10:06:07.863 [main] DEBUG org.mybatis.spring.SqlSessionFactoryBean - Parsed mapper file: 'file [/Users/zhanghong/Desktop/work/server/ikongtiao/ikongtiao-dao/target/classes/mybatis/ikongtiao/ImSession.xml]'
16-03-11 10:06:07.907 [main] DEBUG org.mybatis.spring.SqlSessionFactoryBean - Parsed mapper file: 'file [/Users/zhanghong/Desktop/work/server/ikongtiao/ikongtiao-dao/target/classes/mybatis/ikongtiao/ImToken.xml]'
16-03-11 10:06:07.915 [main] DEBUG org.mybatis.spring.SqlSessionFactoryBean - Parsed mapper file: 'file [/Users/zhanghong/Desktop/work/server/ikongtiao/ikongtiao-dao/target/classes/mybatis/ikongtiao/MachineType.xml]'
16-03-11 10:06:07.923 [main] DEBUG org.mybatis.spring.SqlSessionFactoryBean - Parsed mapper file: 'file [/Users/zhanghong/Desktop/work/server/ikongtiao/ikongtiao-dao/target/classes/mybatis/ikongtiao/MicroCode.xml]'
16-03-11 10:06:07.932 [main] DEBUG org.mybatis.spring.SqlSessionFactoryBean - Parsed mapper file: 'file [/Users/zhanghong/Desktop/work/server/ikongtiao/ikongtiao-dao/target/classes/mybatis/ikongtiao/Mission.xml]'
16-03-11 10:06:07.940 [main] DEBUG org.mybatis.spring.SqlSessionFactoryBean - Parsed mapper file: 'file [/Users/zhanghong/Desktop/work/server/ikongtiao/ikongtiao-dao/target/classes/mybatis/ikongtiao/MissionAddress.xml]'
16-03-11 10:06:07.946 [main] DEBUG org.mybatis.spring.SqlSessionFactoryBean - Parsed mapper file: 'file [/Users/zhanghong/Desktop/work/server/ikongtiao/ikongtiao-dao/target/classes/mybatis/ikongtiao/MissionImg.xml]'
16-03-11 10:06:07.952 [main] DEBUG org.mybatis.spring.SqlSessionFactoryBean - Parsed mapper file: 'file [/Users/zhanghong/Desktop/work/server/ikongtiao/ikongtiao-dao/target/classes/mybatis/ikongtiao/PaymentInfo.xml]'
16-03-11 10:06:07.960 [main] DEBUG org.mybatis.spring.SqlSessionFactoryBean - Parsed mapper file: 'file [/Users/zhanghong/Desktop/work/server/ikongtiao/ikongtiao-dao/target/classes/mybatis/ikongtiao/RepairOrder.xml]'
16-03-11 10:06:07.965 [main] DEBUG org.mybatis.spring.SqlSessionFactoryBean - Parsed mapper file: 'file [/Users/zhanghong/Desktop/work/server/ikongtiao/ikongtiao-dao/target/classes/mybatis/ikongtiao/RepairOrderAuditInfo.xml]'
16-03-11 10:06:07.968 [main] DEBUG org.mybatis.spring.SqlSessionFactoryBean - Parsed mapper file: 'file [/Users/zhanghong/Desktop/work/server/ikongtiao/ikongtiao-dao/target/classes/mybatis/ikongtiao/Sequence.xml]'
16-03-11 10:06:07.973 [main] DEBUG org.mybatis.spring.SqlSessionFactoryBean - Parsed mapper file: 'file [/Users/zhanghong/Desktop/work/server/ikongtiao/ikongtiao-dao/target/classes/mybatis/ikongtiao/SystemParam.xml]'
16-03-11 10:06:07.979 [main] DEBUG org.mybatis.spring.SqlSessionFactoryBean - Parsed mapper file: 'file [/Users/zhanghong/Desktop/work/server/ikongtiao/ikongtiao-dao/target/classes/mybatis/ikongtiao/UserAuthAction.xml]'
16-03-11 10:06:07.988 [main] DEBUG org.mybatis.spring.SqlSessionFactoryBean - Parsed mapper file: 'file [/Users/zhanghong/Desktop/work/server/ikongtiao/ikongtiao-dao/target/classes/mybatis/ikongtiao/UserInfo.xml]'
16-03-11 10:06:07.993 [main] DEBUG org.mybatis.spring.SqlSessionFactoryBean - Parsed mapper file: 'file [/Users/zhanghong/Desktop/work/server/ikongtiao/ikongtiao-dao/target/classes/mybatis/ikongtiao/WechatPublicAccount.xml]'
16-03-11 10:06:08.005 [main] DEBUG org.mybatis.spring.SqlSessionFactoryBean - Parsed mapper file: 'file [/Users/zhanghong/Desktop/work/server/ikongtiao/ikongtiao-dao/target/classes/mybatis/ikongtiao-mix/MissionDto.xml]'
16-03-11 10:06:08.012 [main] DEBUG org.mybatis.spring.SqlSessionFactoryBean - Parsed mapper file: 'file [/Users/zhanghong/Desktop/work/server/ikongtiao/ikongtiao-dao/target/classes/mybatis/ikongtiao-mix/UserInfoDto.xml]'
16-03-11 10:06:08.336 [main] DEBUG org.mybatis.spring.SqlSessionUtils - Creating a new SqlSession
16-03-11 10:06:08.342 [main] DEBUG org.mybatis.spring.SqlSessionUtils - SqlSession [org.apache.ibatis.session.defaults.DefaultSqlSession@95bb2a2] was not registered for synchronization because synchronization is not active
16-03-11 10:06:08.696 [main] DEBUG org.mybatis.spring.transaction.SpringManagedTransaction - JDBC Connection [com.mchange.v2.c3p0.impl.NewProxyConnection@2015b2cd] will not be managed by Spring
16-03-11 10:06:08.730 [main] DEBUG org.mybatis.spring.SqlSessionUtils - Closing non transactional SqlSession [org.apache.ibatis.session.defaults.DefaultSqlSession@95bb2a2]
16-03-11 10:06:08.732 [main] DEBUG org.mybatis.spring.SqlSessionUtils - Creating a new SqlSession
16-03-11 10:06:08.732 [main] DEBUG org.mybatis.spring.SqlSessionUtils - SqlSession [org.apache.ibatis.session.defaults.DefaultSqlSession@633a2e99] was not registered for synchronization because synchronization is not active
16-03-11 10:06:08.732 [main] DEBUG org.mybatis.spring.transaction.SpringManagedTransaction - JDBC Connection [com.mchange.v2.c3p0.impl.NewProxyConnection@5b84f14] will not be managed by Spring
16-03-11 10:06:08.738 [main] DEBUG org.mybatis.spring.SqlSessionUtils - Closing non transactional SqlSession [org.apache.ibatis.session.defaults.DefaultSqlSession@633a2e99]
16-03-11 10:06:10.108 [main] DEBUG org.mybatis.spring.SqlSessionUtils - Creating a new SqlSession
16-03-11 10:06:10.108 [main] DEBUG org.mybatis.spring.SqlSessionUtils - SqlSession [org.apache.ibatis.session.defaults.DefaultSqlSession@79afa369] was not registered for synchronization because synchronization is not active
16-03-11 10:06:10.134 [main] DEBUG org.mybatis.spring.transaction.SpringManagedTransaction - JDBC Connection [com.mchange.v2.c3p0.impl.NewProxyConnection@1ac730cd] will not be managed by Spring
16-03-11 10:06:10.140 [main] DEBUG org.mybatis.spring.SqlSessionUtils - Closing non transactional SqlSession [org.apache.ibatis.session.defaults.DefaultSqlSession@79afa369]
16-03-11 10:06:10.141 [main] DEBUG org.mybatis.spring.SqlSessionUtils - Creating a new SqlSession
16-03-11 10:06:10.141 [main] DEBUG org.mybatis.spring.SqlSessionUtils - SqlSession [org.apache.ibatis.session.defaults.DefaultSqlSession@57e5396b] was not registered for synchronization because synchronization is not active
16-03-11 10:06:10.142 [main] DEBUG org.mybatis.spring.transaction.SpringManagedTransaction - JDBC Connection [com.mchange.v2.c3p0.impl.NewProxyConnection@6467ddc7] will not be managed by Spring
16-03-11 10:06:10.152 [main] DEBUG org.mybatis.spring.SqlSessionUtils - Closing non transactional SqlSession [org.apache.ibatis.session.defaults.DefaultSqlSession@57e5396b]
16-03-11 10:08:22.836 [main] DEBUG org.mybatis.spring.SqlSessionFactoryBean - Parsed configuration file: 'class path resource [mybatis/sqlMapConfig.xml]'
16-03-11 10:08:22.896 [main] DEBUG org.mybatis.spring.SqlSessionFactoryBean - Parsed mapper file: 'file [/Users/zhanghong/Desktop/work/server/ikongtiao/ikongtiao-dao/target/classes/mybatis/ikongtiao/Accessory.xml]'
16-03-11 10:08:22.908 [main] DEBUG org.mybatis.spring.SqlSessionFactoryBean - Parsed mapper file: 'file [/Users/zhanghong/Desktop/work/server/ikongtiao/ikongtiao-dao/target/classes/mybatis/ikongtiao/Address.xml]'
16-03-11 10:08:22.926 [main] DEBUG org.mybatis.spring.SqlSessionFactoryBean - Parsed mapper file: 'file [/Users/zhanghong/Desktop/work/server/ikongtiao/ikongtiao-dao/target/classes/mybatis/ikongtiao/Admin.xml]'
16-03-11 10:08:22.935 [main] DEBUG org.mybatis.spring.SqlSessionFactoryBean - Parsed mapper file: 'file [/Users/zhanghong/Desktop/work/server/ikongtiao/ikongtiao-dao/target/classes/mybatis/ikongtiao/BusinessSettings.xml]'
16-03-11 10:08:22.945 [main] DEBUG org.mybatis.spring.SqlSessionFactoryBean - Parsed mapper file: 'file [/Users/zhanghong/Desktop/work/server/ikongtiao/ikongtiao-dao/target/classes/mybatis/ikongtiao/Comment.xml]'
16-03-11 10:08:22.970 [main] DEBUG org.mybatis.spring.SqlSessionFactoryBean - Parsed mapper file: 'file [/Users/zhanghong/Desktop/work/server/ikongtiao/ikongtiao-dao/target/classes/mybatis/ikongtiao/Fixer.xml]'
16-03-11 10:08:22.981 [main] DEBUG org.mybatis.spring.SqlSessionFactoryBean - Parsed mapper file: 'file [/Users/zhanghong/Desktop/work/server/ikongtiao/ikongtiao-dao/target/classes/mybatis/ikongtiao/FixerCertInfo.xml]'
16-03-11 10:08:22.992 [main] DEBUG org.mybatis.spring.SqlSessionFactoryBean - Parsed mapper file: 'file [/Users/zhanghong/Desktop/work/server/ikongtiao/ikongtiao-dao/target/classes/mybatis/ikongtiao/FixerDevice.xml]'
16-03-11 10:08:23.002 [main] DEBUG org.mybatis.spring.SqlSessionFactoryBean - Parsed mapper file: 'file [/Users/zhanghong/Desktop/work/server/ikongtiao/ikongtiao-dao/target/classes/mybatis/ikongtiao/FixerInsuranceInfo.xml]'
16-03-11 10:08:23.012 [main] DEBUG org.mybatis.spring.SqlSessionFactoryBean - Parsed mapper file: 'file [/Users/zhanghong/Desktop/work/server/ikongtiao/ikongtiao-dao/target/classes/mybatis/ikongtiao/FixerProfessionInfo.xml]'
16-03-11 10:08:23.020 [main] DEBUG org.mybatis.spring.SqlSessionFactoryBean - Parsed mapper file: 'file [/Users/zhanghong/Desktop/work/server/ikongtiao/ikongtiao-dao/target/classes/mybatis/ikongtiao/GetuiClientId.xml]'
16-03-11 10:08:23.032 [main] DEBUG org.mybatis.spring.SqlSessionFactoryBean - Parsed mapper file: 'file [/Users/zhanghong/Desktop/work/server/ikongtiao/ikongtiao-dao/target/classes/mybatis/ikongtiao/ImMessage.xml]'
16-03-11 10:08:23.049 [main] DEBUG org.mybatis.spring.SqlSessionFactoryBean - Parsed mapper file: 'file [/Users/zhanghong/Desktop/work/server/ikongtiao/ikongtiao-dao/target/classes/mybatis/ikongtiao/ImSession.xml]'
16-03-11 10:08:23.055 [main] DEBUG org.mybatis.spring.SqlSessionFactoryBean - Parsed mapper file: 'file [/Users/zhanghong/Desktop/work/server/ikongtiao/ikongtiao-dao/target/classes/mybatis/ikongtiao/ImToken.xml]'
16-03-11 10:08:23.062 [main] DEBUG org.mybatis.spring.SqlSessionFactoryBean - Parsed mapper file: 'file [/Users/zhanghong/Desktop/work/server/ikongtiao/ikongtiao-dao/target/classes/mybatis/ikongtiao/MachineType.xml]'
16-03-11 10:08:23.107 [main] DEBUG org.mybatis.spring.SqlSessionFactoryBean - Parsed mapper file: 'file [/Users/zhanghong/Desktop/work/server/ikongtiao/ikongtiao-dao/target/classes/mybatis/ikongtiao/MicroCode.xml]'
16-03-11 10:08:23.116 [main] DEBUG org.mybatis.spring.SqlSessionFactoryBean - Parsed mapper file: 'file [/Users/zhanghong/Desktop/work/server/ikongtiao/ikongtiao-dao/target/classes/mybatis/ikongtiao/Mission.xml]'
16-03-11 10:08:23.124 [main] DEBUG org.mybatis.spring.SqlSessionFactoryBean - Parsed mapper file: 'file [/Users/zhanghong/Desktop/work/server/ikongtiao/ikongtiao-dao/target/classes/mybatis/ikongtiao/MissionAddress.xml]'
16-03-11 10:08:23.132 [main] DEBUG org.mybatis.spring.SqlSessionFactoryBean - Parsed mapper file: 'file [/Users/zhanghong/Desktop/work/server/ikongtiao/ikongtiao-dao/target/classes/mybatis/ikongtiao/MissionImg.xml]'
16-03-11 10:08:23.138 [main] DEBUG org.mybatis.spring.SqlSessionFactoryBean - Parsed mapper file: 'file [/Users/zhanghong/Desktop/work/server/ikongtiao/ikongtiao-dao/target/classes/mybatis/ikongtiao/PaymentInfo.xml]'
16-03-11 10:08:23.147 [main] DEBUG org.mybatis.spring.SqlSessionFactoryBean - Parsed mapper file: 'file [/Users/zhanghong/Desktop/work/server/ikongtiao/ikongtiao-dao/target/classes/mybatis/ikongtiao/RepairOrder.xml]'
16-03-11 10:08:23.151 [main] DEBUG org.mybatis.spring.SqlSessionFactoryBean - Parsed mapper file: 'file [/Users/zhanghong/Desktop/work/server/ikongtiao/ikongtiao-dao/target/classes/mybatis/ikongtiao/RepairOrderAuditInfo.xml]'
16-03-11 10:08:23.155 [main] DEBUG org.mybatis.spring.SqlSessionFactoryBean - Parsed mapper file: 'file [/Users/zhanghong/Desktop/work/server/ikongtiao/ikongtiao-dao/target/classes/mybatis/ikongtiao/Sequence.xml]'
16-03-11 10:08:23.160 [main] DEBUG org.mybatis.spring.SqlSessionFactoryBean - Parsed mapper file: 'file [/Users/zhanghong/Desktop/work/server/ikongtiao/ikongtiao-dao/target/classes/mybatis/ikongtiao/SystemParam.xml]'
16-03-11 10:08:23.167 [main] DEBUG org.mybatis.spring.SqlSessionFactoryBean - Parsed mapper file: 'file [/Users/zhanghong/Desktop/work/server/ikongtiao/ikongtiao-dao/target/classes/mybatis/ikongtiao/UserAuthAction.xml]'
16-03-11 10:08:23.174 [main] DEBUG org.mybatis.spring.SqlSessionFactoryBean - Parsed mapper file: 'file [/Users/zhanghong/Desktop/work/server/ikongtiao/ikongtiao-dao/target/classes/mybatis/ikongtiao/UserInfo.xml]'
16-03-11 10:08:23.179 [main] DEBUG org.mybatis.spring.SqlSessionFactoryBean - Parsed mapper file: 'file [/Users/zhanghong/Desktop/work/server/ikongtiao/ikongtiao-dao/target/classes/mybatis/ikongtiao/WechatPublicAccount.xml]'
16-03-11 10:08:23.187 [main] DEBUG org.mybatis.spring.SqlSessionFactoryBean - Parsed mapper file: 'file [/Users/zhanghong/Desktop/work/server/ikongtiao/ikongtiao-dao/target/classes/mybatis/ikongtiao-mix/MissionDto.xml]'
16-03-11 10:08:23.195 [main] DEBUG org.mybatis.spring.SqlSessionFactoryBean - Parsed mapper file: 'file [/Users/zhanghong/Desktop/work/server/ikongtiao/ikongtiao-dao/target/classes/mybatis/ikongtiao-mix/UserInfoDto.xml]'
16-03-11 10:08:23.520 [main] DEBUG org.mybatis.spring.SqlSessionUtils - Creating a new SqlSession
16-03-11 10:08:23.525 [main] DEBUG org.mybatis.spring.SqlSessionUtils - SqlSession [org.apache.ibatis.session.defaults.DefaultSqlSession@75769ab0] was not registered for synchronization because synchronization is not active
16-03-11 10:08:23.874 [main] DEBUG org.mybatis.spring.transaction.SpringManagedTransaction - JDBC Connection [com.mchange.v2.c3p0.impl.NewProxyConnection@2e3f79a2] will not be managed by Spring
16-03-11 10:08:23.909 [main] DEBUG org.mybatis.spring.SqlSessionUtils - Closing non transactional SqlSession [org.apache.ibatis.session.defaults.DefaultSqlSession@75769ab0]
16-03-11 10:08:23.910 [main] DEBUG org.mybatis.spring.SqlSessionUtils - Creating a new SqlSession
16-03-11 10:08:23.910 [main] DEBUG org.mybatis.spring.SqlSessionUtils - SqlSession [org.apache.ibatis.session.defaults.DefaultSqlSession@3cf7298d] was not registered for synchronization because synchronization is not active
16-03-11 10:08:23.911 [main] DEBUG org.mybatis.spring.transaction.SpringManagedTransaction - JDBC Connection [com.mchange.v2.c3p0.impl.NewProxyConnection@351f2244] will not be managed by Spring
16-03-11 10:08:23.916 [main] DEBUG org.mybatis.spring.SqlSessionUtils - Closing non transactional SqlSession [org.apache.ibatis.session.defaults.DefaultSqlSession@3cf7298d]
16-03-11 10:08:25.601 [main] DEBUG org.mybatis.spring.SqlSessionUtils - Creating a new SqlSession
16-03-11 10:08:25.601 [main] DEBUG org.mybatis.spring.SqlSessionUtils - SqlSession [org.apache.ibatis.session.defaults.DefaultSqlSession@195580ba] was not registered for synchronization because synchronization is not active
16-03-11 10:08:25.628 [main] DEBUG org.mybatis.spring.transaction.SpringManagedTransaction - JDBC Connection [com.mchange.v2.c3p0.impl.NewProxyConnection@4b325930] will not be managed by Spring
16-03-11 10:08:25.641 [main] DEBUG org.mybatis.spring.SqlSessionUtils - Closing non transactional SqlSession [org.apache.ibatis.session.defaults.DefaultSqlSession@195580ba]
16-03-11 10:10:18.174 [main] DEBUG org.mybatis.spring.SqlSessionFactoryBean - Parsed configuration file: 'class path resource [mybatis/sqlMapConfig.xml]'
16-03-11 10:10:18.226 [main] DEBUG org.mybatis.spring.SqlSessionFactoryBean - Parsed mapper file: 'file [/Users/zhanghong/Desktop/work/server/ikongtiao/ikongtiao-dao/target/classes/mybatis/ikongtiao/Accessory.xml]'
16-03-11 10:10:18.237 [main] DEBUG org.mybatis.spring.SqlSessionFactoryBean - Parsed mapper file: 'file [/Users/zhanghong/Desktop/work/server/ikongtiao/ikongtiao-dao/target/classes/mybatis/ikongtiao/Address.xml]'
16-03-11 10:10:18.254 [main] DEBUG org.mybatis.spring.SqlSessionFactoryBean - Parsed mapper file: 'file [/Users/zhanghong/Desktop/work/server/ikongtiao/ikongtiao-dao/target/classes/mybatis/ikongtiao/Admin.xml]'
16-03-11 10:10:18.261 [main] DEBUG org.mybatis.spring.SqlSessionFactoryBean - Parsed mapper file: 'file [/Users/zhanghong/Desktop/work/server/ikongtiao/ikongtiao-dao/target/classes/mybatis/ikongtiao/BusinessSettings.xml]'
16-03-11 10:10:18.270 [main] DEBUG org.mybatis.spring.SqlSessionFactoryBean - Parsed mapper file: 'file [/Users/zhanghong/Desktop/work/server/ikongtiao/ikongtiao-dao/target/classes/mybatis/ikongtiao/Comment.xml]'
16-03-11 10:10:18.291 [main] DEBUG org.mybatis.spring.SqlSessionFactoryBean - Parsed mapper file: 'file [/Users/zhanghong/Desktop/work/server/ikongtiao/ikongtiao-dao/target/classes/mybatis/ikongtiao/Fixer.xml]'
16-03-11 10:10:18.300 [main] DEBUG org.mybatis.spring.SqlSessionFactoryBean - Parsed mapper file: 'file [/Users/zhanghong/Desktop/work/server/ikongtiao/ikongtiao-dao/target/classes/mybatis/ikongtiao/FixerCertInfo.xml]'
16-03-11 10:10:18.311 [main] DEBUG org.mybatis.spring.SqlSessionFactoryBean - Parsed mapper file: 'file [/Users/zhanghong/Desktop/work/server/ikongtiao/ikongtiao-dao/target/classes/mybatis/ikongtiao/FixerDevice.xml]'
16-03-11 10:10:18.318 [main] DEBUG org.mybatis.spring.SqlSessionFactoryBean - Parsed mapper file: 'file [/Users/zhanghong/Desktop/work/server/ikongtiao/ikongtiao-dao/target/classes/mybatis/ikongtiao/FixerInsuranceInfo.xml]'
16-03-11 10:10:18.326 [main] DEBUG org.mybatis.spring.SqlSessionFactoryBean - Parsed mapper file: 'file [/Users/zhanghong/Desktop/work/server/ikongtiao/ikongtiao-dao/target/classes/mybatis/ikongtiao/FixerProfessionInfo.xml]'
16-03-11 10:10:18.332 [main] DEBUG org.mybatis.spring.SqlSessionFactoryBean - Parsed mapper file: 'file [/Users/zhanghong/Desktop/work/server/ikongtiao/ikongtiao-dao/target/classes/mybatis/ikongtiao/GetuiClientId.xml]'
16-03-11 10:10:18.344 [main] DEBUG org.mybatis.spring.SqlSessionFactoryBean - Parsed mapper file: 'file [/Users/zhanghong/Desktop/work/server/ikongtiao/ikongtiao-dao/target/classes/mybatis/ikongtiao/ImMessage.xml]'
16-03-11 10:10:18.353 [main] DEBUG org.mybatis.spring.SqlSessionFactoryBean - Parsed mapper file: 'file [/Users/zhanghong/Desktop/work/server/ikongtiao/ikongtiao-dao/target/classes/mybatis/ikongtiao/ImSession.xml]'
16-03-11 10:10:18.400 [main] DEBUG org.mybatis.spring.SqlSessionFactoryBean - Parsed mapper file: 'file [/Users/zhanghong/Desktop/work/server/ikongtiao/ikongtiao-dao/target/classes/mybatis/ikongtiao/ImToken.xml]'
16-03-11 10:10:18.407 [main] DEBUG org.mybatis.spring.SqlSessionFactoryBean - Parsed mapper file: 'file [/Users/zhanghong/Desktop/work/server/ikongtiao/ikongtiao-dao/target/classes/mybatis/ikongtiao/MachineType.xml]'
16-03-11 10:10:18.415 [main] DEBUG org.mybatis.spring.SqlSessionFactoryBean - Parsed mapper file: 'file [/Users/zhanghong/Desktop/work/server/ikongtiao/ikongtiao-dao/target/classes/mybatis/ikongtiao/MicroCode.xml]'
16-03-11 10:10:18.423 [main] DEBUG org.mybatis.spring.SqlSessionFactoryBean - Parsed mapper file: 'file [/Users/zhanghong/Desktop/work/server/ikongtiao/ikongtiao-dao/target/classes/mybatis/ikongtiao/Mission.xml]'
16-03-11 10:10:18.430 [main] DEBUG org.mybatis.spring.SqlSessionFactoryBean - Parsed mapper file: 'file [/Users/zhanghong/Desktop/work/server/ikongtiao/ikongtiao-dao/target/classes/mybatis/ikongtiao/MissionAddress.xml]'
16-03-11 10:10:18.437 [main] DEBUG org.mybatis.spring.SqlSessionFactoryBean - Parsed mapper file: 'file [/Users/zhanghong/Desktop/work/server/ikongtiao/ikongtiao-dao/target/classes/mybatis/ikongtiao/MissionImg.xml]'
16-03-11 10:10:18.443 [main] DEBUG org.mybatis.spring.SqlSessionFactoryBean - Parsed mapper file: 'file [/Users/zhanghong/Desktop/work/server/ikongtiao/ikongtiao-dao/target/classes/mybatis/ikongtiao/PaymentInfo.xml]'
16-03-11 10:10:18.451 [main] DEBUG org.mybatis.spring.SqlSessionFactoryBean - Parsed mapper file: 'file [/Users/zhanghong/Desktop/work/server/ikongtiao/ikongtiao-dao/target/classes/mybatis/ikongtiao/RepairOrder.xml]'
16-03-11 10:10:18.455 [main] DEBUG org.mybatis.spring.SqlSessionFactoryBean - Parsed mapper file: 'file [/Users/zhanghong/Desktop/work/server/ikongtiao/ikongtiao-dao/target/classes/mybatis/ikongtiao/RepairOrderAuditInfo.xml]'
16-03-11 10:10:18.460 [main] DEBUG org.mybatis.spring.SqlSessionFactoryBean - Parsed mapper file: 'file [/Users/zhanghong/Desktop/work/server/ikongtiao/ikongtiao-dao/target/classes/mybatis/ikongtiao/Sequence.xml]'
16-03-11 10:10:18.464 [main] DEBUG org.mybatis.spring.SqlSessionFactoryBean - Parsed mapper file: 'file [/Users/zhanghong/Desktop/work/server/ikongtiao/ikongtiao-dao/target/classes/mybatis/ikongtiao/SystemParam.xml]'
16-03-11 10:10:18.472 [main] DEBUG org.mybatis.spring.SqlSessionFactoryBean - Parsed mapper file: 'file [/Users/zhanghong/Desktop/work/server/ikongtiao/ikongtiao-dao/target/classes/mybatis/ikongtiao/UserAuthAction.xml]'
16-03-11 10:10:18.480 [main] DEBUG org.mybatis.spring.SqlSessionFactoryBean - Parsed mapper file: 'file [/Users/zhanghong/Desktop/work/server/ikongtiao/ikongtiao-dao/target/classes/mybatis/ikongtiao/UserInfo.xml]'
16-03-11 10:10:18.484 [main] DEBUG org.mybatis.spring.SqlSessionFactoryBean - Parsed mapper file: 'file [/Users/zhanghong/Desktop/work/server/ikongtiao/ikongtiao-dao/target/classes/mybatis/ikongtiao/WechatPublicAccount.xml]'
16-03-11 10:10:18.492 [main] DEBUG org.mybatis.spring.SqlSessionFactoryBean - Parsed mapper file: 'file [/Users/zhanghong/Desktop/work/server/ikongtiao/ikongtiao-dao/target/classes/mybatis/ikongtiao-mix/MissionDto.xml]'
16-03-11 10:10:18.499 [main] DEBUG org.mybatis.spring.SqlSessionFactoryBean - Parsed mapper file: 'file [/Users/zhanghong/Desktop/work/server/ikongtiao/ikongtiao-dao/target/classes/mybatis/ikongtiao-mix/UserInfoDto.xml]'
16-03-11 10:10:18.801 [main] DEBUG org.mybatis.spring.SqlSessionUtils - Creating a new SqlSession
16-03-11 10:10:18.806 [main] DEBUG org.mybatis.spring.SqlSessionUtils - SqlSession [org.apache.ibatis.session.defaults.DefaultSqlSession@95bb2a2] was not registered for synchronization because synchronization is not active
16-03-11 10:10:19.156 [main] DEBUG org.mybatis.spring.transaction.SpringManagedTransaction - JDBC Connection [com.mchange.v2.c3p0.impl.NewProxyConnection@2015b2cd] will not be managed by Spring
16-03-11 10:10:19.188 [main] DEBUG org.mybatis.spring.SqlSessionUtils - Closing non transactional SqlSession [org.apache.ibatis.session.defaults.DefaultSqlSession@95bb2a2]
16-03-11 10:10:19.189 [main] DEBUG org.mybatis.spring.SqlSessionUtils - Creating a new SqlSession
16-03-11 10:10:19.189 [main] DEBUG org.mybatis.spring.SqlSessionUtils - SqlSession [org.apache.ibatis.session.defaults.DefaultSqlSession@633a2e99] was not registered for synchronization because synchronization is not active
16-03-11 10:10:19.190 [main] DEBUG org.mybatis.spring.transaction.SpringManagedTransaction - JDBC Connection [com.mchange.v2.c3p0.impl.NewProxyConnection@5b84f14] will not be managed by Spring
16-03-11 10:10:19.195 [main] DEBUG org.mybatis.spring.SqlSessionUtils - Closing non transactional SqlSession [org.apache.ibatis.session.defaults.DefaultSqlSession@633a2e99]
16-03-11 10:10:20.557 [main] DEBUG org.mybatis.spring.SqlSessionUtils - Creating a new SqlSession
16-03-11 10:10:20.557 [main] DEBUG org.mybatis.spring.SqlSessionUtils - SqlSession [org.apache.ibatis.session.defaults.DefaultSqlSession@79afa369] was not registered for synchronization because synchronization is not active
16-03-11 10:10:20.582 [main] DEBUG org.mybatis.spring.transaction.SpringManagedTransaction - JDBC Connection [com.mchange.v2.c3p0.impl.NewProxyConnection@1ac730cd] will not be managed by Spring
16-03-11 10:10:20.592 [main] DEBUG org.mybatis.spring.SqlSessionUtils - Closing non transactional SqlSession [org.apache.ibatis.session.defaults.DefaultSqlSession@79afa369]
16-03-11 10:11:15.446 [main] DEBUG org.mybatis.spring.SqlSessionFactoryBean - Parsed configuration file: 'class path resource [mybatis/sqlMapConfig.xml]'
16-03-11 10:11:15.500 [main] DEBUG org.mybatis.spring.SqlSessionFactoryBean - Parsed mapper file: 'file [/Users/zhanghong/Desktop/work/server/ikongtiao/ikongtiao-dao/target/classes/mybatis/ikongtiao/Accessory.xml]'
16-03-11 10:11:15.513 [main] DEBUG org.mybatis.spring.SqlSessionFactoryBean - Parsed mapper file: 'file [/Users/zhanghong/Desktop/work/server/ikongtiao/ikongtiao-dao/target/classes/mybatis/ikongtiao/Address.xml]'
16-03-11 10:11:15.532 [main] DEBUG org.mybatis.spring.SqlSessionFactoryBean - Parsed mapper file: 'file [/Users/zhanghong/Desktop/work/server/ikongtiao/ikongtiao-dao/target/classes/mybatis/ikongtiao/Admin.xml]'
16-03-11 10:11:15.540 [main] DEBUG org.mybatis.spring.SqlSessionFactoryBean - Parsed mapper file: 'file [/Users/zhanghong/Desktop/work/server/ikongtiao/ikongtiao-dao/target/classes/mybatis/ikongtiao/BusinessSettings.xml]'
16-03-11 10:11:15.550 [main] DEBUG org.mybatis.spring.SqlSessionFactoryBean - Parsed mapper file: 'file [/Users/zhanghong/Desktop/work/server/ikongtiao/ikongtiao-dao/target/classes/mybatis/ikongtiao/Comment.xml]'
16-03-11 10:11:15.574 [main] DEBUG org.mybatis.spring.SqlSessionFactoryBean - Parsed mapper file: 'file [/Users/zhanghong/Desktop/work/server/ikongtiao/ikongtiao-dao/target/classes/mybatis/ikongtiao/Fixer.xml]'
16-03-11 10:11:15.584 [main] DEBUG org.mybatis.spring.SqlSessionFactoryBean - Parsed mapper file: 'file [/Users/zhanghong/Desktop/work/server/ikongtiao/ikongtiao-dao/target/classes/mybatis/ikongtiao/FixerCertInfo.xml]'
16-03-11 10:11:15.593 [main] DEBUG org.mybatis.spring.SqlSessionFactoryBean - Parsed mapper file: 'file [/Users/zhanghong/Desktop/work/server/ikongtiao/ikongtiao-dao/target/classes/mybatis/ikongtiao/FixerDevice.xml]'
16-03-11 10:11:15.601 [main] DEBUG org.mybatis.spring.SqlSessionFactoryBean - Parsed mapper file: 'file [/Users/zhanghong/Desktop/work/server/ikongtiao/ikongtiao-dao/target/classes/mybatis/ikongtiao/FixerInsuranceInfo.xml]'
16-03-11 10:11:15.609 [main] DEBUG org.mybatis.spring.SqlSessionFactoryBean - Parsed mapper file: 'file [/Users/zhanghong/Desktop/work/server/ikongtiao/ikongtiao-dao/target/classes/mybatis/ikongtiao/FixerProfessionInfo.xml]'
16-03-11 10:11:15.616 [main] DEBUG org.mybatis.spring.SqlSessionFactoryBean - Parsed mapper file: 'file [/Users/zhanghong/Desktop/work/server/ikongtiao/ikongtiao-dao/target/classes/mybatis/ikongtiao/GetuiClientId.xml]'
16-03-11 10:11:15.626 [main] DEBUG org.mybatis.spring.SqlSessionFactoryBean - Parsed mapper file: 'file [/Users/zhanghong/Desktop/work/server/ikongtiao/ikongtiao-dao/target/classes/mybatis/ikongtiao/ImMessage.xml]'
16-03-11 10:11:15.642 [main] DEBUG org.mybatis.spring.SqlSessionFactoryBean - Parsed mapper file: 'file [/Users/zhanghong/Desktop/work/server/ikongtiao/ikongtiao-dao/target/classes/mybatis/ikongtiao/ImSession.xml]'
16-03-11 10:11:15.687 [main] DEBUG org.mybatis.spring.SqlSessionFactoryBean - Parsed mapper file: 'file [/Users/zhanghong/Desktop/work/server/ikongtiao/ikongtiao-dao/target/classes/mybatis/ikongtiao/ImToken.xml]'
16-03-11 10:11:15.695 [main] DEBUG org.mybatis.spring.SqlSessionFactoryBean - Parsed mapper file: 'file [/Users/zhanghong/Desktop/work/server/ikongtiao/ikongtiao-dao/target/classes/mybatis/ikongtiao/MachineType.xml]'
16-03-11 10:11:15.703 [main] DEBUG org.mybatis.spring.SqlSessionFactoryBean - Parsed mapper file: 'file [/Users/zhanghong/Desktop/work/server/ikongtiao/ikongtiao-dao/target/classes/mybatis/ikongtiao/MicroCode.xml]'
16-03-11 10:11:15.710 [main] DEBUG org.mybatis.spring.SqlSessionFactoryBean - Parsed mapper file: 'file [/Users/zhanghong/Desktop/work/server/ikongtiao/ikongtiao-dao/target/classes/mybatis/ikongtiao/Mission.xml]'
16-03-11 10:11:15.719 [main] DEBUG org.mybatis.spring.SqlSessionFactoryBean - Parsed mapper file: 'file [/Users/zhanghong/Desktop/work/server/ikongtiao/ikongtiao-dao/target/classes/mybatis/ikongtiao/MissionAddress.xml]'
16-03-11 10:11:15.725 [main] DEBUG org.mybatis.spring.SqlSessionFactoryBean - Parsed mapper file: 'file [/Users/zhanghong/Desktop/work/server/ikongtiao/ikongtiao-dao/target/classes/mybatis/ikongtiao/MissionImg.xml]'
16-03-11 10:11:15.732 [main] DEBUG org.mybatis.spring.SqlSessionFactoryBean - Parsed mapper file: 'file [/Users/zhanghong/Desktop/work/server/ikongtiao/ikongtiao-dao/target/classes/mybatis/ikongtiao/PaymentInfo.xml]'
16-03-11 10:11:15.742 [main] DEBUG org.mybatis.spring.SqlSessionFactoryBean - Parsed mapper file: 'file [/Users/zhanghong/Desktop/work/server/ikongtiao/ikongtiao-dao/target/classes/mybatis/ikongtiao/RepairOrder.xml]'
16-03-11 10:11:15.747 [main] DEBUG org.mybatis.spring.SqlSessionFactoryBean - Parsed mapper file: 'file [/Users/zhanghong/Desktop/work/server/ikongtiao/ikongtiao-dao/target/classes/mybatis/ikongtiao/RepairOrderAuditInfo.xml]'
16-03-11 10:11:15.750 [main] DEBUG org.mybatis.spring.SqlSessionFactoryBean - Parsed mapper file: 'file [/Users/zhanghong/Desktop/work/server/ikongtiao/ikongtiao-dao/target/classes/mybatis/ikongtiao/Sequence.xml]'
16-03-11 10:11:15.754 [main] DEBUG org.mybatis.spring.SqlSessionFactoryBean - Parsed mapper file: 'file [/Users/zhanghong/Desktop/work/server/ikongtiao/ikongtiao-dao/target/classes/mybatis/ikongtiao/SystemParam.xml]'
16-03-11 10:11:15.760 [main] DEBUG org.mybatis.spring.SqlSessionFactoryBean - Parsed mapper file: 'file [/Users/zhanghong/Desktop/work/server/ikongtiao/ikongtiao-dao/target/classes/mybatis/ikongtiao/UserAuthAction.xml]'
16-03-11 10:11:15.768 [main] DEBUG org.mybatis.spring.SqlSessionFactoryBean - Parsed mapper file: 'file [/Users/zhanghong/Desktop/work/server/ikongtiao/ikongtiao-dao/target/classes/mybatis/ikongtiao/UserInfo.xml]'
16-03-11 10:11:15.773 [main] DEBUG org.mybatis.spring.SqlSessionFactoryBean - Parsed mapper file: 'file [/Users/zhanghong/Desktop/work/server/ikongtiao/ikongtiao-dao/target/classes/mybatis/ikongtiao/WechatPublicAccount.xml]'
16-03-11 10:11:15.780 [main] DEBUG org.mybatis.spring.SqlSessionFactoryBean - Parsed mapper file: 'file [/Users/zhanghong/Desktop/work/server/ikongtiao/ikongtiao-dao/target/classes/mybatis/ikongtiao-mix/MissionDto.xml]'
16-03-11 10:11:15.792 [main] DEBUG org.mybatis.spring.SqlSessionFactoryBean - Parsed mapper file: 'file [/Users/zhanghong/Desktop/work/server/ikongtiao/ikongtiao-dao/target/classes/mybatis/ikongtiao-mix/UserInfoDto.xml]'
16-03-11 10:11:16.489 [main] DEBUG org.mybatis.spring.SqlSessionUtils - Creating a new SqlSession
16-03-11 10:11:16.494 [main] DEBUG org.mybatis.spring.SqlSessionUtils - SqlSession [org.apache.ibatis.session.defaults.DefaultSqlSession@95bb2a2] was not registered for synchronization because synchronization is not active
16-03-11 10:11:16.812 [main] DEBUG org.mybatis.spring.transaction.SpringManagedTransaction - JDBC Connection [com.mchange.v2.c3p0.impl.NewProxyConnection@2015b2cd] will not be managed by Spring
16-03-11 10:11:16.845 [main] DEBUG org.mybatis.spring.SqlSessionUtils - Closing non transactional SqlSession [org.apache.ibatis.session.defaults.DefaultSqlSession@95bb2a2]
16-03-11 10:11:16.846 [main] DEBUG org.mybatis.spring.SqlSessionUtils - Creating a new SqlSession
16-03-11 10:11:16.846 [main] DEBUG org.mybatis.spring.SqlSessionUtils - SqlSession [org.apache.ibatis.session.defaults.DefaultSqlSession@633a2e99] was not registered for synchronization because synchronization is not active
16-03-11 10:11:16.847 [main] DEBUG org.mybatis.spring.transaction.SpringManagedTransaction - JDBC Connection [com.mchange.v2.c3p0.impl.NewProxyConnection@5b84f14] will not be managed by Spring
16-03-11 10:11:16.852 [main] DEBUG org.mybatis.spring.SqlSessionUtils - Closing non transactional SqlSession [org.apache.ibatis.session.defaults.DefaultSqlSession@633a2e99]
16-03-11 10:11:18.142 [main] DEBUG org.mybatis.spring.SqlSessionUtils - Creating a new SqlSession
16-03-11 10:11:18.142 [main] DEBUG org.mybatis.spring.SqlSessionUtils - SqlSession [org.apache.ibatis.session.defaults.DefaultSqlSession@79afa369] was not registered for synchronization because synchronization is not active
16-03-11 10:11:18.168 [main] DEBUG org.mybatis.spring.transaction.SpringManagedTransaction - JDBC Connection [com.mchange.v2.c3p0.impl.NewProxyConnection@1ac730cd] will not be managed by Spring
16-03-11 10:11:18.181 [main] DEBUG org.mybatis.spring.SqlSessionUtils - Closing non transactional SqlSession [org.apache.ibatis.session.defaults.DefaultSqlSession@79afa369]
16-03-11 10:22:13.182 [main] DEBUG org.mybatis.spring.SqlSessionFactoryBean - Parsed configuration file: 'class path resource [mybatis/sqlMapConfig.xml]'
16-03-11 10:22:13.245 [main] DEBUG org.mybatis.spring.SqlSessionFactoryBean - Parsed mapper file: 'file [/Users/zhanghong/Desktop/work/server/ikongtiao/ikongtiao-dao/target/classes/mybatis/ikongtiao/Accessory.xml]'
16-03-11 10:22:13.257 [main] DEBUG org.mybatis.spring.SqlSessionFactoryBean - Parsed mapper file: 'file [/Users/zhanghong/Desktop/work/server/ikongtiao/ikongtiao-dao/target/classes/mybatis/ikongtiao/Address.xml]'
16-03-11 10:22:13.276 [main] DEBUG org.mybatis.spring.SqlSessionFactoryBean - Parsed mapper file: 'file [/Users/zhanghong/Desktop/work/server/ikongtiao/ikongtiao-dao/target/classes/mybatis/ikongtiao/Admin.xml]'
16-03-11 10:22:13.285 [main] DEBUG org.mybatis.spring.SqlSessionFactoryBean - Parsed mapper file: 'file [/Users/zhanghong/Desktop/work/server/ikongtiao/ikongtiao-dao/target/classes/mybatis/ikongtiao/BusinessSettings.xml]'
16-03-11 10:22:13.295 [main] DEBUG org.mybatis.spring.SqlSessionFactoryBean - Parsed mapper file: 'file [/Users/zhanghong/Desktop/work/server/ikongtiao/ikongtiao-dao/target/classes/mybatis/ikongtiao/Comment.xml]'
16-03-11 10:22:13.320 [main] DEBUG org.mybatis.spring.SqlSessionFactoryBean - Parsed mapper file: 'file [/Users/zhanghong/Desktop/work/server/ikongtiao/ikongtiao-dao/target/classes/mybatis/ikongtiao/Fixer.xml]'
16-03-11 10:22:13.331 [main] DEBUG org.mybatis.spring.SqlSessionFactoryBean - Parsed mapper file: 'file [/Users/zhanghong/Desktop/work/server/ikongtiao/ikongtiao-dao/target/classes/mybatis/ikongtiao/FixerCertInfo.xml]'
16-03-11 10:22:13.342 [main] DEBUG org.mybatis.spring.SqlSessionFactoryBean - Parsed mapper file: 'file [/Users/zhanghong/Desktop/work/server/ikongtiao/ikongtiao-dao/target/classes/mybatis/ikongtiao/FixerDevice.xml]'
16-03-11 10:22:13.352 [main] DEBUG org.mybatis.spring.SqlSessionFactoryBean - Parsed mapper file: 'file [/Users/zhanghong/Desktop/work/server/ikongtiao/ikongtiao-dao/target/classes/mybatis/ikongtiao/FixerInsuranceInfo.xml]'
16-03-11 10:22:13.363 [main] DEBUG org.mybatis.spring.SqlSessionFactoryBean - Parsed mapper file: 'file [/Users/zhanghong/Desktop/work/server/ikongtiao/ikongtiao-dao/target/classes/mybatis/ikongtiao/FixerProfessionInfo.xml]'
16-03-11 10:22:13.372 [main] DEBUG org.mybatis.spring.SqlSessionFactoryBean - Parsed mapper file: 'file [/Users/zhanghong/Desktop/work/server/ikongtiao/ikongtiao-dao/target/classes/mybatis/ikongtiao/GetuiClientId.xml]'
16-03-11 10:22:13.384 [main] DEBUG org.mybatis.spring.SqlSessionFactoryBean - Parsed mapper file: 'file [/Users/zhanghong/Desktop/work/server/ikongtiao/ikongtiao-dao/target/classes/mybatis/ikongtiao/ImMessage.xml]'
16-03-11 10:22:13.400 [main] DEBUG org.mybatis.spring.SqlSessionFactoryBean - Parsed mapper file: 'file [/Users/zhanghong/Desktop/work/server/ikongtiao/ikongtiao-dao/target/classes/mybatis/ikongtiao/ImSession.xml]'
16-03-11 10:22:13.408 [main] DEBUG org.mybatis.spring.SqlSessionFactoryBean - Parsed mapper file: 'file [/Users/zhanghong/Desktop/work/server/ikongtiao/ikongtiao-dao/target/classes/mybatis/ikongtiao/ImToken.xml]'
16-03-11 10:22:13.456 [main] DEBUG org.mybatis.spring.SqlSessionFactoryBean - Parsed mapper file: 'file [/Users/zhanghong/Desktop/work/server/ikongtiao/ikongtiao-dao/target/classes/mybatis/ikongtiao/MachineType.xml]'
16-03-11 10:22:13.464 [main] DEBUG org.mybatis.spring.SqlSessionFactoryBean - Parsed mapper file: 'file [/Users/zhanghong/Desktop/work/server/ikongtiao/ikongtiao-dao/target/classes/mybatis/ikongtiao/MicroCode.xml]'
16-03-11 10:22:13.471 [main] DEBUG org.mybatis.spring.SqlSessionFactoryBean - Parsed mapper file: 'file [/Users/zhanghong/Desktop/work/server/ikongtiao/ikongtiao-dao/target/classes/mybatis/ikongtiao/Mission.xml]'
16-03-11 10:22:13.480 [main] DEBUG org.mybatis.spring.SqlSessionFactoryBean - Parsed mapper file: 'file [/Users/zhanghong/Desktop/work/server/ikongtiao/ikongtiao-dao/target/classes/mybatis/ikongtiao/MissionAddress.xml]'
16-03-11 10:22:13.486 [main] DEBUG org.mybatis.spring.SqlSessionFactoryBean - Parsed mapper file: 'file [/Users/zhanghong/Desktop/work/server/ikongtiao/ikongtiao-dao/target/classes/mybatis/ikongtiao/MissionImg.xml]'
16-03-11 10:22:13.493 [main] DEBUG org.mybatis.spring.SqlSessionFactoryBean - Parsed mapper file: 'file [/Users/zhanghong/Desktop/work/server/ikongtiao/ikongtiao-dao/target/classes/mybatis/ikongtiao/PaymentInfo.xml]'
16-03-11 10:22:13.503 [main] DEBUG org.mybatis.spring.SqlSessionFactoryBean - Parsed mapper file: 'file [/Users/zhanghong/Desktop/work/server/ikongtiao/ikongtiao-dao/target/classes/mybatis/ikongtiao/RepairOrder.xml]'
16-03-11 10:22:13.508 [main] DEBUG org.mybatis.spring.SqlSessionFactoryBean - Parsed mapper file: 'file [/Users/zhanghong/Desktop/work/server/ikongtiao/ikongtiao-dao/target/classes/mybatis/ikongtiao/RepairOrderAuditInfo.xml]'
16-03-11 10:22:13.512 [main] DEBUG org.mybatis.spring.SqlSessionFactoryBean - Parsed mapper file: 'file [/Users/zhanghong/Desktop/work/server/ikongtiao/ikongtiao-dao/target/classes/mybatis/ikongtiao/Sequence.xml]'
16-03-11 10:22:13.516 [main] DEBUG org.mybatis.spring.SqlSessionFactoryBean - Parsed mapper file: 'file [/Users/zhanghong/Desktop/work/server/ikongtiao/ikongtiao-dao/target/classes/mybatis/ikongtiao/SystemParam.xml]'
16-03-11 10:22:13.522 [main] DEBUG org.mybatis.spring.SqlSessionFactoryBean - Parsed mapper file: 'file [/Users/zhanghong/Desktop/work/server/ikongtiao/ikongtiao-dao/target/classes/mybatis/ikongtiao/UserAuthAction.xml]'
16-03-11 10:22:13.529 [main] DEBUG org.mybatis.spring.SqlSessionFactoryBean - Parsed mapper file: 'file [/Users/zhanghong/Desktop/work/server/ikongtiao/ikongtiao-dao/target/classes/mybatis/ikongtiao/UserInfo.xml]'
16-03-11 10:22:13.534 [main] DEBUG org.mybatis.spring.SqlSessionFactoryBean - Parsed mapper file: 'file [/Users/zhanghong/Desktop/work/server/ikongtiao/ikongtiao-dao/target/classes/mybatis/ikongtiao/WechatPublicAccount.xml]'
16-03-11 10:22:13.543 [main] DEBUG org.mybatis.spring.SqlSessionFactoryBean - Parsed mapper file: 'file [/Users/zhanghong/Desktop/work/server/ikongtiao/ikongtiao-dao/target/classes/mybatis/ikongtiao-mix/MissionDto.xml]'
16-03-11 10:22:13.551 [main] DEBUG org.mybatis.spring.SqlSessionFactoryBean - Parsed mapper file: 'file [/Users/zhanghong/Desktop/work/server/ikongtiao/ikongtiao-dao/target/classes/mybatis/ikongtiao-mix/UserInfoDto.xml]'
16-03-11 10:22:14.584 [main] DEBUG org.mybatis.spring.SqlSessionUtils - Creating a new SqlSession
16-03-11 10:22:14.588 [main] DEBUG org.mybatis.spring.SqlSessionUtils - SqlSession [org.apache.ibatis.session.defaults.DefaultSqlSession@396e6d9] was not registered for synchronization because synchronization is not active
16-03-11 10:22:14.984 [main] DEBUG org.mybatis.spring.transaction.SpringManagedTransaction - JDBC Connection [com.mchange.v2.c3p0.impl.NewProxyConnection@2324bfe7] will not be managed by Spring
16-03-11 10:22:15.016 [main] DEBUG org.mybatis.spring.SqlSessionUtils - Closing non transactional SqlSession [org.apache.ibatis.session.defaults.DefaultSqlSession@396e6d9]
16-03-11 10:22:15.017 [main] DEBUG org.mybatis.spring.SqlSessionUtils - Creating a new SqlSession
16-03-11 10:22:15.017 [main] DEBUG org.mybatis.spring.SqlSessionUtils - SqlSession [org.apache.ibatis.session.defaults.DefaultSqlSession@5918c260] was not registered for synchronization because synchronization is not active
16-03-11 10:22:15.018 [main] DEBUG org.mybatis.spring.transaction.SpringManagedTransaction - JDBC Connection [com.mchange.v2.c3p0.impl.NewProxyConnection@51ce6f85] will not be managed by Spring
16-03-11 10:22:15.023 [main] DEBUG org.mybatis.spring.SqlSessionUtils - Closing non transactional SqlSession [org.apache.ibatis.session.defaults.DefaultSqlSession@5918c260]
16-03-11 10:22:16.367 [main] DEBUG org.mybatis.spring.SqlSessionUtils - Creating a new SqlSession
16-03-11 10:22:16.367 [main] DEBUG org.mybatis.spring.SqlSessionUtils - SqlSession [org.apache.ibatis.session.defaults.DefaultSqlSession@11d4d979] was not registered for synchronization because synchronization is not active
16-03-11 10:22:16.396 [main] DEBUG org.mybatis.spring.transaction.SpringManagedTransaction - JDBC Connection [com.mchange.v2.c3p0.impl.NewProxyConnection@4f820f42] will not be managed by Spring
16-03-11 10:22:16.407 [main] DEBUG org.mybatis.spring.SqlSessionUtils - Closing non transactional SqlSession [org.apache.ibatis.session.defaults.DefaultSqlSession@11d4d979]
16-03-11 10:22:16.439 [main] DEBUG org.mybatis.spring.SqlSessionUtils - Creating a new SqlSession
16-03-11 10:22:16.439 [main] DEBUG org.mybatis.spring.SqlSessionUtils - SqlSession [org.apache.ibatis.session.defaults.DefaultSqlSession@6467ddc7] was not registered for synchronization because synchronization is not active
16-03-11 10:22:16.440 [main] DEBUG org.mybatis.spring.transaction.SpringManagedTransaction - JDBC Connection [com.mchange.v2.c3p0.impl.NewProxyConnection@59636c47] will not be managed by Spring
16-03-11 10:22:16.460 [main] DEBUG org.mybatis.spring.SqlSessionUtils - Closing non transactional SqlSession [org.apache.ibatis.session.defaults.DefaultSqlSession@6467ddc7]
