16-03-09 13:44:12.561 [main] DEBUG org.mybatis.spring.SqlSessionFactoryBean - Parsed configuration file: 'class path resource [mybatis/sqlMapConfig.xml]'
16-03-09 13:44:12.626 [main] DEBUG org.mybatis.spring.SqlSessionFactoryBean - Parsed mapper file: 'file [/Users/zhanghong/Desktop/work/server/ikongtiao/ikongtiao-dao/target/classes/mybatis/ikongtiao/Accessory.xml]'
16-03-09 13:44:12.637 [main] DEBUG org.mybatis.spring.SqlSessionFactoryBean - Parsed mapper file: 'file [/Users/zhanghong/Desktop/work/server/ikongtiao/ikongtiao-dao/target/classes/mybatis/ikongtiao/Address.xml]'
16-03-09 13:44:12.651 [main] DEBUG org.mybatis.spring.SqlSessionFactoryBean - Parsed mapper file: 'file [/Users/zhanghong/Desktop/work/server/ikongtiao/ikongtiao-dao/target/classes/mybatis/ikongtiao/Admin.xml]'
16-03-09 13:44:12.660 [main] DEBUG org.mybatis.spring.SqlSessionFactoryBean - Parsed mapper file: 'file [/Users/zhanghong/Desktop/work/server/ikongtiao/ikongtiao-dao/target/classes/mybatis/ikongtiao/BusinessSettings.xml]'
16-03-09 13:44:12.671 [main] DEBUG org.mybatis.spring.SqlSessionFactoryBean - Parsed mapper file: 'file [/Users/zhanghong/Desktop/work/server/ikongtiao/ikongtiao-dao/target/classes/mybatis/ikongtiao/Comment.xml]'
16-03-09 13:44:12.694 [main] DEBUG org.mybatis.spring.SqlSessionFactoryBean - Parsed mapper file: 'file [/Users/zhanghong/Desktop/work/server/ikongtiao/ikongtiao-dao/target/classes/mybatis/ikongtiao/Fixer.xml]'
16-03-09 13:44:12.705 [main] DEBUG org.mybatis.spring.SqlSessionFactoryBean - Parsed mapper file: 'file [/Users/zhanghong/Desktop/work/server/ikongtiao/ikongtiao-dao/target/classes/mybatis/ikongtiao/FixerCertInfo.xml]'
16-03-09 13:44:12.714 [main] DEBUG org.mybatis.spring.SqlSessionFactoryBean - Parsed mapper file: 'file [/Users/zhanghong/Desktop/work/server/ikongtiao/ikongtiao-dao/target/classes/mybatis/ikongtiao/FixerDevice.xml]'
16-03-09 13:44:12.723 [main] DEBUG org.mybatis.spring.SqlSessionFactoryBean - Parsed mapper file: 'file [/Users/zhanghong/Desktop/work/server/ikongtiao/ikongtiao-dao/target/classes/mybatis/ikongtiao/FixerInsuranceInfo.xml]'
16-03-09 13:44:12.733 [main] DEBUG org.mybatis.spring.SqlSessionFactoryBean - Parsed mapper file: 'file [/Users/zhanghong/Desktop/work/server/ikongtiao/ikongtiao-dao/target/classes/mybatis/ikongtiao/FixerProfessionInfo.xml]'
16-03-09 13:44:12.739 [main] DEBUG org.mybatis.spring.SqlSessionFactoryBean - Parsed mapper file: 'file [/Users/zhanghong/Desktop/work/server/ikongtiao/ikongtiao-dao/target/classes/mybatis/ikongtiao/GetuiClientId.xml]'
16-03-09 13:44:12.748 [main] DEBUG org.mybatis.spring.SqlSessionFactoryBean - Parsed mapper file: 'file [/Users/zhanghong/Desktop/work/server/ikongtiao/ikongtiao-dao/target/classes/mybatis/ikongtiao/ImMessage.xml]'
16-03-09 13:44:12.756 [main] DEBUG org.mybatis.spring.SqlSessionFactoryBean - Parsed mapper file: 'file [/Users/zhanghong/Desktop/work/server/ikongtiao/ikongtiao-dao/target/classes/mybatis/ikongtiao/ImToken.xml]'
16-03-09 13:44:12.774 [main] DEBUG org.mybatis.spring.SqlSessionFactoryBean - Parsed mapper file: 'file [/Users/zhanghong/Desktop/work/server/ikongtiao/ikongtiao-dao/target/classes/mybatis/ikongtiao/MachineType.xml]'
16-03-09 13:44:12.783 [main] DEBUG org.mybatis.spring.SqlSessionFactoryBean - Parsed mapper file: 'file [/Users/zhanghong/Desktop/work/server/ikongtiao/ikongtiao-dao/target/classes/mybatis/ikongtiao/MicroCode.xml]'
16-03-09 13:44:12.791 [main] DEBUG org.mybatis.spring.SqlSessionFactoryBean - Parsed mapper file: 'file [/Users/zhanghong/Desktop/work/server/ikongtiao/ikongtiao-dao/target/classes/mybatis/ikongtiao/Mission.xml]'
16-03-09 13:44:12.800 [main] DEBUG org.mybatis.spring.SqlSessionFactoryBean - Parsed mapper file: 'file [/Users/zhanghong/Desktop/work/server/ikongtiao/ikongtiao-dao/target/classes/mybatis/ikongtiao/MissionAddress.xml]'
16-03-09 13:44:12.807 [main] DEBUG org.mybatis.spring.SqlSessionFactoryBean - Parsed mapper file: 'file [/Users/zhanghong/Desktop/work/server/ikongtiao/ikongtiao-dao/target/classes/mybatis/ikongtiao/MissionImg.xml]'
16-03-09 13:44:12.814 [main] DEBUG org.mybatis.spring.SqlSessionFactoryBean - Parsed mapper file: 'file [/Users/zhanghong/Desktop/work/server/ikongtiao/ikongtiao-dao/target/classes/mybatis/ikongtiao/PaymentInfo.xml]'
16-03-09 13:44:12.822 [main] DEBUG org.mybatis.spring.SqlSessionFactoryBean - Parsed mapper file: 'file [/Users/zhanghong/Desktop/work/server/ikongtiao/ikongtiao-dao/target/classes/mybatis/ikongtiao/RepairOrder.xml]'
16-03-09 13:44:12.827 [main] DEBUG org.mybatis.spring.SqlSessionFactoryBean - Parsed mapper file: 'file [/Users/zhanghong/Desktop/work/server/ikongtiao/ikongtiao-dao/target/classes/mybatis/ikongtiao/RepairOrderAuditInfo.xml]'
16-03-09 13:44:12.831 [main] DEBUG org.mybatis.spring.SqlSessionFactoryBean - Parsed mapper file: 'file [/Users/zhanghong/Desktop/work/server/ikongtiao/ikongtiao-dao/target/classes/mybatis/ikongtiao/Sequence.xml]'
16-03-09 13:44:12.871 [main] DEBUG org.mybatis.spring.SqlSessionFactoryBean - Parsed mapper file: 'file [/Users/zhanghong/Desktop/work/server/ikongtiao/ikongtiao-dao/target/classes/mybatis/ikongtiao/SystemParam.xml]'
16-03-09 13:44:12.879 [main] DEBUG org.mybatis.spring.SqlSessionFactoryBean - Parsed mapper file: 'file [/Users/zhanghong/Desktop/work/server/ikongtiao/ikongtiao-dao/target/classes/mybatis/ikongtiao/UserAuthAction.xml]'
16-03-09 13:44:12.886 [main] DEBUG org.mybatis.spring.SqlSessionFactoryBean - Parsed mapper file: 'file [/Users/zhanghong/Desktop/work/server/ikongtiao/ikongtiao-dao/target/classes/mybatis/ikongtiao/UserInfo.xml]'
16-03-09 13:44:12.895 [main] DEBUG org.mybatis.spring.SqlSessionFactoryBean - Parsed mapper file: 'file [/Users/zhanghong/Desktop/work/server/ikongtiao/ikongtiao-dao/target/classes/mybatis/ikongtiao-mix/MissionDto.xml]'
16-03-09 13:44:12.903 [main] DEBUG org.mybatis.spring.SqlSessionFactoryBean - Parsed mapper file: 'file [/Users/zhanghong/Desktop/work/server/ikongtiao/ikongtiao-dao/target/classes/mybatis/ikongtiao-mix/UserInfoDto.xml]'
16-03-09 13:44:14.715 [main] DEBUG org.mybatis.spring.SqlSessionUtils - Creating a new SqlSession
16-03-09 13:44:14.720 [main] DEBUG org.mybatis.spring.SqlSessionUtils - SqlSession [org.apache.ibatis.session.defaults.DefaultSqlSession@713a35c5] was not registered for synchronization because synchronization is not active
16-03-09 13:44:15.209 [main] DEBUG org.mybatis.spring.transaction.SpringManagedTransaction - JDBC Connection [com.mchange.v2.c3p0.impl.NewProxyConnection@2e7af36e] will not be managed by Spring
16-03-09 13:44:15.250 [main] DEBUG org.mybatis.spring.SqlSessionUtils - Closing non transactional SqlSession [org.apache.ibatis.session.defaults.DefaultSqlSession@713a35c5]
16-03-09 13:47:15.421 [main] DEBUG org.mybatis.spring.SqlSessionFactoryBean - Parsed configuration file: 'class path resource [mybatis/sqlMapConfig.xml]'
16-03-09 13:47:15.474 [main] DEBUG org.mybatis.spring.SqlSessionFactoryBean - Parsed mapper file: 'file [/Users/zhanghong/Desktop/work/server/ikongtiao/ikongtiao-dao/target/classes/mybatis/ikongtiao/Accessory.xml]'
16-03-09 13:47:15.486 [main] DEBUG org.mybatis.spring.SqlSessionFactoryBean - Parsed mapper file: 'file [/Users/zhanghong/Desktop/work/server/ikongtiao/ikongtiao-dao/target/classes/mybatis/ikongtiao/Address.xml]'
16-03-09 13:47:15.501 [main] DEBUG org.mybatis.spring.SqlSessionFactoryBean - Parsed mapper file: 'file [/Users/zhanghong/Desktop/work/server/ikongtiao/ikongtiao-dao/target/classes/mybatis/ikongtiao/Admin.xml]'
16-03-09 13:47:15.508 [main] DEBUG org.mybatis.spring.SqlSessionFactoryBean - Parsed mapper file: 'file [/Users/zhanghong/Desktop/work/server/ikongtiao/ikongtiao-dao/target/classes/mybatis/ikongtiao/BusinessSettings.xml]'
16-03-09 13:47:15.518 [main] DEBUG org.mybatis.spring.SqlSessionFactoryBean - Parsed mapper file: 'file [/Users/zhanghong/Desktop/work/server/ikongtiao/ikongtiao-dao/target/classes/mybatis/ikongtiao/Comment.xml]'
16-03-09 13:47:15.537 [main] DEBUG org.mybatis.spring.SqlSessionFactoryBean - Parsed mapper file: 'file [/Users/zhanghong/Desktop/work/server/ikongtiao/ikongtiao-dao/target/classes/mybatis/ikongtiao/Fixer.xml]'
16-03-09 13:47:15.545 [main] DEBUG org.mybatis.spring.SqlSessionFactoryBean - Parsed mapper file: 'file [/Users/zhanghong/Desktop/work/server/ikongtiao/ikongtiao-dao/target/classes/mybatis/ikongtiao/FixerCertInfo.xml]'
16-03-09 13:47:15.553 [main] DEBUG org.mybatis.spring.SqlSessionFactoryBean - Parsed mapper file: 'file [/Users/zhanghong/Desktop/work/server/ikongtiao/ikongtiao-dao/target/classes/mybatis/ikongtiao/FixerDevice.xml]'
16-03-09 13:47:15.561 [main] DEBUG org.mybatis.spring.SqlSessionFactoryBean - Parsed mapper file: 'file [/Users/zhanghong/Desktop/work/server/ikongtiao/ikongtiao-dao/target/classes/mybatis/ikongtiao/FixerInsuranceInfo.xml]'
16-03-09 13:47:15.569 [main] DEBUG org.mybatis.spring.SqlSessionFactoryBean - Parsed mapper file: 'file [/Users/zhanghong/Desktop/work/server/ikongtiao/ikongtiao-dao/target/classes/mybatis/ikongtiao/FixerProfessionInfo.xml]'
16-03-09 13:47:15.575 [main] DEBUG org.mybatis.spring.SqlSessionFactoryBean - Parsed mapper file: 'file [/Users/zhanghong/Desktop/work/server/ikongtiao/ikongtiao-dao/target/classes/mybatis/ikongtiao/GetuiClientId.xml]'
16-03-09 13:47:15.585 [main] DEBUG org.mybatis.spring.SqlSessionFactoryBean - Parsed mapper file: 'file [/Users/zhanghong/Desktop/work/server/ikongtiao/ikongtiao-dao/target/classes/mybatis/ikongtiao/ImMessage.xml]'
16-03-09 13:47:15.599 [main] DEBUG org.mybatis.spring.SqlSessionFactoryBean - Parsed mapper file: 'file [/Users/zhanghong/Desktop/work/server/ikongtiao/ikongtiao-dao/target/classes/mybatis/ikongtiao/ImToken.xml]'
16-03-09 13:47:15.610 [main] DEBUG org.mybatis.spring.SqlSessionFactoryBean - Parsed mapper file: 'file [/Users/zhanghong/Desktop/work/server/ikongtiao/ikongtiao-dao/target/classes/mybatis/ikongtiao/MachineType.xml]'
16-03-09 13:47:15.620 [main] DEBUG org.mybatis.spring.SqlSessionFactoryBean - Parsed mapper file: 'file [/Users/zhanghong/Desktop/work/server/ikongtiao/ikongtiao-dao/target/classes/mybatis/ikongtiao/MicroCode.xml]'
16-03-09 13:47:15.628 [main] DEBUG org.mybatis.spring.SqlSessionFactoryBean - Parsed mapper file: 'file [/Users/zhanghong/Desktop/work/server/ikongtiao/ikongtiao-dao/target/classes/mybatis/ikongtiao/Mission.xml]'
16-03-09 13:47:15.636 [main] DEBUG org.mybatis.spring.SqlSessionFactoryBean - Parsed mapper file: 'file [/Users/zhanghong/Desktop/work/server/ikongtiao/ikongtiao-dao/target/classes/mybatis/ikongtiao/MissionAddress.xml]'
16-03-09 13:47:15.644 [main] DEBUG org.mybatis.spring.SqlSessionFactoryBean - Parsed mapper file: 'file [/Users/zhanghong/Desktop/work/server/ikongtiao/ikongtiao-dao/target/classes/mybatis/ikongtiao/MissionImg.xml]'
16-03-09 13:47:15.692 [main] DEBUG org.mybatis.spring.SqlSessionFactoryBean - Parsed mapper file: 'file [/Users/zhanghong/Desktop/work/server/ikongtiao/ikongtiao-dao/target/classes/mybatis/ikongtiao/PaymentInfo.xml]'
16-03-09 13:47:15.701 [main] DEBUG org.mybatis.spring.SqlSessionFactoryBean - Parsed mapper file: 'file [/Users/zhanghong/Desktop/work/server/ikongtiao/ikongtiao-dao/target/classes/mybatis/ikongtiao/RepairOrder.xml]'
16-03-09 13:47:15.705 [main] DEBUG org.mybatis.spring.SqlSessionFactoryBean - Parsed mapper file: 'file [/Users/zhanghong/Desktop/work/server/ikongtiao/ikongtiao-dao/target/classes/mybatis/ikongtiao/RepairOrderAuditInfo.xml]'
16-03-09 13:47:15.709 [main] DEBUG org.mybatis.spring.SqlSessionFactoryBean - Parsed mapper file: 'file [/Users/zhanghong/Desktop/work/server/ikongtiao/ikongtiao-dao/target/classes/mybatis/ikongtiao/Sequence.xml]'
16-03-09 13:47:15.716 [main] DEBUG org.mybatis.spring.SqlSessionFactoryBean - Parsed mapper file: 'file [/Users/zhanghong/Desktop/work/server/ikongtiao/ikongtiao-dao/target/classes/mybatis/ikongtiao/SystemParam.xml]'
16-03-09 13:47:15.723 [main] DEBUG org.mybatis.spring.SqlSessionFactoryBean - Parsed mapper file: 'file [/Users/zhanghong/Desktop/work/server/ikongtiao/ikongtiao-dao/target/classes/mybatis/ikongtiao/UserAuthAction.xml]'
16-03-09 13:47:15.732 [main] DEBUG org.mybatis.spring.SqlSessionFactoryBean - Parsed mapper file: 'file [/Users/zhanghong/Desktop/work/server/ikongtiao/ikongtiao-dao/target/classes/mybatis/ikongtiao/UserInfo.xml]'
16-03-09 13:47:15.740 [main] DEBUG org.mybatis.spring.SqlSessionFactoryBean - Parsed mapper file: 'file [/Users/zhanghong/Desktop/work/server/ikongtiao/ikongtiao-dao/target/classes/mybatis/ikongtiao-mix/MissionDto.xml]'
16-03-09 13:47:15.748 [main] DEBUG org.mybatis.spring.SqlSessionFactoryBean - Parsed mapper file: 'file [/Users/zhanghong/Desktop/work/server/ikongtiao/ikongtiao-dao/target/classes/mybatis/ikongtiao-mix/UserInfoDto.xml]'
16-03-09 13:49:45.591 [main] DEBUG org.mybatis.spring.SqlSessionFactoryBean - Parsed configuration file: 'class path resource [mybatis/sqlMapConfig.xml]'
16-03-09 13:49:45.644 [main] DEBUG org.mybatis.spring.SqlSessionFactoryBean - Parsed mapper file: 'file [/Users/zhanghong/Desktop/work/server/ikongtiao/ikongtiao-dao/target/classes/mybatis/ikongtiao/Accessory.xml]'
16-03-09 13:49:45.654 [main] DEBUG org.mybatis.spring.SqlSessionFactoryBean - Parsed mapper file: 'file [/Users/zhanghong/Desktop/work/server/ikongtiao/ikongtiao-dao/target/classes/mybatis/ikongtiao/Address.xml]'
16-03-09 13:49:45.669 [main] DEBUG org.mybatis.spring.SqlSessionFactoryBean - Parsed mapper file: 'file [/Users/zhanghong/Desktop/work/server/ikongtiao/ikongtiao-dao/target/classes/mybatis/ikongtiao/Admin.xml]'
16-03-09 13:49:45.677 [main] DEBUG org.mybatis.spring.SqlSessionFactoryBean - Parsed mapper file: 'file [/Users/zhanghong/Desktop/work/server/ikongtiao/ikongtiao-dao/target/classes/mybatis/ikongtiao/BusinessSettings.xml]'
16-03-09 13:49:45.688 [main] DEBUG org.mybatis.spring.SqlSessionFactoryBean - Parsed mapper file: 'file [/Users/zhanghong/Desktop/work/server/ikongtiao/ikongtiao-dao/target/classes/mybatis/ikongtiao/Comment.xml]'
16-03-09 13:49:45.709 [main] DEBUG org.mybatis.spring.SqlSessionFactoryBean - Parsed mapper file: 'file [/Users/zhanghong/Desktop/work/server/ikongtiao/ikongtiao-dao/target/classes/mybatis/ikongtiao/Fixer.xml]'
16-03-09 13:49:45.719 [main] DEBUG org.mybatis.spring.SqlSessionFactoryBean - Parsed mapper file: 'file [/Users/zhanghong/Desktop/work/server/ikongtiao/ikongtiao-dao/target/classes/mybatis/ikongtiao/FixerCertInfo.xml]'
16-03-09 13:49:45.728 [main] DEBUG org.mybatis.spring.SqlSessionFactoryBean - Parsed mapper file: 'file [/Users/zhanghong/Desktop/work/server/ikongtiao/ikongtiao-dao/target/classes/mybatis/ikongtiao/FixerDevice.xml]'
16-03-09 13:49:45.736 [main] DEBUG org.mybatis.spring.SqlSessionFactoryBean - Parsed mapper file: 'file [/Users/zhanghong/Desktop/work/server/ikongtiao/ikongtiao-dao/target/classes/mybatis/ikongtiao/FixerInsuranceInfo.xml]'
16-03-09 13:49:45.744 [main] DEBUG org.mybatis.spring.SqlSessionFactoryBean - Parsed mapper file: 'file [/Users/zhanghong/Desktop/work/server/ikongtiao/ikongtiao-dao/target/classes/mybatis/ikongtiao/FixerProfessionInfo.xml]'
16-03-09 13:49:45.751 [main] DEBUG org.mybatis.spring.SqlSessionFactoryBean - Parsed mapper file: 'file [/Users/zhanghong/Desktop/work/server/ikongtiao/ikongtiao-dao/target/classes/mybatis/ikongtiao/GetuiClientId.xml]'
16-03-09 13:49:45.760 [main] DEBUG org.mybatis.spring.SqlSessionFactoryBean - Parsed mapper file: 'file [/Users/zhanghong/Desktop/work/server/ikongtiao/ikongtiao-dao/target/classes/mybatis/ikongtiao/ImMessage.xml]'
16-03-09 13:49:45.768 [main] DEBUG org.mybatis.spring.SqlSessionFactoryBean - Parsed mapper file: 'file [/Users/zhanghong/Desktop/work/server/ikongtiao/ikongtiao-dao/target/classes/mybatis/ikongtiao/ImToken.xml]'
16-03-09 13:49:45.782 [main] DEBUG org.mybatis.spring.SqlSessionFactoryBean - Parsed mapper file: 'file [/Users/zhanghong/Desktop/work/server/ikongtiao/ikongtiao-dao/target/classes/mybatis/ikongtiao/MachineType.xml]'
16-03-09 13:49:45.792 [main] DEBUG org.mybatis.spring.SqlSessionFactoryBean - Parsed mapper file: 'file [/Users/zhanghong/Desktop/work/server/ikongtiao/ikongtiao-dao/target/classes/mybatis/ikongtiao/MicroCode.xml]'
16-03-09 13:49:45.800 [main] DEBUG org.mybatis.spring.SqlSessionFactoryBean - Parsed mapper file: 'file [/Users/zhanghong/Desktop/work/server/ikongtiao/ikongtiao-dao/target/classes/mybatis/ikongtiao/Mission.xml]'
16-03-09 13:49:45.808 [main] DEBUG org.mybatis.spring.SqlSessionFactoryBean - Parsed mapper file: 'file [/Users/zhanghong/Desktop/work/server/ikongtiao/ikongtiao-dao/target/classes/mybatis/ikongtiao/MissionAddress.xml]'
16-03-09 13:49:45.815 [main] DEBUG org.mybatis.spring.SqlSessionFactoryBean - Parsed mapper file: 'file [/Users/zhanghong/Desktop/work/server/ikongtiao/ikongtiao-dao/target/classes/mybatis/ikongtiao/MissionImg.xml]'
16-03-09 13:49:45.856 [main] DEBUG org.mybatis.spring.SqlSessionFactoryBean - Parsed mapper file: 'file [/Users/zhanghong/Desktop/work/server/ikongtiao/ikongtiao-dao/target/classes/mybatis/ikongtiao/PaymentInfo.xml]'
16-03-09 13:49:45.865 [main] DEBUG org.mybatis.spring.SqlSessionFactoryBean - Parsed mapper file: 'file [/Users/zhanghong/Desktop/work/server/ikongtiao/ikongtiao-dao/target/classes/mybatis/ikongtiao/RepairOrder.xml]'
16-03-09 13:49:45.869 [main] DEBUG org.mybatis.spring.SqlSessionFactoryBean - Parsed mapper file: 'file [/Users/zhanghong/Desktop/work/server/ikongtiao/ikongtiao-dao/target/classes/mybatis/ikongtiao/RepairOrderAuditInfo.xml]'
16-03-09 13:49:45.873 [main] DEBUG org.mybatis.spring.SqlSessionFactoryBean - Parsed mapper file: 'file [/Users/zhanghong/Desktop/work/server/ikongtiao/ikongtiao-dao/target/classes/mybatis/ikongtiao/Sequence.xml]'
16-03-09 13:49:45.878 [main] DEBUG org.mybatis.spring.SqlSessionFactoryBean - Parsed mapper file: 'file [/Users/zhanghong/Desktop/work/server/ikongtiao/ikongtiao-dao/target/classes/mybatis/ikongtiao/SystemParam.xml]'
16-03-09 13:49:45.883 [main] DEBUG org.mybatis.spring.SqlSessionFactoryBean - Parsed mapper file: 'file [/Users/zhanghong/Desktop/work/server/ikongtiao/ikongtiao-dao/target/classes/mybatis/ikongtiao/UserAuthAction.xml]'
16-03-09 13:49:45.889 [main] DEBUG org.mybatis.spring.SqlSessionFactoryBean - Parsed mapper file: 'file [/Users/zhanghong/Desktop/work/server/ikongtiao/ikongtiao-dao/target/classes/mybatis/ikongtiao/UserInfo.xml]'
16-03-09 13:49:45.897 [main] DEBUG org.mybatis.spring.SqlSessionFactoryBean - Parsed mapper file: 'file [/Users/zhanghong/Desktop/work/server/ikongtiao/ikongtiao-dao/target/classes/mybatis/ikongtiao-mix/MissionDto.xml]'
16-03-09 13:49:45.904 [main] DEBUG org.mybatis.spring.SqlSessionFactoryBean - Parsed mapper file: 'file [/Users/zhanghong/Desktop/work/server/ikongtiao/ikongtiao-dao/target/classes/mybatis/ikongtiao-mix/UserInfoDto.xml]'
16-03-09 13:49:47.624 [main] DEBUG org.mybatis.spring.SqlSessionUtils - Creating a new SqlSession
16-03-09 13:49:47.628 [main] DEBUG org.mybatis.spring.SqlSessionUtils - SqlSession [org.apache.ibatis.session.defaults.DefaultSqlSession@5136207f] was not registered for synchronization because synchronization is not active
16-03-09 13:49:48.051 [main] DEBUG org.mybatis.spring.transaction.SpringManagedTransaction - JDBC Connection [com.mchange.v2.c3p0.impl.NewProxyConnection@184dbacc] will not be managed by Spring
16-03-09 13:49:48.098 [main] DEBUG org.mybatis.spring.SqlSessionUtils - Closing non transactional SqlSession [org.apache.ibatis.session.defaults.DefaultSqlSession@5136207f]
16-03-09 13:49:48.098 [main] DEBUG org.mybatis.spring.SqlSessionUtils - Creating a new SqlSession
16-03-09 13:49:48.099 [main] DEBUG org.mybatis.spring.SqlSessionUtils - SqlSession [org.apache.ibatis.session.defaults.DefaultSqlSession@1cb37ee4] was not registered for synchronization because synchronization is not active
16-03-09 13:49:48.099 [main] DEBUG org.mybatis.spring.transaction.SpringManagedTransaction - JDBC Connection [com.mchange.v2.c3p0.impl.NewProxyConnection@385e36d4] will not be managed by Spring
16-03-09 13:49:48.110 [main] DEBUG org.mybatis.spring.SqlSessionUtils - Closing non transactional SqlSession [org.apache.ibatis.session.defaults.DefaultSqlSession@1cb37ee4]
16-03-09 13:51:37.698 [main] DEBUG org.mybatis.spring.SqlSessionFactoryBean - Parsed configuration file: 'class path resource [mybatis/sqlMapConfig.xml]'
16-03-09 13:51:37.747 [main] DEBUG org.mybatis.spring.SqlSessionFactoryBean - Parsed mapper file: 'file [/Users/zhanghong/Desktop/work/server/ikongtiao/ikongtiao-dao/target/classes/mybatis/ikongtiao/Accessory.xml]'
16-03-09 13:51:37.759 [main] DEBUG org.mybatis.spring.SqlSessionFactoryBean - Parsed mapper file: 'file [/Users/zhanghong/Desktop/work/server/ikongtiao/ikongtiao-dao/target/classes/mybatis/ikongtiao/Address.xml]'
16-03-09 13:51:37.774 [main] DEBUG org.mybatis.spring.SqlSessionFactoryBean - Parsed mapper file: 'file [/Users/zhanghong/Desktop/work/server/ikongtiao/ikongtiao-dao/target/classes/mybatis/ikongtiao/Admin.xml]'
16-03-09 13:51:37.782 [main] DEBUG org.mybatis.spring.SqlSessionFactoryBean - Parsed mapper file: 'file [/Users/zhanghong/Desktop/work/server/ikongtiao/ikongtiao-dao/target/classes/mybatis/ikongtiao/BusinessSettings.xml]'
16-03-09 13:51:37.794 [main] DEBUG org.mybatis.spring.SqlSessionFactoryBean - Parsed mapper file: 'file [/Users/zhanghong/Desktop/work/server/ikongtiao/ikongtiao-dao/target/classes/mybatis/ikongtiao/Comment.xml]'
16-03-09 13:51:37.815 [main] DEBUG org.mybatis.spring.SqlSessionFactoryBean - Parsed mapper file: 'file [/Users/zhanghong/Desktop/work/server/ikongtiao/ikongtiao-dao/target/classes/mybatis/ikongtiao/Fixer.xml]'
16-03-09 13:51:37.823 [main] DEBUG org.mybatis.spring.SqlSessionFactoryBean - Parsed mapper file: 'file [/Users/zhanghong/Desktop/work/server/ikongtiao/ikongtiao-dao/target/classes/mybatis/ikongtiao/FixerCertInfo.xml]'
16-03-09 13:51:37.833 [main] DEBUG org.mybatis.spring.SqlSessionFactoryBean - Parsed mapper file: 'file [/Users/zhanghong/Desktop/work/server/ikongtiao/ikongtiao-dao/target/classes/mybatis/ikongtiao/FixerDevice.xml]'
16-03-09 13:51:37.842 [main] DEBUG org.mybatis.spring.SqlSessionFactoryBean - Parsed mapper file: 'file [/Users/zhanghong/Desktop/work/server/ikongtiao/ikongtiao-dao/target/classes/mybatis/ikongtiao/FixerInsuranceInfo.xml]'
16-03-09 13:51:37.849 [main] DEBUG org.mybatis.spring.SqlSessionFactoryBean - Parsed mapper file: 'file [/Users/zhanghong/Desktop/work/server/ikongtiao/ikongtiao-dao/target/classes/mybatis/ikongtiao/FixerProfessionInfo.xml]'
16-03-09 13:51:37.855 [main] DEBUG org.mybatis.spring.SqlSessionFactoryBean - Parsed mapper file: 'file [/Users/zhanghong/Desktop/work/server/ikongtiao/ikongtiao-dao/target/classes/mybatis/ikongtiao/GetuiClientId.xml]'
16-03-09 13:51:37.864 [main] DEBUG org.mybatis.spring.SqlSessionFactoryBean - Parsed mapper file: 'file [/Users/zhanghong/Desktop/work/server/ikongtiao/ikongtiao-dao/target/classes/mybatis/ikongtiao/ImMessage.xml]'
16-03-09 13:51:37.878 [main] DEBUG org.mybatis.spring.SqlSessionFactoryBean - Parsed mapper file: 'file [/Users/zhanghong/Desktop/work/server/ikongtiao/ikongtiao-dao/target/classes/mybatis/ikongtiao/ImToken.xml]'
16-03-09 13:51:37.888 [main] DEBUG org.mybatis.spring.SqlSessionFactoryBean - Parsed mapper file: 'file [/Users/zhanghong/Desktop/work/server/ikongtiao/ikongtiao-dao/target/classes/mybatis/ikongtiao/MachineType.xml]'
16-03-09 13:51:37.896 [main] DEBUG org.mybatis.spring.SqlSessionFactoryBean - Parsed mapper file: 'file [/Users/zhanghong/Desktop/work/server/ikongtiao/ikongtiao-dao/target/classes/mybatis/ikongtiao/MicroCode.xml]'
16-03-09 13:51:37.905 [main] DEBUG org.mybatis.spring.SqlSessionFactoryBean - Parsed mapper file: 'file [/Users/zhanghong/Desktop/work/server/ikongtiao/ikongtiao-dao/target/classes/mybatis/ikongtiao/Mission.xml]'
16-03-09 13:51:37.912 [main] DEBUG org.mybatis.spring.SqlSessionFactoryBean - Parsed mapper file: 'file [/Users/zhanghong/Desktop/work/server/ikongtiao/ikongtiao-dao/target/classes/mybatis/ikongtiao/MissionAddress.xml]'
16-03-09 13:51:37.919 [main] DEBUG org.mybatis.spring.SqlSessionFactoryBean - Parsed mapper file: 'file [/Users/zhanghong/Desktop/work/server/ikongtiao/ikongtiao-dao/target/classes/mybatis/ikongtiao/MissionImg.xml]'
16-03-09 13:51:37.962 [main] DEBUG org.mybatis.spring.SqlSessionFactoryBean - Parsed mapper file: 'file [/Users/zhanghong/Desktop/work/server/ikongtiao/ikongtiao-dao/target/classes/mybatis/ikongtiao/PaymentInfo.xml]'
16-03-09 13:51:37.969 [main] DEBUG org.mybatis.spring.SqlSessionFactoryBean - Parsed mapper file: 'file [/Users/zhanghong/Desktop/work/server/ikongtiao/ikongtiao-dao/target/classes/mybatis/ikongtiao/RepairOrder.xml]'
16-03-09 13:51:37.973 [main] DEBUG org.mybatis.spring.SqlSessionFactoryBean - Parsed mapper file: 'file [/Users/zhanghong/Desktop/work/server/ikongtiao/ikongtiao-dao/target/classes/mybatis/ikongtiao/RepairOrderAuditInfo.xml]'
16-03-09 13:51:37.976 [main] DEBUG org.mybatis.spring.SqlSessionFactoryBean - Parsed mapper file: 'file [/Users/zhanghong/Desktop/work/server/ikongtiao/ikongtiao-dao/target/classes/mybatis/ikongtiao/Sequence.xml]'
16-03-09 13:51:37.981 [main] DEBUG org.mybatis.spring.SqlSessionFactoryBean - Parsed mapper file: 'file [/Users/zhanghong/Desktop/work/server/ikongtiao/ikongtiao-dao/target/classes/mybatis/ikongtiao/SystemParam.xml]'
16-03-09 13:51:37.988 [main] DEBUG org.mybatis.spring.SqlSessionFactoryBean - Parsed mapper file: 'file [/Users/zhanghong/Desktop/work/server/ikongtiao/ikongtiao-dao/target/classes/mybatis/ikongtiao/UserAuthAction.xml]'
16-03-09 13:51:37.994 [main] DEBUG org.mybatis.spring.SqlSessionFactoryBean - Parsed mapper file: 'file [/Users/zhanghong/Desktop/work/server/ikongtiao/ikongtiao-dao/target/classes/mybatis/ikongtiao/UserInfo.xml]'
16-03-09 13:51:38.002 [main] DEBUG org.mybatis.spring.SqlSessionFactoryBean - Parsed mapper file: 'file [/Users/zhanghong/Desktop/work/server/ikongtiao/ikongtiao-dao/target/classes/mybatis/ikongtiao-mix/MissionDto.xml]'
16-03-09 13:51:38.008 [main] DEBUG org.mybatis.spring.SqlSessionFactoryBean - Parsed mapper file: 'file [/Users/zhanghong/Desktop/work/server/ikongtiao/ikongtiao-dao/target/classes/mybatis/ikongtiao-mix/UserInfoDto.xml]'
16-03-09 13:51:39.375 [main] DEBUG org.mybatis.spring.SqlSessionUtils - Creating a new SqlSession
16-03-09 13:51:39.381 [main] DEBUG org.mybatis.spring.SqlSessionUtils - SqlSession [org.apache.ibatis.session.defaults.DefaultSqlSession@5136207f] was not registered for synchronization because synchronization is not active
16-03-09 13:51:39.772 [main] DEBUG org.mybatis.spring.transaction.SpringManagedTransaction - JDBC Connection [com.mchange.v2.c3p0.impl.NewProxyConnection@184dbacc] will not be managed by Spring
16-03-09 13:51:39.803 [main] DEBUG org.mybatis.spring.SqlSessionUtils - Closing non transactional SqlSession [org.apache.ibatis.session.defaults.DefaultSqlSession@5136207f]
16-03-09 13:51:39.804 [main] DEBUG org.mybatis.spring.SqlSessionUtils - Creating a new SqlSession
16-03-09 13:51:39.804 [main] DEBUG org.mybatis.spring.SqlSessionUtils - SqlSession [org.apache.ibatis.session.defaults.DefaultSqlSession@1cb37ee4] was not registered for synchronization because synchronization is not active
16-03-09 13:51:39.805 [main] DEBUG org.mybatis.spring.transaction.SpringManagedTransaction - JDBC Connection [com.mchange.v2.c3p0.impl.NewProxyConnection@385e36d4] will not be managed by Spring
16-03-09 13:51:39.829 [main] DEBUG org.mybatis.spring.SqlSessionUtils - Closing non transactional SqlSession [org.apache.ibatis.session.defaults.DefaultSqlSession@1cb37ee4]
16-03-09 13:53:22.427 [main] DEBUG org.mybatis.spring.SqlSessionFactoryBean - Parsed configuration file: 'class path resource [mybatis/sqlMapConfig.xml]'
16-03-09 13:53:22.479 [main] DEBUG org.mybatis.spring.SqlSessionFactoryBean - Parsed mapper file: 'file [/Users/zhanghong/Desktop/work/server/ikongtiao/ikongtiao-dao/target/classes/mybatis/ikongtiao/Accessory.xml]'
16-03-09 13:53:22.490 [main] DEBUG org.mybatis.spring.SqlSessionFactoryBean - Parsed mapper file: 'file [/Users/zhanghong/Desktop/work/server/ikongtiao/ikongtiao-dao/target/classes/mybatis/ikongtiao/Address.xml]'
16-03-09 13:53:22.505 [main] DEBUG org.mybatis.spring.SqlSessionFactoryBean - Parsed mapper file: 'file [/Users/zhanghong/Desktop/work/server/ikongtiao/ikongtiao-dao/target/classes/mybatis/ikongtiao/Admin.xml]'
16-03-09 13:53:22.511 [main] DEBUG org.mybatis.spring.SqlSessionFactoryBean - Parsed mapper file: 'file [/Users/zhanghong/Desktop/work/server/ikongtiao/ikongtiao-dao/target/classes/mybatis/ikongtiao/BusinessSettings.xml]'
16-03-09 13:53:22.521 [main] DEBUG org.mybatis.spring.SqlSessionFactoryBean - Parsed mapper file: 'file [/Users/zhanghong/Desktop/work/server/ikongtiao/ikongtiao-dao/target/classes/mybatis/ikongtiao/Comment.xml]'
16-03-09 13:53:22.544 [main] DEBUG org.mybatis.spring.SqlSessionFactoryBean - Parsed mapper file: 'file [/Users/zhanghong/Desktop/work/server/ikongtiao/ikongtiao-dao/target/classes/mybatis/ikongtiao/Fixer.xml]'
16-03-09 13:53:22.555 [main] DEBUG org.mybatis.spring.SqlSessionFactoryBean - Parsed mapper file: 'file [/Users/zhanghong/Desktop/work/server/ikongtiao/ikongtiao-dao/target/classes/mybatis/ikongtiao/FixerCertInfo.xml]'
16-03-09 13:53:22.564 [main] DEBUG org.mybatis.spring.SqlSessionFactoryBean - Parsed mapper file: 'file [/Users/zhanghong/Desktop/work/server/ikongtiao/ikongtiao-dao/target/classes/mybatis/ikongtiao/FixerDevice.xml]'
16-03-09 13:53:22.573 [main] DEBUG org.mybatis.spring.SqlSessionFactoryBean - Parsed mapper file: 'file [/Users/zhanghong/Desktop/work/server/ikongtiao/ikongtiao-dao/target/classes/mybatis/ikongtiao/FixerInsuranceInfo.xml]'
16-03-09 13:53:22.581 [main] DEBUG org.mybatis.spring.SqlSessionFactoryBean - Parsed mapper file: 'file [/Users/zhanghong/Desktop/work/server/ikongtiao/ikongtiao-dao/target/classes/mybatis/ikongtiao/FixerProfessionInfo.xml]'
16-03-09 13:53:22.586 [main] DEBUG org.mybatis.spring.SqlSessionFactoryBean - Parsed mapper file: 'file [/Users/zhanghong/Desktop/work/server/ikongtiao/ikongtiao-dao/target/classes/mybatis/ikongtiao/GetuiClientId.xml]'
16-03-09 13:53:22.594 [main] DEBUG org.mybatis.spring.SqlSessionFactoryBean - Parsed mapper file: 'file [/Users/zhanghong/Desktop/work/server/ikongtiao/ikongtiao-dao/target/classes/mybatis/ikongtiao/ImMessage.xml]'
16-03-09 13:53:22.601 [main] DEBUG org.mybatis.spring.SqlSessionFactoryBean - Parsed mapper file: 'file [/Users/zhanghong/Desktop/work/server/ikongtiao/ikongtiao-dao/target/classes/mybatis/ikongtiao/ImToken.xml]'
16-03-09 13:53:22.608 [main] DEBUG org.mybatis.spring.SqlSessionFactoryBean - Parsed mapper file: 'file [/Users/zhanghong/Desktop/work/server/ikongtiao/ikongtiao-dao/target/classes/mybatis/ikongtiao/MachineType.xml]'
16-03-09 13:53:22.616 [main] DEBUG org.mybatis.spring.SqlSessionFactoryBean - Parsed mapper file: 'file [/Users/zhanghong/Desktop/work/server/ikongtiao/ikongtiao-dao/target/classes/mybatis/ikongtiao/MicroCode.xml]'
16-03-09 13:53:22.627 [main] DEBUG org.mybatis.spring.SqlSessionFactoryBean - Parsed mapper file: 'file [/Users/zhanghong/Desktop/work/server/ikongtiao/ikongtiao-dao/target/classes/mybatis/ikongtiao/Mission.xml]'
16-03-09 13:53:22.638 [main] DEBUG org.mybatis.spring.SqlSessionFactoryBean - Parsed mapper file: 'file [/Users/zhanghong/Desktop/work/server/ikongtiao/ikongtiao-dao/target/classes/mybatis/ikongtiao/MissionAddress.xml]'
16-03-09 13:53:22.646 [main] DEBUG org.mybatis.spring.SqlSessionFactoryBean - Parsed mapper file: 'file [/Users/zhanghong/Desktop/work/server/ikongtiao/ikongtiao-dao/target/classes/mybatis/ikongtiao/MissionImg.xml]'
16-03-09 13:53:22.654 [main] DEBUG org.mybatis.spring.SqlSessionFactoryBean - Parsed mapper file: 'file [/Users/zhanghong/Desktop/work/server/ikongtiao/ikongtiao-dao/target/classes/mybatis/ikongtiao/PaymentInfo.xml]'
16-03-09 13:53:22.701 [main] DEBUG org.mybatis.spring.SqlSessionFactoryBean - Parsed mapper file: 'file [/Users/zhanghong/Desktop/work/server/ikongtiao/ikongtiao-dao/target/classes/mybatis/ikongtiao/RepairOrder.xml]'
16-03-09 13:53:22.705 [main] DEBUG org.mybatis.spring.SqlSessionFactoryBean - Parsed mapper file: 'file [/Users/zhanghong/Desktop/work/server/ikongtiao/ikongtiao-dao/target/classes/mybatis/ikongtiao/RepairOrderAuditInfo.xml]'
16-03-09 13:53:22.708 [main] DEBUG org.mybatis.spring.SqlSessionFactoryBean - Parsed mapper file: 'file [/Users/zhanghong/Desktop/work/server/ikongtiao/ikongtiao-dao/target/classes/mybatis/ikongtiao/Sequence.xml]'
16-03-09 13:53:22.712 [main] DEBUG org.mybatis.spring.SqlSessionFactoryBean - Parsed mapper file: 'file [/Users/zhanghong/Desktop/work/server/ikongtiao/ikongtiao-dao/target/classes/mybatis/ikongtiao/SystemParam.xml]'
16-03-09 13:53:22.718 [main] DEBUG org.mybatis.spring.SqlSessionFactoryBean - Parsed mapper file: 'file [/Users/zhanghong/Desktop/work/server/ikongtiao/ikongtiao-dao/target/classes/mybatis/ikongtiao/UserAuthAction.xml]'
16-03-09 13:53:22.726 [main] DEBUG org.mybatis.spring.SqlSessionFactoryBean - Parsed mapper file: 'file [/Users/zhanghong/Desktop/work/server/ikongtiao/ikongtiao-dao/target/classes/mybatis/ikongtiao/UserInfo.xml]'
16-03-09 13:53:22.735 [main] DEBUG org.mybatis.spring.SqlSessionFactoryBean - Parsed mapper file: 'file [/Users/zhanghong/Desktop/work/server/ikongtiao/ikongtiao-dao/target/classes/mybatis/ikongtiao-mix/MissionDto.xml]'
16-03-09 13:53:22.742 [main] DEBUG org.mybatis.spring.SqlSessionFactoryBean - Parsed mapper file: 'file [/Users/zhanghong/Desktop/work/server/ikongtiao/ikongtiao-dao/target/classes/mybatis/ikongtiao-mix/UserInfoDto.xml]'
16-03-09 13:53:24.437 [main] DEBUG org.mybatis.spring.SqlSessionUtils - Creating a new SqlSession
16-03-09 13:53:24.441 [main] DEBUG org.mybatis.spring.SqlSessionUtils - SqlSession [org.apache.ibatis.session.defaults.DefaultSqlSession@5136207f] was not registered for synchronization because synchronization is not active
16-03-09 13:53:24.933 [main] DEBUG org.mybatis.spring.transaction.SpringManagedTransaction - JDBC Connection [com.mchange.v2.c3p0.impl.NewProxyConnection@184dbacc] will not be managed by Spring
16-03-09 13:53:24.972 [main] DEBUG org.mybatis.spring.SqlSessionUtils - Closing non transactional SqlSession [org.apache.ibatis.session.defaults.DefaultSqlSession@5136207f]
16-03-09 13:53:24.974 [main] DEBUG org.mybatis.spring.SqlSessionUtils - Creating a new SqlSession
16-03-09 13:53:24.974 [main] DEBUG org.mybatis.spring.SqlSessionUtils - SqlSession [org.apache.ibatis.session.defaults.DefaultSqlSession@1cb37ee4] was not registered for synchronization because synchronization is not active
16-03-09 13:53:24.975 [main] DEBUG org.mybatis.spring.transaction.SpringManagedTransaction - JDBC Connection [com.mchange.v2.c3p0.impl.NewProxyConnection@385e36d4] will not be managed by Spring
16-03-09 13:53:24.988 [main] DEBUG org.mybatis.spring.SqlSessionUtils - Closing non transactional SqlSession [org.apache.ibatis.session.defaults.DefaultSqlSession@1cb37ee4]
16-03-09 13:56:50.243 [main] DEBUG org.mybatis.spring.SqlSessionFactoryBean - Parsed configuration file: 'class path resource [mybatis/sqlMapConfig.xml]'
16-03-09 13:56:50.295 [main] DEBUG org.mybatis.spring.SqlSessionFactoryBean - Parsed mapper file: 'file [/Users/zhanghong/Desktop/work/server/ikongtiao/ikongtiao-dao/target/classes/mybatis/ikongtiao/Accessory.xml]'
16-03-09 13:56:50.306 [main] DEBUG org.mybatis.spring.SqlSessionFactoryBean - Parsed mapper file: 'file [/Users/zhanghong/Desktop/work/server/ikongtiao/ikongtiao-dao/target/classes/mybatis/ikongtiao/Address.xml]'
16-03-09 13:56:50.322 [main] DEBUG org.mybatis.spring.SqlSessionFactoryBean - Parsed mapper file: 'file [/Users/zhanghong/Desktop/work/server/ikongtiao/ikongtiao-dao/target/classes/mybatis/ikongtiao/Admin.xml]'
16-03-09 13:56:50.328 [main] DEBUG org.mybatis.spring.SqlSessionFactoryBean - Parsed mapper file: 'file [/Users/zhanghong/Desktop/work/server/ikongtiao/ikongtiao-dao/target/classes/mybatis/ikongtiao/BusinessSettings.xml]'
16-03-09 13:56:50.337 [main] DEBUG org.mybatis.spring.SqlSessionFactoryBean - Parsed mapper file: 'file [/Users/zhanghong/Desktop/work/server/ikongtiao/ikongtiao-dao/target/classes/mybatis/ikongtiao/Comment.xml]'
16-03-09 13:56:50.361 [main] DEBUG org.mybatis.spring.SqlSessionFactoryBean - Parsed mapper file: 'file [/Users/zhanghong/Desktop/work/server/ikongtiao/ikongtiao-dao/target/classes/mybatis/ikongtiao/Fixer.xml]'
16-03-09 13:56:50.373 [main] DEBUG org.mybatis.spring.SqlSessionFactoryBean - Parsed mapper file: 'file [/Users/zhanghong/Desktop/work/server/ikongtiao/ikongtiao-dao/target/classes/mybatis/ikongtiao/FixerCertInfo.xml]'
16-03-09 13:56:50.384 [main] DEBUG org.mybatis.spring.SqlSessionFactoryBean - Parsed mapper file: 'file [/Users/zhanghong/Desktop/work/server/ikongtiao/ikongtiao-dao/target/classes/mybatis/ikongtiao/FixerDevice.xml]'
16-03-09 13:56:50.392 [main] DEBUG org.mybatis.spring.SqlSessionFactoryBean - Parsed mapper file: 'file [/Users/zhanghong/Desktop/work/server/ikongtiao/ikongtiao-dao/target/classes/mybatis/ikongtiao/FixerInsuranceInfo.xml]'
16-03-09 13:56:50.400 [main] DEBUG org.mybatis.spring.SqlSessionFactoryBean - Parsed mapper file: 'file [/Users/zhanghong/Desktop/work/server/ikongtiao/ikongtiao-dao/target/classes/mybatis/ikongtiao/FixerProfessionInfo.xml]'
16-03-09 13:56:50.407 [main] DEBUG org.mybatis.spring.SqlSessionFactoryBean - Parsed mapper file: 'file [/Users/zhanghong/Desktop/work/server/ikongtiao/ikongtiao-dao/target/classes/mybatis/ikongtiao/GetuiClientId.xml]'
16-03-09 13:56:50.417 [main] DEBUG org.mybatis.spring.SqlSessionFactoryBean - Parsed mapper file: 'file [/Users/zhanghong/Desktop/work/server/ikongtiao/ikongtiao-dao/target/classes/mybatis/ikongtiao/ImMessage.xml]'
16-03-09 13:56:50.430 [main] DEBUG org.mybatis.spring.SqlSessionFactoryBean - Parsed mapper file: 'file [/Users/zhanghong/Desktop/work/server/ikongtiao/ikongtiao-dao/target/classes/mybatis/ikongtiao/ImToken.xml]'
16-03-09 13:56:50.441 [main] DEBUG org.mybatis.spring.SqlSessionFactoryBean - Parsed mapper file: 'file [/Users/zhanghong/Desktop/work/server/ikongtiao/ikongtiao-dao/target/classes/mybatis/ikongtiao/MachineType.xml]'
16-03-09 13:56:50.449 [main] DEBUG org.mybatis.spring.SqlSessionFactoryBean - Parsed mapper file: 'file [/Users/zhanghong/Desktop/work/server/ikongtiao/ikongtiao-dao/target/classes/mybatis/ikongtiao/MicroCode.xml]'
16-03-09 13:56:50.458 [main] DEBUG org.mybatis.spring.SqlSessionFactoryBean - Parsed mapper file: 'file [/Users/zhanghong/Desktop/work/server/ikongtiao/ikongtiao-dao/target/classes/mybatis/ikongtiao/Mission.xml]'
16-03-09 13:56:50.466 [main] DEBUG org.mybatis.spring.SqlSessionFactoryBean - Parsed mapper file: 'file [/Users/zhanghong/Desktop/work/server/ikongtiao/ikongtiao-dao/target/classes/mybatis/ikongtiao/MissionAddress.xml]'
16-03-09 13:56:50.473 [main] DEBUG org.mybatis.spring.SqlSessionFactoryBean - Parsed mapper file: 'file [/Users/zhanghong/Desktop/work/server/ikongtiao/ikongtiao-dao/target/classes/mybatis/ikongtiao/MissionImg.xml]'
16-03-09 13:56:50.480 [main] DEBUG org.mybatis.spring.SqlSessionFactoryBean - Parsed mapper file: 'file [/Users/zhanghong/Desktop/work/server/ikongtiao/ikongtiao-dao/target/classes/mybatis/ikongtiao/PaymentInfo.xml]'
16-03-09 13:56:50.488 [main] DEBUG org.mybatis.spring.SqlSessionFactoryBean - Parsed mapper file: 'file [/Users/zhanghong/Desktop/work/server/ikongtiao/ikongtiao-dao/target/classes/mybatis/ikongtiao/RepairOrder.xml]'
16-03-09 13:56:50.493 [main] DEBUG org.mybatis.spring.SqlSessionFactoryBean - Parsed mapper file: 'file [/Users/zhanghong/Desktop/work/server/ikongtiao/ikongtiao-dao/target/classes/mybatis/ikongtiao/RepairOrderAuditInfo.xml]'
16-03-09 13:56:50.542 [main] DEBUG org.mybatis.spring.SqlSessionFactoryBean - Parsed mapper file: 'file [/Users/zhanghong/Desktop/work/server/ikongtiao/ikongtiao-dao/target/classes/mybatis/ikongtiao/Sequence.xml]'
16-03-09 13:56:50.547 [main] DEBUG org.mybatis.spring.SqlSessionFactoryBean - Parsed mapper file: 'file [/Users/zhanghong/Desktop/work/server/ikongtiao/ikongtiao-dao/target/classes/mybatis/ikongtiao/SystemParam.xml]'
16-03-09 13:56:50.553 [main] DEBUG org.mybatis.spring.SqlSessionFactoryBean - Parsed mapper file: 'file [/Users/zhanghong/Desktop/work/server/ikongtiao/ikongtiao-dao/target/classes/mybatis/ikongtiao/UserAuthAction.xml]'
16-03-09 13:56:50.560 [main] DEBUG org.mybatis.spring.SqlSessionFactoryBean - Parsed mapper file: 'file [/Users/zhanghong/Desktop/work/server/ikongtiao/ikongtiao-dao/target/classes/mybatis/ikongtiao/UserInfo.xml]'
16-03-09 13:56:50.569 [main] DEBUG org.mybatis.spring.SqlSessionFactoryBean - Parsed mapper file: 'file [/Users/zhanghong/Desktop/work/server/ikongtiao/ikongtiao-dao/target/classes/mybatis/ikongtiao-mix/MissionDto.xml]'
16-03-09 13:56:50.577 [main] DEBUG org.mybatis.spring.SqlSessionFactoryBean - Parsed mapper file: 'file [/Users/zhanghong/Desktop/work/server/ikongtiao/ikongtiao-dao/target/classes/mybatis/ikongtiao-mix/UserInfoDto.xml]'
16-03-09 13:56:52.208 [main] DEBUG org.mybatis.spring.SqlSessionUtils - Creating a new SqlSession
16-03-09 13:56:52.213 [main] DEBUG org.mybatis.spring.SqlSessionUtils - SqlSession [org.apache.ibatis.session.defaults.DefaultSqlSession@6d6ac396] was not registered for synchronization because synchronization is not active
16-03-09 13:56:52.701 [main] DEBUG org.mybatis.spring.transaction.SpringManagedTransaction - JDBC Connection [com.mchange.v2.c3p0.impl.NewProxyConnection@335f5c69] will not be managed by Spring
16-03-09 13:56:52.735 [main] DEBUG org.mybatis.spring.SqlSessionUtils - Closing non transactional SqlSession [org.apache.ibatis.session.defaults.DefaultSqlSession@6d6ac396]
16-03-09 13:56:55.564 [main] DEBUG org.mybatis.spring.SqlSessionUtils - Creating a new SqlSession
16-03-09 13:56:55.565 [main] DEBUG org.mybatis.spring.SqlSessionUtils - SqlSession [org.apache.ibatis.session.defaults.DefaultSqlSession@624b523] was not registered for synchronization because synchronization is not active
16-03-09 13:56:55.573 [main] DEBUG org.mybatis.spring.transaction.SpringManagedTransaction - JDBC Connection [com.mchange.v2.c3p0.impl.NewProxyConnection@1c30cb85] will not be managed by Spring
16-03-09 13:56:55.615 [main] DEBUG org.mybatis.spring.SqlSessionUtils - Closing non transactional SqlSession [org.apache.ibatis.session.defaults.DefaultSqlSession@624b523]
16-03-09 13:58:30.438 [main] DEBUG org.mybatis.spring.SqlSessionFactoryBean - Parsed configuration file: 'class path resource [mybatis/sqlMapConfig.xml]'
16-03-09 13:58:30.489 [main] DEBUG org.mybatis.spring.SqlSessionFactoryBean - Parsed mapper file: 'file [/Users/zhanghong/Desktop/work/server/ikongtiao/ikongtiao-dao/target/classes/mybatis/ikongtiao/Accessory.xml]'
16-03-09 13:58:30.499 [main] DEBUG org.mybatis.spring.SqlSessionFactoryBean - Parsed mapper file: 'file [/Users/zhanghong/Desktop/work/server/ikongtiao/ikongtiao-dao/target/classes/mybatis/ikongtiao/Address.xml]'
16-03-09 13:58:30.515 [main] DEBUG org.mybatis.spring.SqlSessionFactoryBean - Parsed mapper file: 'file [/Users/zhanghong/Desktop/work/server/ikongtiao/ikongtiao-dao/target/classes/mybatis/ikongtiao/Admin.xml]'
16-03-09 13:58:30.523 [main] DEBUG org.mybatis.spring.SqlSessionFactoryBean - Parsed mapper file: 'file [/Users/zhanghong/Desktop/work/server/ikongtiao/ikongtiao-dao/target/classes/mybatis/ikongtiao/BusinessSettings.xml]'
16-03-09 13:58:30.533 [main] DEBUG org.mybatis.spring.SqlSessionFactoryBean - Parsed mapper file: 'file [/Users/zhanghong/Desktop/work/server/ikongtiao/ikongtiao-dao/target/classes/mybatis/ikongtiao/Comment.xml]'
16-03-09 13:58:30.559 [main] DEBUG org.mybatis.spring.SqlSessionFactoryBean - Parsed mapper file: 'file [/Users/zhanghong/Desktop/work/server/ikongtiao/ikongtiao-dao/target/classes/mybatis/ikongtiao/Fixer.xml]'
16-03-09 13:58:30.569 [main] DEBUG org.mybatis.spring.SqlSessionFactoryBean - Parsed mapper file: 'file [/Users/zhanghong/Desktop/work/server/ikongtiao/ikongtiao-dao/target/classes/mybatis/ikongtiao/FixerCertInfo.xml]'
16-03-09 13:58:30.577 [main] DEBUG org.mybatis.spring.SqlSessionFactoryBean - Parsed mapper file: 'file [/Users/zhanghong/Desktop/work/server/ikongtiao/ikongtiao-dao/target/classes/mybatis/ikongtiao/FixerDevice.xml]'
16-03-09 13:58:30.587 [main] DEBUG org.mybatis.spring.SqlSessionFactoryBean - Parsed mapper file: 'file [/Users/zhanghong/Desktop/work/server/ikongtiao/ikongtiao-dao/target/classes/mybatis/ikongtiao/FixerInsuranceInfo.xml]'
16-03-09 13:58:30.595 [main] DEBUG org.mybatis.spring.SqlSessionFactoryBean - Parsed mapper file: 'file [/Users/zhanghong/Desktop/work/server/ikongtiao/ikongtiao-dao/target/classes/mybatis/ikongtiao/FixerProfessionInfo.xml]'
16-03-09 13:58:30.602 [main] DEBUG org.mybatis.spring.SqlSessionFactoryBean - Parsed mapper file: 'file [/Users/zhanghong/Desktop/work/server/ikongtiao/ikongtiao-dao/target/classes/mybatis/ikongtiao/GetuiClientId.xml]'
16-03-09 13:58:30.614 [main] DEBUG org.mybatis.spring.SqlSessionFactoryBean - Parsed mapper file: 'file [/Users/zhanghong/Desktop/work/server/ikongtiao/ikongtiao-dao/target/classes/mybatis/ikongtiao/ImMessage.xml]'
16-03-09 13:58:30.630 [main] DEBUG org.mybatis.spring.SqlSessionFactoryBean - Parsed mapper file: 'file [/Users/zhanghong/Desktop/work/server/ikongtiao/ikongtiao-dao/target/classes/mybatis/ikongtiao/ImToken.xml]'
16-03-09 13:58:30.639 [main] DEBUG org.mybatis.spring.SqlSessionFactoryBean - Parsed mapper file: 'file [/Users/zhanghong/Desktop/work/server/ikongtiao/ikongtiao-dao/target/classes/mybatis/ikongtiao/MachineType.xml]'
16-03-09 13:58:30.648 [main] DEBUG org.mybatis.spring.SqlSessionFactoryBean - Parsed mapper file: 'file [/Users/zhanghong/Desktop/work/server/ikongtiao/ikongtiao-dao/target/classes/mybatis/ikongtiao/MicroCode.xml]'
16-03-09 13:58:30.656 [main] DEBUG org.mybatis.spring.SqlSessionFactoryBean - Parsed mapper file: 'file [/Users/zhanghong/Desktop/work/server/ikongtiao/ikongtiao-dao/target/classes/mybatis/ikongtiao/Mission.xml]'
16-03-09 13:58:30.665 [main] DEBUG org.mybatis.spring.SqlSessionFactoryBean - Parsed mapper file: 'file [/Users/zhanghong/Desktop/work/server/ikongtiao/ikongtiao-dao/target/classes/mybatis/ikongtiao/MissionAddress.xml]'
16-03-09 13:58:30.671 [main] DEBUG org.mybatis.spring.SqlSessionFactoryBean - Parsed mapper file: 'file [/Users/zhanghong/Desktop/work/server/ikongtiao/ikongtiao-dao/target/classes/mybatis/ikongtiao/MissionImg.xml]'
16-03-09 13:58:30.715 [main] DEBUG org.mybatis.spring.SqlSessionFactoryBean - Parsed mapper file: 'file [/Users/zhanghong/Desktop/work/server/ikongtiao/ikongtiao-dao/target/classes/mybatis/ikongtiao/PaymentInfo.xml]'
16-03-09 13:58:30.724 [main] DEBUG org.mybatis.spring.SqlSessionFactoryBean - Parsed mapper file: 'file [/Users/zhanghong/Desktop/work/server/ikongtiao/ikongtiao-dao/target/classes/mybatis/ikongtiao/RepairOrder.xml]'
16-03-09 13:58:30.728 [main] DEBUG org.mybatis.spring.SqlSessionFactoryBean - Parsed mapper file: 'file [/Users/zhanghong/Desktop/work/server/ikongtiao/ikongtiao-dao/target/classes/mybatis/ikongtiao/RepairOrderAuditInfo.xml]'
16-03-09 13:58:30.732 [main] DEBUG org.mybatis.spring.SqlSessionFactoryBean - Parsed mapper file: 'file [/Users/zhanghong/Desktop/work/server/ikongtiao/ikongtiao-dao/target/classes/mybatis/ikongtiao/Sequence.xml]'
16-03-09 13:58:30.737 [main] DEBUG org.mybatis.spring.SqlSessionFactoryBean - Parsed mapper file: 'file [/Users/zhanghong/Desktop/work/server/ikongtiao/ikongtiao-dao/target/classes/mybatis/ikongtiao/SystemParam.xml]'
16-03-09 13:58:30.743 [main] DEBUG org.mybatis.spring.SqlSessionFactoryBean - Parsed mapper file: 'file [/Users/zhanghong/Desktop/work/server/ikongtiao/ikongtiao-dao/target/classes/mybatis/ikongtiao/UserAuthAction.xml]'
16-03-09 13:58:30.750 [main] DEBUG org.mybatis.spring.SqlSessionFactoryBean - Parsed mapper file: 'file [/Users/zhanghong/Desktop/work/server/ikongtiao/ikongtiao-dao/target/classes/mybatis/ikongtiao/UserInfo.xml]'
16-03-09 13:58:30.759 [main] DEBUG org.mybatis.spring.SqlSessionFactoryBean - Parsed mapper file: 'file [/Users/zhanghong/Desktop/work/server/ikongtiao/ikongtiao-dao/target/classes/mybatis/ikongtiao-mix/MissionDto.xml]'
16-03-09 13:58:30.765 [main] DEBUG org.mybatis.spring.SqlSessionFactoryBean - Parsed mapper file: 'file [/Users/zhanghong/Desktop/work/server/ikongtiao/ikongtiao-dao/target/classes/mybatis/ikongtiao-mix/UserInfoDto.xml]'
16-03-09 13:58:32.514 [main] DEBUG org.mybatis.spring.SqlSessionUtils - Creating a new SqlSession
16-03-09 13:58:32.519 [main] DEBUG org.mybatis.spring.SqlSessionUtils - SqlSession [org.apache.ibatis.session.defaults.DefaultSqlSession@5136207f] was not registered for synchronization because synchronization is not active
16-03-09 13:58:32.982 [main] DEBUG org.mybatis.spring.transaction.SpringManagedTransaction - JDBC Connection [com.mchange.v2.c3p0.impl.NewProxyConnection@184dbacc] will not be managed by Spring
16-03-09 13:58:33.013 [main] DEBUG org.mybatis.spring.SqlSessionUtils - Closing non transactional SqlSession [org.apache.ibatis.session.defaults.DefaultSqlSession@5136207f]
16-03-09 13:58:33.014 [main] DEBUG org.mybatis.spring.SqlSessionUtils - Creating a new SqlSession
16-03-09 13:58:33.014 [main] DEBUG org.mybatis.spring.SqlSessionUtils - SqlSession [org.apache.ibatis.session.defaults.DefaultSqlSession@1cb37ee4] was not registered for synchronization because synchronization is not active
16-03-09 13:58:33.015 [main] DEBUG org.mybatis.spring.transaction.SpringManagedTransaction - JDBC Connection [com.mchange.v2.c3p0.impl.NewProxyConnection@385e36d4] will not be managed by Spring
16-03-09 13:58:33.026 [main] DEBUG org.mybatis.spring.SqlSessionUtils - Closing non transactional SqlSession [org.apache.ibatis.session.defaults.DefaultSqlSession@1cb37ee4]
16-03-09 13:59:10.227 [main] DEBUG org.mybatis.spring.SqlSessionFactoryBean - Parsed configuration file: 'class path resource [mybatis/sqlMapConfig.xml]'
16-03-09 13:59:10.290 [main] DEBUG org.mybatis.spring.SqlSessionFactoryBean - Parsed mapper file: 'file [/Users/zhanghong/Desktop/work/server/ikongtiao/ikongtiao-dao/target/classes/mybatis/ikongtiao/Accessory.xml]'
16-03-09 13:59:10.303 [main] DEBUG org.mybatis.spring.SqlSessionFactoryBean - Parsed mapper file: 'file [/Users/zhanghong/Desktop/work/server/ikongtiao/ikongtiao-dao/target/classes/mybatis/ikongtiao/Address.xml]'
16-03-09 13:59:10.323 [main] DEBUG org.mybatis.spring.SqlSessionFactoryBean - Parsed mapper file: 'file [/Users/zhanghong/Desktop/work/server/ikongtiao/ikongtiao-dao/target/classes/mybatis/ikongtiao/Admin.xml]'
16-03-09 13:59:10.332 [main] DEBUG org.mybatis.spring.SqlSessionFactoryBean - Parsed mapper file: 'file [/Users/zhanghong/Desktop/work/server/ikongtiao/ikongtiao-dao/target/classes/mybatis/ikongtiao/BusinessSettings.xml]'
16-03-09 13:59:10.344 [main] DEBUG org.mybatis.spring.SqlSessionFactoryBean - Parsed mapper file: 'file [/Users/zhanghong/Desktop/work/server/ikongtiao/ikongtiao-dao/target/classes/mybatis/ikongtiao/Comment.xml]'
16-03-09 13:59:10.373 [main] DEBUG org.mybatis.spring.SqlSessionFactoryBean - Parsed mapper file: 'file [/Users/zhanghong/Desktop/work/server/ikongtiao/ikongtiao-dao/target/classes/mybatis/ikongtiao/Fixer.xml]'
16-03-09 13:59:10.385 [main] DEBUG org.mybatis.spring.SqlSessionFactoryBean - Parsed mapper file: 'file [/Users/zhanghong/Desktop/work/server/ikongtiao/ikongtiao-dao/target/classes/mybatis/ikongtiao/FixerCertInfo.xml]'
16-03-09 13:59:10.397 [main] DEBUG org.mybatis.spring.SqlSessionFactoryBean - Parsed mapper file: 'file [/Users/zhanghong/Desktop/work/server/ikongtiao/ikongtiao-dao/target/classes/mybatis/ikongtiao/FixerDevice.xml]'
16-03-09 13:59:10.408 [main] DEBUG org.mybatis.spring.SqlSessionFactoryBean - Parsed mapper file: 'file [/Users/zhanghong/Desktop/work/server/ikongtiao/ikongtiao-dao/target/classes/mybatis/ikongtiao/FixerInsuranceInfo.xml]'
16-03-09 13:59:10.417 [main] DEBUG org.mybatis.spring.SqlSessionFactoryBean - Parsed mapper file: 'file [/Users/zhanghong/Desktop/work/server/ikongtiao/ikongtiao-dao/target/classes/mybatis/ikongtiao/FixerProfessionInfo.xml]'
16-03-09 13:59:10.425 [main] DEBUG org.mybatis.spring.SqlSessionFactoryBean - Parsed mapper file: 'file [/Users/zhanghong/Desktop/work/server/ikongtiao/ikongtiao-dao/target/classes/mybatis/ikongtiao/GetuiClientId.xml]'
16-03-09 13:59:10.435 [main] DEBUG org.mybatis.spring.SqlSessionFactoryBean - Parsed mapper file: 'file [/Users/zhanghong/Desktop/work/server/ikongtiao/ikongtiao-dao/target/classes/mybatis/ikongtiao/ImMessage.xml]'
16-03-09 13:59:10.452 [main] DEBUG org.mybatis.spring.SqlSessionFactoryBean - Parsed mapper file: 'file [/Users/zhanghong/Desktop/work/server/ikongtiao/ikongtiao-dao/target/classes/mybatis/ikongtiao/ImToken.xml]'
16-03-09 13:59:10.464 [main] DEBUG org.mybatis.spring.SqlSessionFactoryBean - Parsed mapper file: 'file [/Users/zhanghong/Desktop/work/server/ikongtiao/ikongtiao-dao/target/classes/mybatis/ikongtiao/MachineType.xml]'
16-03-09 13:59:10.472 [main] DEBUG org.mybatis.spring.SqlSessionFactoryBean - Parsed mapper file: 'file [/Users/zhanghong/Desktop/work/server/ikongtiao/ikongtiao-dao/target/classes/mybatis/ikongtiao/MicroCode.xml]'
16-03-09 13:59:10.480 [main] DEBUG org.mybatis.spring.SqlSessionFactoryBean - Parsed mapper file: 'file [/Users/zhanghong/Desktop/work/server/ikongtiao/ikongtiao-dao/target/classes/mybatis/ikongtiao/Mission.xml]'
16-03-09 13:59:10.489 [main] DEBUG org.mybatis.spring.SqlSessionFactoryBean - Parsed mapper file: 'file [/Users/zhanghong/Desktop/work/server/ikongtiao/ikongtiao-dao/target/classes/mybatis/ikongtiao/MissionAddress.xml]'
16-03-09 13:59:10.496 [main] DEBUG org.mybatis.spring.SqlSessionFactoryBean - Parsed mapper file: 'file [/Users/zhanghong/Desktop/work/server/ikongtiao/ikongtiao-dao/target/classes/mybatis/ikongtiao/MissionImg.xml]'
16-03-09 13:59:10.542 [main] DEBUG org.mybatis.spring.SqlSessionFactoryBean - Parsed mapper file: 'file [/Users/zhanghong/Desktop/work/server/ikongtiao/ikongtiao-dao/target/classes/mybatis/ikongtiao/PaymentInfo.xml]'
16-03-09 13:59:10.551 [main] DEBUG org.mybatis.spring.SqlSessionFactoryBean - Parsed mapper file: 'file [/Users/zhanghong/Desktop/work/server/ikongtiao/ikongtiao-dao/target/classes/mybatis/ikongtiao/RepairOrder.xml]'
16-03-09 13:59:10.555 [main] DEBUG org.mybatis.spring.SqlSessionFactoryBean - Parsed mapper file: 'file [/Users/zhanghong/Desktop/work/server/ikongtiao/ikongtiao-dao/target/classes/mybatis/ikongtiao/RepairOrderAuditInfo.xml]'
16-03-09 13:59:10.560 [main] DEBUG org.mybatis.spring.SqlSessionFactoryBean - Parsed mapper file: 'file [/Users/zhanghong/Desktop/work/server/ikongtiao/ikongtiao-dao/target/classes/mybatis/ikongtiao/Sequence.xml]'
16-03-09 13:59:10.566 [main] DEBUG org.mybatis.spring.SqlSessionFactoryBean - Parsed mapper file: 'file [/Users/zhanghong/Desktop/work/server/ikongtiao/ikongtiao-dao/target/classes/mybatis/ikongtiao/SystemParam.xml]'
16-03-09 13:59:10.572 [main] DEBUG org.mybatis.spring.SqlSessionFactoryBean - Parsed mapper file: 'file [/Users/zhanghong/Desktop/work/server/ikongtiao/ikongtiao-dao/target/classes/mybatis/ikongtiao/UserAuthAction.xml]'
16-03-09 13:59:10.579 [main] DEBUG org.mybatis.spring.SqlSessionFactoryBean - Parsed mapper file: 'file [/Users/zhanghong/Desktop/work/server/ikongtiao/ikongtiao-dao/target/classes/mybatis/ikongtiao/UserInfo.xml]'
16-03-09 13:59:10.588 [main] DEBUG org.mybatis.spring.SqlSessionFactoryBean - Parsed mapper file: 'file [/Users/zhanghong/Desktop/work/server/ikongtiao/ikongtiao-dao/target/classes/mybatis/ikongtiao-mix/MissionDto.xml]'
16-03-09 13:59:10.596 [main] DEBUG org.mybatis.spring.SqlSessionFactoryBean - Parsed mapper file: 'file [/Users/zhanghong/Desktop/work/server/ikongtiao/ikongtiao-dao/target/classes/mybatis/ikongtiao-mix/UserInfoDto.xml]'
16-03-09 13:59:12.155 [main] DEBUG org.mybatis.spring.SqlSessionUtils - Creating a new SqlSession
16-03-09 13:59:12.161 [main] DEBUG org.mybatis.spring.SqlSessionUtils - SqlSession [org.apache.ibatis.session.defaults.DefaultSqlSession@6c8fe7a4] was not registered for synchronization because synchronization is not active
16-03-09 13:59:12.604 [main] DEBUG org.mybatis.spring.transaction.SpringManagedTransaction - JDBC Connection [com.mchange.v2.c3p0.impl.NewProxyConnection@63a9c661] will not be managed by Spring
16-03-09 13:59:12.646 [main] DEBUG org.mybatis.spring.SqlSessionUtils - Closing non transactional SqlSession [org.apache.ibatis.session.defaults.DefaultSqlSession@6c8fe7a4]
16-03-09 14:02:08.821 [main] DEBUG org.mybatis.spring.SqlSessionFactoryBean - Parsed configuration file: 'class path resource [mybatis/sqlMapConfig.xml]'
16-03-09 14:02:08.875 [main] DEBUG org.mybatis.spring.SqlSessionFactoryBean - Parsed mapper file: 'file [/Users/zhanghong/Desktop/work/server/ikongtiao/ikongtiao-dao/target/classes/mybatis/ikongtiao/Accessory.xml]'
16-03-09 14:02:08.887 [main] DEBUG org.mybatis.spring.SqlSessionFactoryBean - Parsed mapper file: 'file [/Users/zhanghong/Desktop/work/server/ikongtiao/ikongtiao-dao/target/classes/mybatis/ikongtiao/Address.xml]'
16-03-09 14:02:08.903 [main] DEBUG org.mybatis.spring.SqlSessionFactoryBean - Parsed mapper file: 'file [/Users/zhanghong/Desktop/work/server/ikongtiao/ikongtiao-dao/target/classes/mybatis/ikongtiao/Admin.xml]'
16-03-09 14:02:08.910 [main] DEBUG org.mybatis.spring.SqlSessionFactoryBean - Parsed mapper file: 'file [/Users/zhanghong/Desktop/work/server/ikongtiao/ikongtiao-dao/target/classes/mybatis/ikongtiao/BusinessSettings.xml]'
16-03-09 14:02:08.920 [main] DEBUG org.mybatis.spring.SqlSessionFactoryBean - Parsed mapper file: 'file [/Users/zhanghong/Desktop/work/server/ikongtiao/ikongtiao-dao/target/classes/mybatis/ikongtiao/Comment.xml]'
16-03-09 14:02:08.939 [main] DEBUG org.mybatis.spring.SqlSessionFactoryBean - Parsed mapper file: 'file [/Users/zhanghong/Desktop/work/server/ikongtiao/ikongtiao-dao/target/classes/mybatis/ikongtiao/Fixer.xml]'
16-03-09 14:02:08.949 [main] DEBUG org.mybatis.spring.SqlSessionFactoryBean - Parsed mapper file: 'file [/Users/zhanghong/Desktop/work/server/ikongtiao/ikongtiao-dao/target/classes/mybatis/ikongtiao/FixerCertInfo.xml]'
16-03-09 14:02:08.959 [main] DEBUG org.mybatis.spring.SqlSessionFactoryBean - Parsed mapper file: 'file [/Users/zhanghong/Desktop/work/server/ikongtiao/ikongtiao-dao/target/classes/mybatis/ikongtiao/FixerDevice.xml]'
16-03-09 14:02:08.970 [main] DEBUG org.mybatis.spring.SqlSessionFactoryBean - Parsed mapper file: 'file [/Users/zhanghong/Desktop/work/server/ikongtiao/ikongtiao-dao/target/classes/mybatis/ikongtiao/FixerInsuranceInfo.xml]'
16-03-09 14:02:08.979 [main] DEBUG org.mybatis.spring.SqlSessionFactoryBean - Parsed mapper file: 'file [/Users/zhanghong/Desktop/work/server/ikongtiao/ikongtiao-dao/target/classes/mybatis/ikongtiao/FixerProfessionInfo.xml]'
16-03-09 14:02:08.984 [main] DEBUG org.mybatis.spring.SqlSessionFactoryBean - Parsed mapper file: 'file [/Users/zhanghong/Desktop/work/server/ikongtiao/ikongtiao-dao/target/classes/mybatis/ikongtiao/GetuiClientId.xml]'
16-03-09 14:02:08.994 [main] DEBUG org.mybatis.spring.SqlSessionFactoryBean - Parsed mapper file: 'file [/Users/zhanghong/Desktop/work/server/ikongtiao/ikongtiao-dao/target/classes/mybatis/ikongtiao/ImMessage.xml]'
16-03-09 14:02:09.008 [main] DEBUG org.mybatis.spring.SqlSessionFactoryBean - Parsed mapper file: 'file [/Users/zhanghong/Desktop/work/server/ikongtiao/ikongtiao-dao/target/classes/mybatis/ikongtiao/ImToken.xml]'
16-03-09 14:02:09.017 [main] DEBUG org.mybatis.spring.SqlSessionFactoryBean - Parsed mapper file: 'file [/Users/zhanghong/Desktop/work/server/ikongtiao/ikongtiao-dao/target/classes/mybatis/ikongtiao/MachineType.xml]'
16-03-09 14:02:09.025 [main] DEBUG org.mybatis.spring.SqlSessionFactoryBean - Parsed mapper file: 'file [/Users/zhanghong/Desktop/work/server/ikongtiao/ikongtiao-dao/target/classes/mybatis/ikongtiao/MicroCode.xml]'
16-03-09 14:02:09.034 [main] DEBUG org.mybatis.spring.SqlSessionFactoryBean - Parsed mapper file: 'file [/Users/zhanghong/Desktop/work/server/ikongtiao/ikongtiao-dao/target/classes/mybatis/ikongtiao/Mission.xml]'
16-03-09 14:02:09.041 [main] DEBUG org.mybatis.spring.SqlSessionFactoryBean - Parsed mapper file: 'file [/Users/zhanghong/Desktop/work/server/ikongtiao/ikongtiao-dao/target/classes/mybatis/ikongtiao/MissionAddress.xml]'
16-03-09 14:02:09.047 [main] DEBUG org.mybatis.spring.SqlSessionFactoryBean - Parsed mapper file: 'file [/Users/zhanghong/Desktop/work/server/ikongtiao/ikongtiao-dao/target/classes/mybatis/ikongtiao/MissionImg.xml]'
16-03-09 14:02:09.054 [main] DEBUG org.mybatis.spring.SqlSessionFactoryBean - Parsed mapper file: 'file [/Users/zhanghong/Desktop/work/server/ikongtiao/ikongtiao-dao/target/classes/mybatis/ikongtiao/PaymentInfo.xml]'
16-03-09 14:02:09.062 [main] DEBUG org.mybatis.spring.SqlSessionFactoryBean - Parsed mapper file: 'file [/Users/zhanghong/Desktop/work/server/ikongtiao/ikongtiao-dao/target/classes/mybatis/ikongtiao/RepairOrder.xml]'
16-03-09 14:02:09.067 [main] DEBUG org.mybatis.spring.SqlSessionFactoryBean - Parsed mapper file: 'file [/Users/zhanghong/Desktop/work/server/ikongtiao/ikongtiao-dao/target/classes/mybatis/ikongtiao/RepairOrderAuditInfo.xml]'
16-03-09 14:02:09.070 [main] DEBUG org.mybatis.spring.SqlSessionFactoryBean - Parsed mapper file: 'file [/Users/zhanghong/Desktop/work/server/ikongtiao/ikongtiao-dao/target/classes/mybatis/ikongtiao/Sequence.xml]'
16-03-09 14:02:09.115 [main] DEBUG org.mybatis.spring.SqlSessionFactoryBean - Parsed mapper file: 'file [/Users/zhanghong/Desktop/work/server/ikongtiao/ikongtiao-dao/target/classes/mybatis/ikongtiao/SystemParam.xml]'
16-03-09 14:02:09.121 [main] DEBUG org.mybatis.spring.SqlSessionFactoryBean - Parsed mapper file: 'file [/Users/zhanghong/Desktop/work/server/ikongtiao/ikongtiao-dao/target/classes/mybatis/ikongtiao/UserAuthAction.xml]'
16-03-09 14:02:09.128 [main] DEBUG org.mybatis.spring.SqlSessionFactoryBean - Parsed mapper file: 'file [/Users/zhanghong/Desktop/work/server/ikongtiao/ikongtiao-dao/target/classes/mybatis/ikongtiao/UserInfo.xml]'
16-03-09 14:02:09.136 [main] DEBUG org.mybatis.spring.SqlSessionFactoryBean - Parsed mapper file: 'file [/Users/zhanghong/Desktop/work/server/ikongtiao/ikongtiao-dao/target/classes/mybatis/ikongtiao-mix/MissionDto.xml]'
16-03-09 14:02:09.144 [main] DEBUG org.mybatis.spring.SqlSessionFactoryBean - Parsed mapper file: 'file [/Users/zhanghong/Desktop/work/server/ikongtiao/ikongtiao-dao/target/classes/mybatis/ikongtiao-mix/UserInfoDto.xml]'
16-03-09 14:02:11.289 [main] DEBUG org.mybatis.spring.SqlSessionUtils - Creating a new SqlSession
16-03-09 14:02:11.294 [main] DEBUG org.mybatis.spring.SqlSessionUtils - SqlSession [org.apache.ibatis.session.defaults.DefaultSqlSession@62aeddc8] was not registered for synchronization because synchronization is not active
16-03-09 14:02:11.717 [main] DEBUG org.mybatis.spring.transaction.SpringManagedTransaction - JDBC Connection [com.mchange.v2.c3p0.impl.NewProxyConnection@1283ca23] will not be managed by Spring
16-03-09 14:02:11.756 [main] DEBUG org.mybatis.spring.SqlSessionUtils - Closing non transactional SqlSession [org.apache.ibatis.session.defaults.DefaultSqlSession@62aeddc8]
16-03-09 15:51:51.906 [main] DEBUG org.mybatis.spring.SqlSessionFactoryBean - Parsed configuration file: 'class path resource [mybatis/sqlMapConfig.xml]'
16-03-09 15:51:51.962 [main] DEBUG org.mybatis.spring.SqlSessionFactoryBean - Parsed mapper file: 'file [/Users/zhanghong/Desktop/work/server/ikongtiao/ikongtiao-dao/target/classes/mybatis/ikongtiao/Accessory.xml]'
16-03-09 15:51:51.974 [main] DEBUG org.mybatis.spring.SqlSessionFactoryBean - Parsed mapper file: 'file [/Users/zhanghong/Desktop/work/server/ikongtiao/ikongtiao-dao/target/classes/mybatis/ikongtiao/Address.xml]'
16-03-09 15:51:51.990 [main] DEBUG org.mybatis.spring.SqlSessionFactoryBean - Parsed mapper file: 'file [/Users/zhanghong/Desktop/work/server/ikongtiao/ikongtiao-dao/target/classes/mybatis/ikongtiao/Admin.xml]'
16-03-09 15:51:51.998 [main] DEBUG org.mybatis.spring.SqlSessionFactoryBean - Parsed mapper file: 'file [/Users/zhanghong/Desktop/work/server/ikongtiao/ikongtiao-dao/target/classes/mybatis/ikongtiao/BusinessSettings.xml]'
16-03-09 15:51:52.008 [main] DEBUG org.mybatis.spring.SqlSessionFactoryBean - Parsed mapper file: 'file [/Users/zhanghong/Desktop/work/server/ikongtiao/ikongtiao-dao/target/classes/mybatis/ikongtiao/Comment.xml]'
16-03-09 15:51:52.030 [main] DEBUG org.mybatis.spring.SqlSessionFactoryBean - Parsed mapper file: 'file [/Users/zhanghong/Desktop/work/server/ikongtiao/ikongtiao-dao/target/classes/mybatis/ikongtiao/Fixer.xml]'
16-03-09 15:51:52.039 [main] DEBUG org.mybatis.spring.SqlSessionFactoryBean - Parsed mapper file: 'file [/Users/zhanghong/Desktop/work/server/ikongtiao/ikongtiao-dao/target/classes/mybatis/ikongtiao/FixerCertInfo.xml]'
16-03-09 15:51:52.050 [main] DEBUG org.mybatis.spring.SqlSessionFactoryBean - Parsed mapper file: 'file [/Users/zhanghong/Desktop/work/server/ikongtiao/ikongtiao-dao/target/classes/mybatis/ikongtiao/FixerDevice.xml]'
16-03-09 15:51:52.058 [main] DEBUG org.mybatis.spring.SqlSessionFactoryBean - Parsed mapper file: 'file [/Users/zhanghong/Desktop/work/server/ikongtiao/ikongtiao-dao/target/classes/mybatis/ikongtiao/FixerInsuranceInfo.xml]'
16-03-09 15:51:52.067 [main] DEBUG org.mybatis.spring.SqlSessionFactoryBean - Parsed mapper file: 'file [/Users/zhanghong/Desktop/work/server/ikongtiao/ikongtiao-dao/target/classes/mybatis/ikongtiao/FixerProfessionInfo.xml]'
16-03-09 15:51:52.074 [main] DEBUG org.mybatis.spring.SqlSessionFactoryBean - Parsed mapper file: 'file [/Users/zhanghong/Desktop/work/server/ikongtiao/ikongtiao-dao/target/classes/mybatis/ikongtiao/GetuiClientId.xml]'
16-03-09 15:51:52.082 [main] DEBUG org.mybatis.spring.SqlSessionFactoryBean - Parsed mapper file: 'file [/Users/zhanghong/Desktop/work/server/ikongtiao/ikongtiao-dao/target/classes/mybatis/ikongtiao/ImMessage.xml]'
16-03-09 15:51:52.097 [main] DEBUG org.mybatis.spring.SqlSessionFactoryBean - Parsed mapper file: 'file [/Users/zhanghong/Desktop/work/server/ikongtiao/ikongtiao-dao/target/classes/mybatis/ikongtiao/ImToken.xml]'
16-03-09 15:51:52.107 [main] DEBUG org.mybatis.spring.SqlSessionFactoryBean - Parsed mapper file: 'file [/Users/zhanghong/Desktop/work/server/ikongtiao/ikongtiao-dao/target/classes/mybatis/ikongtiao/MachineType.xml]'
16-03-09 15:51:52.116 [main] DEBUG org.mybatis.spring.SqlSessionFactoryBean - Parsed mapper file: 'file [/Users/zhanghong/Desktop/work/server/ikongtiao/ikongtiao-dao/target/classes/mybatis/ikongtiao/MicroCode.xml]'
16-03-09 15:51:52.124 [main] DEBUG org.mybatis.spring.SqlSessionFactoryBean - Parsed mapper file: 'file [/Users/zhanghong/Desktop/work/server/ikongtiao/ikongtiao-dao/target/classes/mybatis/ikongtiao/Mission.xml]'
16-03-09 15:51:52.169 [main] DEBUG org.mybatis.spring.SqlSessionFactoryBean - Parsed mapper file: 'file [/Users/zhanghong/Desktop/work/server/ikongtiao/ikongtiao-dao/target/classes/mybatis/ikongtiao/MissionAddress.xml]'
16-03-09 15:51:52.177 [main] DEBUG org.mybatis.spring.SqlSessionFactoryBean - Parsed mapper file: 'file [/Users/zhanghong/Desktop/work/server/ikongtiao/ikongtiao-dao/target/classes/mybatis/ikongtiao/MissionImg.xml]'
16-03-09 15:51:52.184 [main] DEBUG org.mybatis.spring.SqlSessionFactoryBean - Parsed mapper file: 'file [/Users/zhanghong/Desktop/work/server/ikongtiao/ikongtiao-dao/target/classes/mybatis/ikongtiao/PaymentInfo.xml]'
16-03-09 15:51:52.193 [main] DEBUG org.mybatis.spring.SqlSessionFactoryBean - Parsed mapper file: 'file [/Users/zhanghong/Desktop/work/server/ikongtiao/ikongtiao-dao/target/classes/mybatis/ikongtiao/RepairOrder.xml]'
16-03-09 15:51:52.197 [main] DEBUG org.mybatis.spring.SqlSessionFactoryBean - Parsed mapper file: 'file [/Users/zhanghong/Desktop/work/server/ikongtiao/ikongtiao-dao/target/classes/mybatis/ikongtiao/RepairOrderAuditInfo.xml]'
16-03-09 15:51:52.201 [main] DEBUG org.mybatis.spring.SqlSessionFactoryBean - Parsed mapper file: 'file [/Users/zhanghong/Desktop/work/server/ikongtiao/ikongtiao-dao/target/classes/mybatis/ikongtiao/Sequence.xml]'
16-03-09 15:51:52.206 [main] DEBUG org.mybatis.spring.SqlSessionFactoryBean - Parsed mapper file: 'file [/Users/zhanghong/Desktop/work/server/ikongtiao/ikongtiao-dao/target/classes/mybatis/ikongtiao/SystemParam.xml]'
16-03-09 15:51:52.212 [main] DEBUG org.mybatis.spring.SqlSessionFactoryBean - Parsed mapper file: 'file [/Users/zhanghong/Desktop/work/server/ikongtiao/ikongtiao-dao/target/classes/mybatis/ikongtiao/UserAuthAction.xml]'
16-03-09 15:51:52.219 [main] DEBUG org.mybatis.spring.SqlSessionFactoryBean - Parsed mapper file: 'file [/Users/zhanghong/Desktop/work/server/ikongtiao/ikongtiao-dao/target/classes/mybatis/ikongtiao/UserInfo.xml]'
16-03-09 15:51:52.227 [main] DEBUG org.mybatis.spring.SqlSessionFactoryBean - Parsed mapper file: 'file [/Users/zhanghong/Desktop/work/server/ikongtiao/ikongtiao-dao/target/classes/mybatis/ikongtiao-mix/MissionDto.xml]'
16-03-09 15:51:52.234 [main] DEBUG org.mybatis.spring.SqlSessionFactoryBean - Parsed mapper file: 'file [/Users/zhanghong/Desktop/work/server/ikongtiao/ikongtiao-dao/target/classes/mybatis/ikongtiao-mix/UserInfoDto.xml]'
16-03-09 15:51:53.842 [main] DEBUG org.mybatis.spring.SqlSessionUtils - Creating a new SqlSession
16-03-09 15:51:53.847 [main] DEBUG org.mybatis.spring.SqlSessionUtils - SqlSession [org.apache.ibatis.session.defaults.DefaultSqlSession@e9474f] was not registered for synchronization because synchronization is not active
16-03-09 15:51:54.275 [main] DEBUG org.mybatis.spring.transaction.SpringManagedTransaction - JDBC Connection [com.mchange.v2.c3p0.impl.NewProxyConnection@7d0100ea] will not be managed by Spring
16-03-09 15:51:54.310 [main] DEBUG org.mybatis.spring.SqlSessionUtils - Closing non transactional SqlSession [org.apache.ibatis.session.defaults.DefaultSqlSession@e9474f]
16-03-09 15:52:41.849 [main] DEBUG org.mybatis.spring.SqlSessionFactoryBean - Parsed configuration file: 'class path resource [mybatis/sqlMapConfig.xml]'
16-03-09 15:52:41.906 [main] DEBUG org.mybatis.spring.SqlSessionFactoryBean - Parsed mapper file: 'file [/Users/zhanghong/Desktop/work/server/ikongtiao/ikongtiao-dao/target/classes/mybatis/ikongtiao/Accessory.xml]'
16-03-09 15:52:41.916 [main] DEBUG org.mybatis.spring.SqlSessionFactoryBean - Parsed mapper file: 'file [/Users/zhanghong/Desktop/work/server/ikongtiao/ikongtiao-dao/target/classes/mybatis/ikongtiao/Address.xml]'
16-03-09 15:52:41.931 [main] DEBUG org.mybatis.spring.SqlSessionFactoryBean - Parsed mapper file: 'file [/Users/zhanghong/Desktop/work/server/ikongtiao/ikongtiao-dao/target/classes/mybatis/ikongtiao/Admin.xml]'
16-03-09 15:52:41.939 [main] DEBUG org.mybatis.spring.SqlSessionFactoryBean - Parsed mapper file: 'file [/Users/zhanghong/Desktop/work/server/ikongtiao/ikongtiao-dao/target/classes/mybatis/ikongtiao/BusinessSettings.xml]'
16-03-09 15:52:41.949 [main] DEBUG org.mybatis.spring.SqlSessionFactoryBean - Parsed mapper file: 'file [/Users/zhanghong/Desktop/work/server/ikongtiao/ikongtiao-dao/target/classes/mybatis/ikongtiao/Comment.xml]'
16-03-09 15:52:41.971 [main] DEBUG org.mybatis.spring.SqlSessionFactoryBean - Parsed mapper file: 'file [/Users/zhanghong/Desktop/work/server/ikongtiao/ikongtiao-dao/target/classes/mybatis/ikongtiao/Fixer.xml]'
16-03-09 15:52:41.982 [main] DEBUG org.mybatis.spring.SqlSessionFactoryBean - Parsed mapper file: 'file [/Users/zhanghong/Desktop/work/server/ikongtiao/ikongtiao-dao/target/classes/mybatis/ikongtiao/FixerCertInfo.xml]'
16-03-09 15:52:41.991 [main] DEBUG org.mybatis.spring.SqlSessionFactoryBean - Parsed mapper file: 'file [/Users/zhanghong/Desktop/work/server/ikongtiao/ikongtiao-dao/target/classes/mybatis/ikongtiao/FixerDevice.xml]'
16-03-09 15:52:42.001 [main] DEBUG org.mybatis.spring.SqlSessionFactoryBean - Parsed mapper file: 'file [/Users/zhanghong/Desktop/work/server/ikongtiao/ikongtiao-dao/target/classes/mybatis/ikongtiao/FixerInsuranceInfo.xml]'
16-03-09 15:52:42.010 [main] DEBUG org.mybatis.spring.SqlSessionFactoryBean - Parsed mapper file: 'file [/Users/zhanghong/Desktop/work/server/ikongtiao/ikongtiao-dao/target/classes/mybatis/ikongtiao/FixerProfessionInfo.xml]'
16-03-09 15:52:42.015 [main] DEBUG org.mybatis.spring.SqlSessionFactoryBean - Parsed mapper file: 'file [/Users/zhanghong/Desktop/work/server/ikongtiao/ikongtiao-dao/target/classes/mybatis/ikongtiao/GetuiClientId.xml]'
16-03-09 15:52:42.024 [main] DEBUG org.mybatis.spring.SqlSessionFactoryBean - Parsed mapper file: 'file [/Users/zhanghong/Desktop/work/server/ikongtiao/ikongtiao-dao/target/classes/mybatis/ikongtiao/ImMessage.xml]'
16-03-09 15:52:42.032 [main] DEBUG org.mybatis.spring.SqlSessionFactoryBean - Parsed mapper file: 'file [/Users/zhanghong/Desktop/work/server/ikongtiao/ikongtiao-dao/target/classes/mybatis/ikongtiao/ImToken.xml]'
16-03-09 15:52:42.039 [main] DEBUG org.mybatis.spring.SqlSessionFactoryBean - Parsed mapper file: 'file [/Users/zhanghong/Desktop/work/server/ikongtiao/ikongtiao-dao/target/classes/mybatis/ikongtiao/MachineType.xml]'
16-03-09 15:52:42.050 [main] DEBUG org.mybatis.spring.SqlSessionFactoryBean - Parsed mapper file: 'file [/Users/zhanghong/Desktop/work/server/ikongtiao/ikongtiao-dao/target/classes/mybatis/ikongtiao/MicroCode.xml]'
16-03-09 15:52:42.060 [main] DEBUG org.mybatis.spring.SqlSessionFactoryBean - Parsed mapper file: 'file [/Users/zhanghong/Desktop/work/server/ikongtiao/ikongtiao-dao/target/classes/mybatis/ikongtiao/Mission.xml]'
16-03-09 15:52:42.110 [main] DEBUG org.mybatis.spring.SqlSessionFactoryBean - Parsed mapper file: 'file [/Users/zhanghong/Desktop/work/server/ikongtiao/ikongtiao-dao/target/classes/mybatis/ikongtiao/MissionAddress.xml]'
16-03-09 15:52:42.118 [main] DEBUG org.mybatis.spring.SqlSessionFactoryBean - Parsed mapper file: 'file [/Users/zhanghong/Desktop/work/server/ikongtiao/ikongtiao-dao/target/classes/mybatis/ikongtiao/MissionImg.xml]'
16-03-09 15:52:42.125 [main] DEBUG org.mybatis.spring.SqlSessionFactoryBean - Parsed mapper file: 'file [/Users/zhanghong/Desktop/work/server/ikongtiao/ikongtiao-dao/target/classes/mybatis/ikongtiao/PaymentInfo.xml]'
16-03-09 15:52:42.135 [main] DEBUG org.mybatis.spring.SqlSessionFactoryBean - Parsed mapper file: 'file [/Users/zhanghong/Desktop/work/server/ikongtiao/ikongtiao-dao/target/classes/mybatis/ikongtiao/RepairOrder.xml]'
16-03-09 15:52:42.138 [main] DEBUG org.mybatis.spring.SqlSessionFactoryBean - Parsed mapper file: 'file [/Users/zhanghong/Desktop/work/server/ikongtiao/ikongtiao-dao/target/classes/mybatis/ikongtiao/RepairOrderAuditInfo.xml]'
16-03-09 15:52:42.142 [main] DEBUG org.mybatis.spring.SqlSessionFactoryBean - Parsed mapper file: 'file [/Users/zhanghong/Desktop/work/server/ikongtiao/ikongtiao-dao/target/classes/mybatis/ikongtiao/Sequence.xml]'
16-03-09 15:52:42.147 [main] DEBUG org.mybatis.spring.SqlSessionFactoryBean - Parsed mapper file: 'file [/Users/zhanghong/Desktop/work/server/ikongtiao/ikongtiao-dao/target/classes/mybatis/ikongtiao/SystemParam.xml]'
16-03-09 15:52:42.153 [main] DEBUG org.mybatis.spring.SqlSessionFactoryBean - Parsed mapper file: 'file [/Users/zhanghong/Desktop/work/server/ikongtiao/ikongtiao-dao/target/classes/mybatis/ikongtiao/UserAuthAction.xml]'
16-03-09 15:52:42.159 [main] DEBUG org.mybatis.spring.SqlSessionFactoryBean - Parsed mapper file: 'file [/Users/zhanghong/Desktop/work/server/ikongtiao/ikongtiao-dao/target/classes/mybatis/ikongtiao/UserInfo.xml]'
16-03-09 15:52:42.167 [main] DEBUG org.mybatis.spring.SqlSessionFactoryBean - Parsed mapper file: 'file [/Users/zhanghong/Desktop/work/server/ikongtiao/ikongtiao-dao/target/classes/mybatis/ikongtiao-mix/MissionDto.xml]'
16-03-09 15:52:42.174 [main] DEBUG org.mybatis.spring.SqlSessionFactoryBean - Parsed mapper file: 'file [/Users/zhanghong/Desktop/work/server/ikongtiao/ikongtiao-dao/target/classes/mybatis/ikongtiao-mix/UserInfoDto.xml]'
16-03-09 15:52:43.690 [main] DEBUG org.mybatis.spring.SqlSessionUtils - Creating a new SqlSession
16-03-09 15:52:43.696 [main] DEBUG org.mybatis.spring.SqlSessionUtils - SqlSession [org.apache.ibatis.session.defaults.DefaultSqlSession@373052b5] was not registered for synchronization because synchronization is not active
16-03-09 15:52:43.698 [main] DEBUG org.mybatis.spring.SqlSessionUtils - Closing non transactional SqlSession [org.apache.ibatis.session.defaults.DefaultSqlSession@373052b5]
16-03-09 15:53:40.755 [main] DEBUG org.mybatis.spring.SqlSessionFactoryBean - Parsed configuration file: 'class path resource [mybatis/sqlMapConfig.xml]'
16-03-09 15:53:40.814 [main] DEBUG org.mybatis.spring.SqlSessionFactoryBean - Parsed mapper file: 'file [/Users/zhanghong/Desktop/work/server/ikongtiao/ikongtiao-dao/target/classes/mybatis/ikongtiao/Accessory.xml]'
16-03-09 15:53:40.831 [main] DEBUG org.mybatis.spring.SqlSessionFactoryBean - Parsed mapper file: 'file [/Users/zhanghong/Desktop/work/server/ikongtiao/ikongtiao-dao/target/classes/mybatis/ikongtiao/Address.xml]'
16-03-09 15:53:40.849 [main] DEBUG org.mybatis.spring.SqlSessionFactoryBean - Parsed mapper file: 'file [/Users/zhanghong/Desktop/work/server/ikongtiao/ikongtiao-dao/target/classes/mybatis/ikongtiao/Admin.xml]'
16-03-09 15:53:40.857 [main] DEBUG org.mybatis.spring.SqlSessionFactoryBean - Parsed mapper file: 'file [/Users/zhanghong/Desktop/work/server/ikongtiao/ikongtiao-dao/target/classes/mybatis/ikongtiao/BusinessSettings.xml]'
16-03-09 15:53:40.866 [main] DEBUG org.mybatis.spring.SqlSessionFactoryBean - Parsed mapper file: 'file [/Users/zhanghong/Desktop/work/server/ikongtiao/ikongtiao-dao/target/classes/mybatis/ikongtiao/Comment.xml]'
16-03-09 15:53:40.892 [main] DEBUG org.mybatis.spring.SqlSessionFactoryBean - Parsed mapper file: 'file [/Users/zhanghong/Desktop/work/server/ikongtiao/ikongtiao-dao/target/classes/mybatis/ikongtiao/Fixer.xml]'
16-03-09 15:53:40.902 [main] DEBUG org.mybatis.spring.SqlSessionFactoryBean - Parsed mapper file: 'file [/Users/zhanghong/Desktop/work/server/ikongtiao/ikongtiao-dao/target/classes/mybatis/ikongtiao/FixerCertInfo.xml]'
16-03-09 15:53:40.912 [main] DEBUG org.mybatis.spring.SqlSessionFactoryBean - Parsed mapper file: 'file [/Users/zhanghong/Desktop/work/server/ikongtiao/ikongtiao-dao/target/classes/mybatis/ikongtiao/FixerDevice.xml]'
16-03-09 15:53:40.921 [main] DEBUG org.mybatis.spring.SqlSessionFactoryBean - Parsed mapper file: 'file [/Users/zhanghong/Desktop/work/server/ikongtiao/ikongtiao-dao/target/classes/mybatis/ikongtiao/FixerInsuranceInfo.xml]'
16-03-09 15:53:40.932 [main] DEBUG org.mybatis.spring.SqlSessionFactoryBean - Parsed mapper file: 'file [/Users/zhanghong/Desktop/work/server/ikongtiao/ikongtiao-dao/target/classes/mybatis/ikongtiao/FixerProfessionInfo.xml]'
16-03-09 15:53:40.939 [main] DEBUG org.mybatis.spring.SqlSessionFactoryBean - Parsed mapper file: 'file [/Users/zhanghong/Desktop/work/server/ikongtiao/ikongtiao-dao/target/classes/mybatis/ikongtiao/GetuiClientId.xml]'
16-03-09 15:53:40.949 [main] DEBUG org.mybatis.spring.SqlSessionFactoryBean - Parsed mapper file: 'file [/Users/zhanghong/Desktop/work/server/ikongtiao/ikongtiao-dao/target/classes/mybatis/ikongtiao/ImMessage.xml]'
16-03-09 15:53:40.965 [main] DEBUG org.mybatis.spring.SqlSessionFactoryBean - Parsed mapper file: 'file [/Users/zhanghong/Desktop/work/server/ikongtiao/ikongtiao-dao/target/classes/mybatis/ikongtiao/ImToken.xml]'
16-03-09 15:53:40.974 [main] DEBUG org.mybatis.spring.SqlSessionFactoryBean - Parsed mapper file: 'file [/Users/zhanghong/Desktop/work/server/ikongtiao/ikongtiao-dao/target/classes/mybatis/ikongtiao/MachineType.xml]'
16-03-09 15:53:40.985 [main] DEBUG org.mybatis.spring.SqlSessionFactoryBean - Parsed mapper file: 'file [/Users/zhanghong/Desktop/work/server/ikongtiao/ikongtiao-dao/target/classes/mybatis/ikongtiao/MicroCode.xml]'
16-03-09 15:53:40.993 [main] DEBUG org.mybatis.spring.SqlSessionFactoryBean - Parsed mapper file: 'file [/Users/zhanghong/Desktop/work/server/ikongtiao/ikongtiao-dao/target/classes/mybatis/ikongtiao/Mission.xml]'
16-03-09 15:53:41.048 [main] DEBUG org.mybatis.spring.SqlSessionFactoryBean - Parsed mapper file: 'file [/Users/zhanghong/Desktop/work/server/ikongtiao/ikongtiao-dao/target/classes/mybatis/ikongtiao/MissionAddress.xml]'
16-03-09 15:53:41.057 [main] DEBUG org.mybatis.spring.SqlSessionFactoryBean - Parsed mapper file: 'file [/Users/zhanghong/Desktop/work/server/ikongtiao/ikongtiao-dao/target/classes/mybatis/ikongtiao/MissionImg.xml]'
16-03-09 15:53:41.064 [main] DEBUG org.mybatis.spring.SqlSessionFactoryBean - Parsed mapper file: 'file [/Users/zhanghong/Desktop/work/server/ikongtiao/ikongtiao-dao/target/classes/mybatis/ikongtiao/PaymentInfo.xml]'
16-03-09 15:53:41.073 [main] DEBUG org.mybatis.spring.SqlSessionFactoryBean - Parsed mapper file: 'file [/Users/zhanghong/Desktop/work/server/ikongtiao/ikongtiao-dao/target/classes/mybatis/ikongtiao/RepairOrder.xml]'
16-03-09 15:53:41.078 [main] DEBUG org.mybatis.spring.SqlSessionFactoryBean - Parsed mapper file: 'file [/Users/zhanghong/Desktop/work/server/ikongtiao/ikongtiao-dao/target/classes/mybatis/ikongtiao/RepairOrderAuditInfo.xml]'
16-03-09 15:53:41.081 [main] DEBUG org.mybatis.spring.SqlSessionFactoryBean - Parsed mapper file: 'file [/Users/zhanghong/Desktop/work/server/ikongtiao/ikongtiao-dao/target/classes/mybatis/ikongtiao/Sequence.xml]'
16-03-09 15:53:41.086 [main] DEBUG org.mybatis.spring.SqlSessionFactoryBean - Parsed mapper file: 'file [/Users/zhanghong/Desktop/work/server/ikongtiao/ikongtiao-dao/target/classes/mybatis/ikongtiao/SystemParam.xml]'
16-03-09 15:53:41.092 [main] DEBUG org.mybatis.spring.SqlSessionFactoryBean - Parsed mapper file: 'file [/Users/zhanghong/Desktop/work/server/ikongtiao/ikongtiao-dao/target/classes/mybatis/ikongtiao/UserAuthAction.xml]'
16-03-09 15:53:41.100 [main] DEBUG org.mybatis.spring.SqlSessionFactoryBean - Parsed mapper file: 'file [/Users/zhanghong/Desktop/work/server/ikongtiao/ikongtiao-dao/target/classes/mybatis/ikongtiao/UserInfo.xml]'
16-03-09 15:53:41.108 [main] DEBUG org.mybatis.spring.SqlSessionFactoryBean - Parsed mapper file: 'file [/Users/zhanghong/Desktop/work/server/ikongtiao/ikongtiao-dao/target/classes/mybatis/ikongtiao-mix/MissionDto.xml]'
16-03-09 15:53:41.116 [main] DEBUG org.mybatis.spring.SqlSessionFactoryBean - Parsed mapper file: 'file [/Users/zhanghong/Desktop/work/server/ikongtiao/ikongtiao-dao/target/classes/mybatis/ikongtiao-mix/UserInfoDto.xml]'
16-03-09 15:53:43.055 [main] DEBUG org.mybatis.spring.SqlSessionUtils - Creating a new SqlSession
16-03-09 15:53:43.060 [main] DEBUG org.mybatis.spring.SqlSessionUtils - SqlSession [org.apache.ibatis.session.defaults.DefaultSqlSession@151ab2b9] was not registered for synchronization because synchronization is not active
16-03-09 15:53:43.478 [main] DEBUG org.mybatis.spring.transaction.SpringManagedTransaction - JDBC Connection [com.mchange.v2.c3p0.impl.NewProxyConnection@1f66d8e1] will not be managed by Spring
16-03-09 15:53:43.510 [main] DEBUG org.mybatis.spring.SqlSessionUtils - Closing non transactional SqlSession [org.apache.ibatis.session.defaults.DefaultSqlSession@151ab2b9]
16-03-09 20:21:57.070 [main] DEBUG org.mybatis.spring.SqlSessionFactoryBean - Parsed configuration file: 'class path resource [mybatis/sqlMapConfig.xml]'
16-03-09 20:21:57.134 [main] DEBUG org.mybatis.spring.SqlSessionFactoryBean - Parsed mapper file: 'file [/Users/zhanghong/Desktop/work/server/ikongtiao/ikongtiao-dao/target/classes/mybatis/ikongtiao/Accessory.xml]'
16-03-09 20:21:57.145 [main] DEBUG org.mybatis.spring.SqlSessionFactoryBean - Parsed mapper file: 'file [/Users/zhanghong/Desktop/work/server/ikongtiao/ikongtiao-dao/target/classes/mybatis/ikongtiao/Address.xml]'
16-03-09 20:21:57.159 [main] DEBUG org.mybatis.spring.SqlSessionFactoryBean - Parsed mapper file: 'file [/Users/zhanghong/Desktop/work/server/ikongtiao/ikongtiao-dao/target/classes/mybatis/ikongtiao/Admin.xml]'
16-03-09 20:21:57.166 [main] DEBUG org.mybatis.spring.SqlSessionFactoryBean - Parsed mapper file: 'file [/Users/zhanghong/Desktop/work/server/ikongtiao/ikongtiao-dao/target/classes/mybatis/ikongtiao/BusinessSettings.xml]'
16-03-09 20:21:57.176 [main] DEBUG org.mybatis.spring.SqlSessionFactoryBean - Parsed mapper file: 'file [/Users/zhanghong/Desktop/work/server/ikongtiao/ikongtiao-dao/target/classes/mybatis/ikongtiao/Comment.xml]'
16-03-09 20:21:57.197 [main] DEBUG org.mybatis.spring.SqlSessionFactoryBean - Parsed mapper file: 'file [/Users/zhanghong/Desktop/work/server/ikongtiao/ikongtiao-dao/target/classes/mybatis/ikongtiao/Fixer.xml]'
16-03-09 20:21:57.206 [main] DEBUG org.mybatis.spring.SqlSessionFactoryBean - Parsed mapper file: 'file [/Users/zhanghong/Desktop/work/server/ikongtiao/ikongtiao-dao/target/classes/mybatis/ikongtiao/FixerCertInfo.xml]'
16-03-09 20:21:57.216 [main] DEBUG org.mybatis.spring.SqlSessionFactoryBean - Parsed mapper file: 'file [/Users/zhanghong/Desktop/work/server/ikongtiao/ikongtiao-dao/target/classes/mybatis/ikongtiao/FixerDevice.xml]'
16-03-09 20:21:57.226 [main] DEBUG org.mybatis.spring.SqlSessionFactoryBean - Parsed mapper file: 'file [/Users/zhanghong/Desktop/work/server/ikongtiao/ikongtiao-dao/target/classes/mybatis/ikongtiao/FixerInsuranceInfo.xml]'
16-03-09 20:21:57.232 [main] DEBUG org.mybatis.spring.SqlSessionFactoryBean - Parsed mapper file: 'file [/Users/zhanghong/Desktop/work/server/ikongtiao/ikongtiao-dao/target/classes/mybatis/ikongtiao/FixerProfessionInfo.xml]'
16-03-09 20:21:57.239 [main] DEBUG org.mybatis.spring.SqlSessionFactoryBean - Parsed mapper file: 'file [/Users/zhanghong/Desktop/work/server/ikongtiao/ikongtiao-dao/target/classes/mybatis/ikongtiao/GetuiClientId.xml]'
16-03-09 20:21:57.249 [main] DEBUG org.mybatis.spring.SqlSessionFactoryBean - Parsed mapper file: 'file [/Users/zhanghong/Desktop/work/server/ikongtiao/ikongtiao-dao/target/classes/mybatis/ikongtiao/ImMessage.xml]'
16-03-09 20:21:57.264 [main] DEBUG org.mybatis.spring.SqlSessionFactoryBean - Parsed mapper file: 'file [/Users/zhanghong/Desktop/work/server/ikongtiao/ikongtiao-dao/target/classes/mybatis/ikongtiao/ImToken.xml]'
16-03-09 20:21:57.275 [main] DEBUG org.mybatis.spring.SqlSessionFactoryBean - Parsed mapper file: 'file [/Users/zhanghong/Desktop/work/server/ikongtiao/ikongtiao-dao/target/classes/mybatis/ikongtiao/MachineType.xml]'
16-03-09 20:21:57.323 [main] DEBUG org.mybatis.spring.SqlSessionFactoryBean - Parsed mapper file: 'file [/Users/zhanghong/Desktop/work/server/ikongtiao/ikongtiao-dao/target/classes/mybatis/ikongtiao/MicroCode.xml]'
16-03-09 20:21:57.334 [main] DEBUG org.mybatis.spring.SqlSessionFactoryBean - Parsed mapper file: 'file [/Users/zhanghong/Desktop/work/server/ikongtiao/ikongtiao-dao/target/classes/mybatis/ikongtiao/Mission.xml]'
16-03-09 20:21:57.343 [main] DEBUG org.mybatis.spring.SqlSessionFactoryBean - Parsed mapper file: 'file [/Users/zhanghong/Desktop/work/server/ikongtiao/ikongtiao-dao/target/classes/mybatis/ikongtiao/MissionAddress.xml]'
16-03-09 20:21:57.350 [main] DEBUG org.mybatis.spring.SqlSessionFactoryBean - Parsed mapper file: 'file [/Users/zhanghong/Desktop/work/server/ikongtiao/ikongtiao-dao/target/classes/mybatis/ikongtiao/MissionImg.xml]'
16-03-09 20:21:57.357 [main] DEBUG org.mybatis.spring.SqlSessionFactoryBean - Parsed mapper file: 'file [/Users/zhanghong/Desktop/work/server/ikongtiao/ikongtiao-dao/target/classes/mybatis/ikongtiao/PaymentInfo.xml]'
16-03-09 20:21:57.367 [main] DEBUG org.mybatis.spring.SqlSessionFactoryBean - Parsed mapper file: 'file [/Users/zhanghong/Desktop/work/server/ikongtiao/ikongtiao-dao/target/classes/mybatis/ikongtiao/RepairOrder.xml]'
16-03-09 20:21:57.372 [main] DEBUG org.mybatis.spring.SqlSessionFactoryBean - Parsed mapper file: 'file [/Users/zhanghong/Desktop/work/server/ikongtiao/ikongtiao-dao/target/classes/mybatis/ikongtiao/RepairOrderAuditInfo.xml]'
16-03-09 20:21:57.376 [main] DEBUG org.mybatis.spring.SqlSessionFactoryBean - Parsed mapper file: 'file [/Users/zhanghong/Desktop/work/server/ikongtiao/ikongtiao-dao/target/classes/mybatis/ikongtiao/Sequence.xml]'
16-03-09 20:21:57.380 [main] DEBUG org.mybatis.spring.SqlSessionFactoryBean - Parsed mapper file: 'file [/Users/zhanghong/Desktop/work/server/ikongtiao/ikongtiao-dao/target/classes/mybatis/ikongtiao/SystemParam.xml]'
16-03-09 20:21:57.386 [main] DEBUG org.mybatis.spring.SqlSessionFactoryBean - Parsed mapper file: 'file [/Users/zhanghong/Desktop/work/server/ikongtiao/ikongtiao-dao/target/classes/mybatis/ikongtiao/UserAuthAction.xml]'
16-03-09 20:21:57.394 [main] DEBUG org.mybatis.spring.SqlSessionFactoryBean - Parsed mapper file: 'file [/Users/zhanghong/Desktop/work/server/ikongtiao/ikongtiao-dao/target/classes/mybatis/ikongtiao/UserInfo.xml]'
16-03-09 20:21:57.402 [main] DEBUG org.mybatis.spring.SqlSessionFactoryBean - Parsed mapper file: 'file [/Users/zhanghong/Desktop/work/server/ikongtiao/ikongtiao-dao/target/classes/mybatis/ikongtiao-mix/MissionDto.xml]'
16-03-09 20:21:57.409 [main] DEBUG org.mybatis.spring.SqlSessionFactoryBean - Parsed mapper file: 'file [/Users/zhanghong/Desktop/work/server/ikongtiao/ikongtiao-dao/target/classes/mybatis/ikongtiao-mix/UserInfoDto.xml]'
16-03-09 20:22:00.266 [main] DEBUG org.mybatis.spring.SqlSessionUtils - Creating a new SqlSession
16-03-09 20:22:00.271 [main] DEBUG org.mybatis.spring.SqlSessionUtils - SqlSession [org.apache.ibatis.session.defaults.DefaultSqlSession@7126e26] was not registered for synchronization because synchronization is not active
16-03-09 20:22:00.769 [main] DEBUG org.mybatis.spring.transaction.SpringManagedTransaction - JDBC Connection [com.mchange.v2.c3p0.impl.NewProxyConnection@3a7c678b] will not be managed by Spring
16-03-09 20:22:00.814 [main] DEBUG org.mybatis.spring.SqlSessionUtils - Closing non transactional SqlSession [org.apache.ibatis.session.defaults.DefaultSqlSession@7126e26]
